2020-04-01 10:43:50 [main] INFO  com.julong.deanInquire.DeanInquiryApplicationTests - Starting DeanInquiryApplicationTests on Win-1811022255 with PID 6044 (started by Administrator in D:\weixin\project\deanInquire)
2020-04-01 10:43:50 [main] INFO  com.julong.deanInquire.DeanInquiryApplicationTests - No active profile set, falling back to default profiles: default
2020-04-01 10:43:52 [main] INFO  o.s.d.r.config.RepositoryConfigurationDelegate - Multiple Spring Data modules found, entering strict repository configuration mode!
2020-04-01 10:43:52 [main] INFO  o.s.d.r.config.RepositoryConfigurationDelegate - Bootstrapping Spring Data Redis repositories in DEFAULT mode.
2020-04-01 10:43:52 [main] INFO  o.s.d.r.config.RepositoryConfigurationDelegate - Finished Spring Data repository scanning in 44ms. Found 0 Redis repository interfaces.
2020-04-01 10:43:52 [main] INFO  o.s.c.s.PostProcessorRegistrationDelegate$BeanPostProcessorChecker - Bean 'org.springframework.transaction.annotation.ProxyTransactionManagementConfiguration' of type [org.springframework.transaction.annotation.ProxyTransactionManagementConfiguration] is not eligible for getting processed by all BeanPostProcessors (for example: not eligible for auto-proxying)
2020-04-01 10:43:55 [main] INFO  o.s.scheduling.concurrent.ThreadPoolTaskExecutor - Initializing ExecutorService 'applicationTaskExecutor'
2020-04-01 10:43:55 [main] INFO  o.s.b.a.web.servlet.WelcomePageHandlerMapping - Adding welcome page template: index
2020-04-01 10:43:56 [main] INFO  com.julong.deanInquire.DeanInquiryApplicationTests - Started DeanInquiryApplicationTests in 6.695 seconds (JVM running for 8.284)
2020-04-01 10:43:57 [SpringContextShutdownHook] INFO  o.s.scheduling.concurrent.ThreadPoolTaskExecutor - Shutting down ExecutorService 'applicationTaskExecutor'
2020-04-01 10:54:24 [main] INFO  com.julong.deanInquire.DeanInquiryApplicationTests - Starting DeanInquiryApplicationTests on Win-1811022255 with PID 5276 (started by Administrator in D:\weixin\project\deanInquire)
2020-04-01 10:54:24 [main] INFO  com.julong.deanInquire.DeanInquiryApplicationTests - No active profile set, falling back to default profiles: default
2020-04-01 10:54:25 [main] INFO  o.s.d.r.config.RepositoryConfigurationDelegate - Multiple Spring Data modules found, entering strict repository configuration mode!
2020-04-01 10:54:25 [main] INFO  o.s.d.r.config.RepositoryConfigurationDelegate - Bootstrapping Spring Data Redis repositories in DEFAULT mode.
2020-04-01 10:54:25 [main] INFO  o.s.d.r.config.RepositoryConfigurationDelegate - Finished Spring Data repository scanning in 38ms. Found 0 Redis repository interfaces.
2020-04-01 10:54:26 [main] INFO  o.s.c.s.PostProcessorRegistrationDelegate$BeanPostProcessorChecker - Bean 'org.springframework.transaction.annotation.ProxyTransactionManagementConfiguration' of type [org.springframework.transaction.annotation.ProxyTransactionManagementConfiguration] is not eligible for getting processed by all BeanPostProcessors (for example: not eligible for auto-proxying)
2020-04-01 10:54:29 [main] INFO  o.s.scheduling.concurrent.ThreadPoolTaskExecutor - Initializing ExecutorService 'applicationTaskExecutor'
2020-04-01 10:54:29 [main] INFO  o.s.b.a.web.servlet.WelcomePageHandlerMapping - Adding welcome page template: index
2020-04-01 10:54:30 [main] INFO  com.julong.deanInquire.DeanInquiryApplicationTests - Started DeanInquiryApplicationTests in 6.371 seconds (JVM running for 8.06)
2020-04-01 10:54:30 [SpringContextShutdownHook] INFO  o.s.scheduling.concurrent.ThreadPoolTaskExecutor - Shutting down ExecutorService 'applicationTaskExecutor'
2020-04-01 11:04:46 [main] INFO  com.julong.deanInquire.DeanInquiryApplication - Starting DeanInquiryApplication on Win-1811022255 with PID 7304 (D:\weixin\project\deanInquire\target\classes started by Administrator in D:\weixin\project\deanInquire)
2020-04-01 11:04:46 [main] INFO  com.julong.deanInquire.DeanInquiryApplication - No active profile set, falling back to default profiles: default
2020-04-01 11:04:46 [main] INFO  o.s.d.r.config.RepositoryConfigurationDelegate - Multiple Spring Data modules found, entering strict repository configuration mode!
2020-04-01 11:04:46 [main] INFO  o.s.d.r.config.RepositoryConfigurationDelegate - Bootstrapping Spring Data Redis repositories in DEFAULT mode.
2020-04-01 11:04:47 [main] INFO  o.s.d.r.config.RepositoryConfigurationDelegate - Finished Spring Data repository scanning in 30ms. Found 0 Redis repository interfaces.
2020-04-01 11:04:47 [main] INFO  o.s.c.s.PostProcessorRegistrationDelegate$BeanPostProcessorChecker - Bean 'org.springframework.transaction.annotation.ProxyTransactionManagementConfiguration' of type [org.springframework.transaction.annotation.ProxyTransactionManagementConfiguration] is not eligible for getting processed by all BeanPostProcessors (for example: not eligible for auto-proxying)
2020-04-01 11:04:47 [main] INFO  o.s.boot.web.embedded.tomcat.TomcatWebServer - Tomcat initialized with port(s): 8080 (http)
2020-04-01 11:04:47 [main] INFO  org.apache.coyote.http11.Http11NioProtocol - Initializing ProtocolHandler ["http-nio-8080"]
2020-04-01 11:04:47 [main] INFO  org.apache.catalina.core.StandardService - Starting service [Tomcat]
2020-04-01 11:04:47 [main] INFO  org.apache.catalina.core.StandardEngine - Starting Servlet engine: [Apache Tomcat/9.0.30]
2020-04-01 11:04:47 [main] INFO  o.a.c.core.ContainerBase.[Tomcat].[localhost].[/] - Initializing Spring embedded WebApplicationContext
2020-04-01 11:04:47 [main] INFO  org.springframework.web.context.ContextLoader - Root WebApplicationContext: initialization completed in 1827 ms
2020-04-01 11:04:49 [main] INFO  o.s.scheduling.concurrent.ThreadPoolTaskExecutor - Initializing ExecutorService 'applicationTaskExecutor'
2020-04-01 11:04:49 [main] INFO  o.s.b.a.web.servlet.WelcomePageHandlerMapping - Adding welcome page template: index
2020-04-01 11:04:50 [main] INFO  org.apache.coyote.http11.Http11NioProtocol - Starting ProtocolHandler ["http-nio-8080"]
2020-04-01 11:04:50 [main] INFO  o.s.boot.web.embedded.tomcat.TomcatWebServer - Tomcat started on port(s): 8080 (http) with context path ''
2020-04-01 11:04:50 [main] INFO  com.julong.deanInquire.DeanInquiryApplication - Started DeanInquiryApplication in 5.502 seconds (JVM running for 8.682)
2020-04-01 11:04:55 [http-nio-8080-exec-2] INFO  o.a.c.core.ContainerBase.[Tomcat].[localhost].[/] - Initializing Spring DispatcherServlet 'dispatcherServlet'
2020-04-01 11:04:55 [http-nio-8080-exec-2] INFO  org.springframework.web.servlet.DispatcherServlet - Initializing Servlet 'dispatcherServlet'
2020-04-01 11:04:55 [http-nio-8080-exec-2] INFO  org.springframework.web.servlet.DispatcherServlet - Completed initialization in 13 ms
2020-04-01 11:04:55 [http-nio-8080-exec-2] INFO  com.zaxxer.hikari.HikariDataSource - HikariPool-1 - Starting...
2020-04-01 11:04:55 [http-nio-8080-exec-2] WARN  com.zaxxer.hikari.util.DriverDataSource - Registered driver with driverClassName=oracle.jdbc.driver.OracleDriver was not found, trying direct instantiation.
2020-04-01 11:04:56 [http-nio-8080-exec-2] INFO  com.zaxxer.hikari.HikariDataSource - HikariPool-1 - Start completed.
2020-04-01 11:04:56 [http-nio-8080-exec-2] INFO  com.julong.deanInquire.controller.UserController - 登录成功
2020-04-01 11:07:14 [main] INFO  com.julong.deanInquire.DeanInquiryApplicationTests - Starting DeanInquiryApplicationTests on Win-1811022255 with PID 1248 (started by Administrator in D:\weixin\project\deanInquire)
2020-04-01 11:07:14 [main] INFO  com.julong.deanInquire.DeanInquiryApplicationTests - No active profile set, falling back to default profiles: default
2020-04-01 11:07:15 [main] INFO  o.s.d.r.config.RepositoryConfigurationDelegate - Multiple Spring Data modules found, entering strict repository configuration mode!
2020-04-01 11:07:15 [main] INFO  o.s.d.r.config.RepositoryConfigurationDelegate - Bootstrapping Spring Data Redis repositories in DEFAULT mode.
2020-04-01 11:07:15 [main] INFO  o.s.d.r.config.RepositoryConfigurationDelegate - Finished Spring Data repository scanning in 50ms. Found 0 Redis repository interfaces.
2020-04-01 11:07:16 [main] INFO  o.s.c.s.PostProcessorRegistrationDelegate$BeanPostProcessorChecker - Bean 'org.springframework.transaction.annotation.ProxyTransactionManagementConfiguration' of type [org.springframework.transaction.annotation.ProxyTransactionManagementConfiguration] is not eligible for getting processed by all BeanPostProcessors (for example: not eligible for auto-proxying)
2020-04-01 11:07:19 [main] INFO  o.s.scheduling.concurrent.ThreadPoolTaskExecutor - Initializing ExecutorService 'applicationTaskExecutor'
2020-04-01 11:07:20 [main] INFO  o.s.b.a.web.servlet.WelcomePageHandlerMapping - Adding welcome page template: index
2020-04-01 11:07:21 [main] INFO  com.julong.deanInquire.DeanInquiryApplicationTests - Started DeanInquiryApplicationTests in 8.193 seconds (JVM running for 10.099)
2020-04-01 11:07:21 [SpringContextShutdownHook] INFO  o.s.scheduling.concurrent.ThreadPoolTaskExecutor - Shutting down ExecutorService 'applicationTaskExecutor'
2020-04-01 11:14:25 [main] INFO  com.julong.deanInquire.DeanInquiryApplication - Starting DeanInquiryApplication on Win-1811022255 with PID 6328 (D:\weixin\project\deanInquire\target\classes started by Administrator in D:\weixin\project\deanInquire)
2020-04-01 11:14:25 [main] INFO  com.julong.deanInquire.DeanInquiryApplication - No active profile set, falling back to default profiles: default
2020-04-01 11:14:26 [main] INFO  o.s.d.r.config.RepositoryConfigurationDelegate - Multiple Spring Data modules found, entering strict repository configuration mode!
2020-04-01 11:14:26 [main] INFO  o.s.d.r.config.RepositoryConfigurationDelegate - Bootstrapping Spring Data Redis repositories in DEFAULT mode.
2020-04-01 11:14:26 [main] INFO  o.s.d.r.config.RepositoryConfigurationDelegate - Finished Spring Data repository scanning in 23ms. Found 0 Redis repository interfaces.
2020-04-01 11:14:27 [main] INFO  o.s.c.s.PostProcessorRegistrationDelegate$BeanPostProcessorChecker - Bean 'org.springframework.transaction.annotation.ProxyTransactionManagementConfiguration' of type [org.springframework.transaction.annotation.ProxyTransactionManagementConfiguration] is not eligible for getting processed by all BeanPostProcessors (for example: not eligible for auto-proxying)
2020-04-01 11:14:27 [main] INFO  o.s.boot.web.embedded.tomcat.TomcatWebServer - Tomcat initialized with port(s): 8080 (http)
2020-04-01 11:14:27 [main] INFO  org.apache.coyote.http11.Http11NioProtocol - Initializing ProtocolHandler ["http-nio-8080"]
2020-04-01 11:14:27 [main] INFO  org.apache.catalina.core.StandardService - Starting service [Tomcat]
2020-04-01 11:14:27 [main] INFO  org.apache.catalina.core.StandardEngine - Starting Servlet engine: [Apache Tomcat/9.0.30]
2020-04-01 11:14:27 [main] INFO  o.a.c.core.ContainerBase.[Tomcat].[localhost].[/] - Initializing Spring embedded WebApplicationContext
2020-04-01 11:14:27 [main] INFO  org.springframework.web.context.ContextLoader - Root WebApplicationContext: initialization completed in 1578 ms
2020-04-01 11:14:28 [main] INFO  o.s.scheduling.concurrent.ThreadPoolTaskExecutor - Initializing ExecutorService 'applicationTaskExecutor'
2020-04-01 11:14:28 [main] INFO  o.s.b.a.web.servlet.WelcomePageHandlerMapping - Adding welcome page template: index
2020-04-01 11:14:29 [main] INFO  org.apache.coyote.http11.Http11NioProtocol - Starting ProtocolHandler ["http-nio-8080"]
2020-04-01 11:14:29 [main] INFO  o.s.boot.web.embedded.tomcat.TomcatWebServer - Tomcat started on port(s): 8080 (http) with context path ''
2020-04-01 11:14:29 [main] INFO  com.julong.deanInquire.DeanInquiryApplication - Started DeanInquiryApplication in 4.39 seconds (JVM running for 6.116)
2020-04-01 11:17:23 [main] INFO  com.julong.deanInquire.DeanInquiryApplicationTests - Starting DeanInquiryApplicationTests on Win-1811022255 with PID 7404 (started by Administrator in D:\weixin\project\deanInquire)
2020-04-01 11:17:23 [main] INFO  com.julong.deanInquire.DeanInquiryApplicationTests - No active profile set, falling back to default profiles: default
2020-04-01 11:17:24 [main] INFO  o.s.d.r.config.RepositoryConfigurationDelegate - Multiple Spring Data modules found, entering strict repository configuration mode!
2020-04-01 11:17:24 [main] INFO  o.s.d.r.config.RepositoryConfigurationDelegate - Bootstrapping Spring Data Redis repositories in DEFAULT mode.
2020-04-01 11:17:24 [main] INFO  o.s.d.r.config.RepositoryConfigurationDelegate - Finished Spring Data repository scanning in 42ms. Found 0 Redis repository interfaces.
2020-04-01 11:17:25 [main] INFO  o.s.c.s.PostProcessorRegistrationDelegate$BeanPostProcessorChecker - Bean 'org.springframework.transaction.annotation.ProxyTransactionManagementConfiguration' of type [org.springframework.transaction.annotation.ProxyTransactionManagementConfiguration] is not eligible for getting processed by all BeanPostProcessors (for example: not eligible for auto-proxying)
2020-04-01 11:17:28 [main] INFO  o.s.scheduling.concurrent.ThreadPoolTaskExecutor - Initializing ExecutorService 'applicationTaskExecutor'
2020-04-01 11:17:28 [main] INFO  o.s.b.a.web.servlet.WelcomePageHandlerMapping - Adding welcome page template: index
2020-04-01 11:17:29 [main] INFO  com.julong.deanInquire.DeanInquiryApplicationTests - Started DeanInquiryApplicationTests in 6.495 seconds (JVM running for 8.103)
2020-04-01 11:17:29 [SpringContextShutdownHook] INFO  o.s.scheduling.concurrent.ThreadPoolTaskExecutor - Shutting down ExecutorService 'applicationTaskExecutor'
2020-04-01 11:20:36 [main] INFO  com.julong.deanInquire.DeanInquiryApplication - Starting DeanInquiryApplication on Win-1811022255 with PID 8028 (D:\weixin\project\deanInquire\target\classes started by Administrator in D:\weixin\project\deanInquire)
2020-04-01 11:20:36 [main] INFO  com.julong.deanInquire.DeanInquiryApplication - No active profile set, falling back to default profiles: default
2020-04-01 11:20:37 [main] INFO  o.s.d.r.config.RepositoryConfigurationDelegate - Multiple Spring Data modules found, entering strict repository configuration mode!
2020-04-01 11:20:37 [main] INFO  o.s.d.r.config.RepositoryConfigurationDelegate - Bootstrapping Spring Data Redis repositories in DEFAULT mode.
2020-04-01 11:20:37 [main] INFO  o.s.d.r.config.RepositoryConfigurationDelegate - Finished Spring Data repository scanning in 22ms. Found 0 Redis repository interfaces.
2020-04-01 11:20:37 [main] INFO  o.s.c.s.PostProcessorRegistrationDelegate$BeanPostProcessorChecker - Bean 'org.springframework.transaction.annotation.ProxyTransactionManagementConfiguration' of type [org.springframework.transaction.annotation.ProxyTransactionManagementConfiguration] is not eligible for getting processed by all BeanPostProcessors (for example: not eligible for auto-proxying)
2020-04-01 11:20:37 [main] INFO  o.s.boot.web.embedded.tomcat.TomcatWebServer - Tomcat initialized with port(s): 8080 (http)
2020-04-01 11:20:37 [main] INFO  org.apache.coyote.http11.Http11NioProtocol - Initializing ProtocolHandler ["http-nio-8080"]
2020-04-01 11:20:37 [main] INFO  org.apache.catalina.core.StandardService - Starting service [Tomcat]
2020-04-01 11:20:37 [main] INFO  org.apache.catalina.core.StandardEngine - Starting Servlet engine: [Apache Tomcat/9.0.30]
2020-04-01 11:20:37 [main] INFO  o.a.c.core.ContainerBase.[Tomcat].[localhost].[/] - Initializing Spring embedded WebApplicationContext
2020-04-01 11:20:37 [main] INFO  org.springframework.web.context.ContextLoader - Root WebApplicationContext: initialization completed in 1536 ms
2020-04-01 11:20:38 [main] INFO  o.s.scheduling.concurrent.ThreadPoolTaskExecutor - Initializing ExecutorService 'applicationTaskExecutor'
2020-04-01 11:20:38 [main] INFO  o.s.b.a.web.servlet.WelcomePageHandlerMapping - Adding welcome page template: index
2020-04-01 11:20:39 [main] INFO  org.apache.coyote.http11.Http11NioProtocol - Starting ProtocolHandler ["http-nio-8080"]
2020-04-01 11:20:39 [main] INFO  o.s.boot.web.embedded.tomcat.TomcatWebServer - Tomcat started on port(s): 8080 (http) with context path ''
2020-04-01 11:20:39 [main] INFO  com.julong.deanInquire.DeanInquiryApplication - Started DeanInquiryApplication in 4.735 seconds (JVM running for 6.089)
2020-04-01 11:21:15 [http-nio-8080-exec-1] INFO  o.a.c.core.ContainerBase.[Tomcat].[localhost].[/] - Initializing Spring DispatcherServlet 'dispatcherServlet'
2020-04-01 11:21:15 [http-nio-8080-exec-1] INFO  org.springframework.web.servlet.DispatcherServlet - Initializing Servlet 'dispatcherServlet'
2020-04-01 11:21:15 [http-nio-8080-exec-1] INFO  org.springframework.web.servlet.DispatcherServlet - Completed initialization in 9 ms
2020-04-01 11:21:15 [http-nio-8080-exec-1] INFO  com.zaxxer.hikari.HikariDataSource - HikariPool-1 - Starting...
2020-04-01 11:21:15 [http-nio-8080-exec-1] WARN  com.zaxxer.hikari.util.DriverDataSource - Registered driver with driverClassName=oracle.jdbc.driver.OracleDriver was not found, trying direct instantiation.
2020-04-01 11:21:16 [http-nio-8080-exec-1] INFO  com.zaxxer.hikari.HikariDataSource - HikariPool-1 - Start completed.
2020-04-01 11:21:16 [http-nio-8080-exec-1] INFO  com.julong.deanInquire.controller.UserController - 登录成功
2020-04-01 11:26:29 [main] INFO  com.julong.deanInquire.DeanInquiryApplicationTests - Starting DeanInquiryApplicationTests on Win-1811022255 with PID 1824 (started by Administrator in D:\weixin\project\deanInquire)
2020-04-01 11:26:29 [main] INFO  com.julong.deanInquire.DeanInquiryApplicationTests - No active profile set, falling back to default profiles: default
2020-04-01 11:26:30 [main] INFO  o.s.d.r.config.RepositoryConfigurationDelegate - Multiple Spring Data modules found, entering strict repository configuration mode!
2020-04-01 11:26:30 [main] INFO  o.s.d.r.config.RepositoryConfigurationDelegate - Bootstrapping Spring Data Redis repositories in DEFAULT mode.
2020-04-01 11:26:30 [main] INFO  o.s.d.r.config.RepositoryConfigurationDelegate - Finished Spring Data repository scanning in 40ms. Found 0 Redis repository interfaces.
2020-04-01 11:26:31 [main] INFO  o.s.c.s.PostProcessorRegistrationDelegate$BeanPostProcessorChecker - Bean 'org.springframework.transaction.annotation.ProxyTransactionManagementConfiguration' of type [org.springframework.transaction.annotation.ProxyTransactionManagementConfiguration] is not eligible for getting processed by all BeanPostProcessors (for example: not eligible for auto-proxying)
2020-04-01 11:26:33 [main] INFO  o.s.scheduling.concurrent.ThreadPoolTaskExecutor - Initializing ExecutorService 'applicationTaskExecutor'
2020-04-01 11:26:34 [main] INFO  o.s.b.a.web.servlet.WelcomePageHandlerMapping - Adding welcome page template: index
2020-04-01 11:26:35 [main] INFO  com.julong.deanInquire.DeanInquiryApplicationTests - Started DeanInquiryApplicationTests in 6.889 seconds (JVM running for 8.604)
2020-04-01 11:26:35 [SpringContextShutdownHook] INFO  o.s.scheduling.concurrent.ThreadPoolTaskExecutor - Shutting down ExecutorService 'applicationTaskExecutor'
2020-04-01 11:50:29 [main] INFO  com.julong.deanInquire.DeanInquiryApplication - Starting DeanInquiryApplication on Win-1811022255 with PID 7864 (D:\weixin\project\deanInquire\target\classes started by Administrator in D:\weixin\project\deanInquire)
2020-04-01 11:50:29 [main] INFO  com.julong.deanInquire.DeanInquiryApplication - No active profile set, falling back to default profiles: default
2020-04-01 11:50:31 [main] INFO  o.s.d.r.config.RepositoryConfigurationDelegate - Multiple Spring Data modules found, entering strict repository configuration mode!
2020-04-01 11:50:31 [main] INFO  o.s.d.r.config.RepositoryConfigurationDelegate - Bootstrapping Spring Data Redis repositories in DEFAULT mode.
2020-04-01 11:50:31 [main] INFO  o.s.d.r.config.RepositoryConfigurationDelegate - Finished Spring Data repository scanning in 26ms. Found 0 Redis repository interfaces.
2020-04-01 11:50:32 [main] INFO  o.s.c.s.PostProcessorRegistrationDelegate$BeanPostProcessorChecker - Bean 'org.springframework.transaction.annotation.ProxyTransactionManagementConfiguration' of type [org.springframework.transaction.annotation.ProxyTransactionManagementConfiguration] is not eligible for getting processed by all BeanPostProcessors (for example: not eligible for auto-proxying)
2020-04-01 11:50:32 [main] INFO  o.s.boot.web.embedded.tomcat.TomcatWebServer - Tomcat initialized with port(s): 8080 (http)
2020-04-01 11:50:32 [main] INFO  org.apache.coyote.http11.Http11NioProtocol - Initializing ProtocolHandler ["http-nio-8080"]
2020-04-01 11:50:32 [main] INFO  org.apache.catalina.core.StandardService - Starting service [Tomcat]
2020-04-01 11:50:32 [main] INFO  org.apache.catalina.core.StandardEngine - Starting Servlet engine: [Apache Tomcat/9.0.30]
2020-04-01 11:50:32 [main] INFO  o.a.c.core.ContainerBase.[Tomcat].[localhost].[/] - Initializing Spring embedded WebApplicationContext
2020-04-01 11:50:32 [main] INFO  org.springframework.web.context.ContextLoader - Root WebApplicationContext: initialization completed in 2230 ms
2020-04-01 11:50:33 [main] INFO  o.s.scheduling.concurrent.ThreadPoolTaskExecutor - Initializing ExecutorService 'applicationTaskExecutor'
2020-04-01 11:50:33 [main] INFO  o.s.b.a.web.servlet.WelcomePageHandlerMapping - Adding welcome page template: index
2020-04-01 11:50:33 [main] INFO  org.apache.coyote.http11.Http11NioProtocol - Starting ProtocolHandler ["http-nio-8080"]
2020-04-01 11:50:33 [main] INFO  org.apache.coyote.http11.Http11NioProtocol - Pausing ProtocolHandler ["http-nio-8080"]
2020-04-01 11:50:33 [main] INFO  org.apache.catalina.core.StandardService - Stopping service [Tomcat]
2020-04-01 11:50:33 [main] INFO  org.apache.coyote.http11.Http11NioProtocol - Stopping ProtocolHandler ["http-nio-8080"]
2020-04-01 11:50:33 [main] INFO  org.apache.coyote.http11.Http11NioProtocol - Destroying ProtocolHandler ["http-nio-8080"]
2020-04-01 11:50:33 [main] INFO  o.s.b.a.l.ConditionEvaluationReportLoggingListener - 

Error starting ApplicationContext. To display the conditions report re-run your application with 'debug' enabled.
2020-04-01 11:50:33 [main] INFO  o.s.scheduling.concurrent.ThreadPoolTaskExecutor - Shutting down ExecutorService 'applicationTaskExecutor'
2020-04-01 11:51:08 [main] INFO  com.julong.deanInquire.DeanInquiryApplication - Starting DeanInquiryApplication on Win-1811022255 with PID 7028 (D:\weixin\project\deanInquire\target\classes started by Administrator in D:\weixin\project\deanInquire)
2020-04-01 11:51:08 [main] INFO  com.julong.deanInquire.DeanInquiryApplication - No active profile set, falling back to default profiles: default
2020-04-01 11:51:09 [main] INFO  o.s.d.r.config.RepositoryConfigurationDelegate - Multiple Spring Data modules found, entering strict repository configuration mode!
2020-04-01 11:51:09 [main] INFO  o.s.d.r.config.RepositoryConfigurationDelegate - Bootstrapping Spring Data Redis repositories in DEFAULT mode.
2020-04-01 11:51:09 [main] INFO  o.s.d.r.config.RepositoryConfigurationDelegate - Finished Spring Data repository scanning in 22ms. Found 0 Redis repository interfaces.
2020-04-01 11:51:09 [main] INFO  o.s.c.s.PostProcessorRegistrationDelegate$BeanPostProcessorChecker - Bean 'org.springframework.transaction.annotation.ProxyTransactionManagementConfiguration' of type [org.springframework.transaction.annotation.ProxyTransactionManagementConfiguration] is not eligible for getting processed by all BeanPostProcessors (for example: not eligible for auto-proxying)
2020-04-01 11:51:10 [main] INFO  o.s.boot.web.embedded.tomcat.TomcatWebServer - Tomcat initialized with port(s): 8080 (http)
2020-04-01 11:51:10 [main] INFO  org.apache.coyote.http11.Http11NioProtocol - Initializing ProtocolHandler ["http-nio-8080"]
2020-04-01 11:51:10 [main] INFO  org.apache.catalina.core.StandardService - Starting service [Tomcat]
2020-04-01 11:51:10 [main] INFO  org.apache.catalina.core.StandardEngine - Starting Servlet engine: [Apache Tomcat/9.0.30]
2020-04-01 11:51:10 [main] INFO  o.a.c.core.ContainerBase.[Tomcat].[localhost].[/] - Initializing Spring embedded WebApplicationContext
2020-04-01 11:51:10 [main] INFO  org.springframework.web.context.ContextLoader - Root WebApplicationContext: initialization completed in 1787 ms
2020-04-01 11:51:11 [main] INFO  o.s.scheduling.concurrent.ThreadPoolTaskExecutor - Initializing ExecutorService 'applicationTaskExecutor'
2020-04-01 11:51:11 [main] INFO  o.s.b.a.web.servlet.WelcomePageHandlerMapping - Adding welcome page template: index
2020-04-01 11:51:12 [main] INFO  org.apache.coyote.http11.Http11NioProtocol - Starting ProtocolHandler ["http-nio-8080"]
2020-04-01 11:51:12 [main] INFO  o.s.boot.web.embedded.tomcat.TomcatWebServer - Tomcat started on port(s): 8080 (http) with context path ''
2020-04-01 11:51:12 [main] INFO  com.julong.deanInquire.DeanInquiryApplication - Started DeanInquiryApplication in 4.864 seconds (JVM running for 6.327)
2020-04-01 11:51:24 [http-nio-8080-exec-1] INFO  o.a.c.core.ContainerBase.[Tomcat].[localhost].[/] - Initializing Spring DispatcherServlet 'dispatcherServlet'
2020-04-01 11:51:24 [http-nio-8080-exec-1] INFO  org.springframework.web.servlet.DispatcherServlet - Initializing Servlet 'dispatcherServlet'
2020-04-01 11:51:24 [http-nio-8080-exec-1] INFO  org.springframework.web.servlet.DispatcherServlet - Completed initialization in 9 ms
2020-04-01 11:51:24 [http-nio-8080-exec-1] INFO  com.zaxxer.hikari.HikariDataSource - HikariPool-1 - Starting...
2020-04-01 11:51:24 [http-nio-8080-exec-1] WARN  com.zaxxer.hikari.util.DriverDataSource - Registered driver with driverClassName=oracle.jdbc.driver.OracleDriver was not found, trying direct instantiation.
2020-04-01 11:51:24 [http-nio-8080-exec-1] INFO  com.zaxxer.hikari.HikariDataSource - HikariPool-1 - Start completed.
2020-04-01 11:51:24 [http-nio-8080-exec-1] INFO  com.julong.deanInquire.controller.UserController - 登录成功
2020-04-01 11:54:16 [main] INFO  com.julong.deanInquire.DeanInquiryApplicationTests - Starting DeanInquiryApplicationTests on Win-1811022255 with PID 7240 (started by Administrator in D:\weixin\project\deanInquire)
2020-04-01 11:54:16 [main] INFO  com.julong.deanInquire.DeanInquiryApplicationTests - No active profile set, falling back to default profiles: default
2020-04-01 11:54:17 [main] INFO  o.s.d.r.config.RepositoryConfigurationDelegate - Multiple Spring Data modules found, entering strict repository configuration mode!
2020-04-01 11:54:17 [main] INFO  o.s.d.r.config.RepositoryConfigurationDelegate - Bootstrapping Spring Data Redis repositories in DEFAULT mode.
2020-04-01 11:54:17 [main] INFO  o.s.d.r.config.RepositoryConfigurationDelegate - Finished Spring Data repository scanning in 32ms. Found 0 Redis repository interfaces.
2020-04-01 11:54:18 [main] INFO  o.s.c.s.PostProcessorRegistrationDelegate$BeanPostProcessorChecker - Bean 'org.springframework.transaction.annotation.ProxyTransactionManagementConfiguration' of type [org.springframework.transaction.annotation.ProxyTransactionManagementConfiguration] is not eligible for getting processed by all BeanPostProcessors (for example: not eligible for auto-proxying)
2020-04-01 11:54:20 [main] INFO  o.s.scheduling.concurrent.ThreadPoolTaskExecutor - Initializing ExecutorService 'applicationTaskExecutor'
2020-04-01 11:54:20 [main] INFO  o.s.b.a.web.servlet.WelcomePageHandlerMapping - Adding welcome page template: index
2020-04-01 11:54:22 [main] INFO  com.julong.deanInquire.DeanInquiryApplicationTests - Started DeanInquiryApplicationTests in 7.222 seconds (JVM running for 8.769)
2020-04-01 11:54:23 [SpringContextShutdownHook] INFO  o.s.scheduling.concurrent.ThreadPoolTaskExecutor - Shutting down ExecutorService 'applicationTaskExecutor'
2020-04-01 13:33:08 [main] INFO  com.julong.deanInquire.DeanInquiryApplication - Starting DeanInquiryApplication on Win-1811022255 with PID 9560 (D:\weixin\project\deanInquire\target\classes started by Administrator in D:\weixin\project\deanInquire)
2020-04-01 13:33:08 [main] INFO  com.julong.deanInquire.DeanInquiryApplication - No active profile set, falling back to default profiles: default
2020-04-01 13:33:09 [main] INFO  o.s.d.r.config.RepositoryConfigurationDelegate - Multiple Spring Data modules found, entering strict repository configuration mode!
2020-04-01 13:33:09 [main] INFO  o.s.d.r.config.RepositoryConfigurationDelegate - Bootstrapping Spring Data Redis repositories in DEFAULT mode.
2020-04-01 13:33:09 [main] INFO  o.s.d.r.config.RepositoryConfigurationDelegate - Finished Spring Data repository scanning in 22ms. Found 0 Redis repository interfaces.
2020-04-01 13:33:10 [main] INFO  o.s.c.s.PostProcessorRegistrationDelegate$BeanPostProcessorChecker - Bean 'org.springframework.transaction.annotation.ProxyTransactionManagementConfiguration' of type [org.springframework.transaction.annotation.ProxyTransactionManagementConfiguration] is not eligible for getting processed by all BeanPostProcessors (for example: not eligible for auto-proxying)
2020-04-01 13:33:10 [main] INFO  o.s.boot.web.embedded.tomcat.TomcatWebServer - Tomcat initialized with port(s): 8080 (http)
2020-04-01 13:33:10 [main] INFO  org.apache.coyote.http11.Http11NioProtocol - Initializing ProtocolHandler ["http-nio-8080"]
2020-04-01 13:33:10 [main] INFO  org.apache.catalina.core.StandardService - Starting service [Tomcat]
2020-04-01 13:33:10 [main] INFO  org.apache.catalina.core.StandardEngine - Starting Servlet engine: [Apache Tomcat/9.0.30]
2020-04-01 13:33:10 [main] INFO  o.a.c.core.ContainerBase.[Tomcat].[localhost].[/] - Initializing Spring embedded WebApplicationContext
2020-04-01 13:33:10 [main] INFO  org.springframework.web.context.ContextLoader - Root WebApplicationContext: initialization completed in 1683 ms
2020-04-01 13:33:11 [main] INFO  o.s.scheduling.concurrent.ThreadPoolTaskExecutor - Initializing ExecutorService 'applicationTaskExecutor'
2020-04-01 13:33:11 [main] INFO  o.s.b.a.web.servlet.WelcomePageHandlerMapping - Adding welcome page template: index
2020-04-01 13:33:12 [main] INFO  org.apache.coyote.http11.Http11NioProtocol - Starting ProtocolHandler ["http-nio-8080"]
2020-04-01 13:33:12 [main] INFO  org.apache.coyote.http11.Http11NioProtocol - Pausing ProtocolHandler ["http-nio-8080"]
2020-04-01 13:33:12 [main] INFO  org.apache.catalina.core.StandardService - Stopping service [Tomcat]
2020-04-01 13:33:12 [main] INFO  org.apache.coyote.http11.Http11NioProtocol - Stopping ProtocolHandler ["http-nio-8080"]
2020-04-01 13:33:12 [main] INFO  org.apache.coyote.http11.Http11NioProtocol - Destroying ProtocolHandler ["http-nio-8080"]
2020-04-01 13:33:12 [main] INFO  o.s.b.a.l.ConditionEvaluationReportLoggingListener - 

Error starting ApplicationContext. To display the conditions report re-run your application with 'debug' enabled.
2020-04-01 13:33:12 [main] INFO  o.s.scheduling.concurrent.ThreadPoolTaskExecutor - Shutting down ExecutorService 'applicationTaskExecutor'
2020-04-01 13:33:51 [main] INFO  com.julong.deanInquire.DeanInquiryApplication - Starting DeanInquiryApplication on Win-1811022255 with PID 9084 (D:\weixin\project\deanInquire\target\classes started by Administrator in D:\weixin\project\deanInquire)
2020-04-01 13:33:51 [main] INFO  com.julong.deanInquire.DeanInquiryApplication - No active profile set, falling back to default profiles: default
2020-04-01 13:33:52 [main] INFO  o.s.d.r.config.RepositoryConfigurationDelegate - Multiple Spring Data modules found, entering strict repository configuration mode!
2020-04-01 13:33:52 [main] INFO  o.s.d.r.config.RepositoryConfigurationDelegate - Bootstrapping Spring Data Redis repositories in DEFAULT mode.
2020-04-01 13:33:52 [main] INFO  o.s.d.r.config.RepositoryConfigurationDelegate - Finished Spring Data repository scanning in 23ms. Found 0 Redis repository interfaces.
2020-04-01 13:33:52 [main] INFO  o.s.c.s.PostProcessorRegistrationDelegate$BeanPostProcessorChecker - Bean 'org.springframework.transaction.annotation.ProxyTransactionManagementConfiguration' of type [org.springframework.transaction.annotation.ProxyTransactionManagementConfiguration] is not eligible for getting processed by all BeanPostProcessors (for example: not eligible for auto-proxying)
2020-04-01 13:33:53 [main] INFO  o.s.boot.web.embedded.tomcat.TomcatWebServer - Tomcat initialized with port(s): 8080 (http)
2020-04-01 13:33:53 [main] INFO  org.apache.coyote.http11.Http11NioProtocol - Initializing ProtocolHandler ["http-nio-8080"]
2020-04-01 13:33:53 [main] INFO  org.apache.catalina.core.StandardService - Starting service [Tomcat]
2020-04-01 13:33:53 [main] INFO  org.apache.catalina.core.StandardEngine - Starting Servlet engine: [Apache Tomcat/9.0.30]
2020-04-01 13:33:53 [main] INFO  o.a.c.core.ContainerBase.[Tomcat].[localhost].[/] - Initializing Spring embedded WebApplicationContext
2020-04-01 13:33:53 [main] INFO  org.springframework.web.context.ContextLoader - Root WebApplicationContext: initialization completed in 1533 ms
2020-04-01 13:33:54 [main] INFO  o.s.scheduling.concurrent.ThreadPoolTaskExecutor - Initializing ExecutorService 'applicationTaskExecutor'
2020-04-01 13:33:54 [main] INFO  o.s.b.a.web.servlet.WelcomePageHandlerMapping - Adding welcome page template: index
2020-04-01 13:33:54 [main] INFO  org.apache.coyote.http11.Http11NioProtocol - Starting ProtocolHandler ["http-nio-8080"]
2020-04-01 13:33:54 [main] INFO  o.s.boot.web.embedded.tomcat.TomcatWebServer - Tomcat started on port(s): 8080 (http) with context path ''
2020-04-01 13:33:54 [main] INFO  com.julong.deanInquire.DeanInquiryApplication - Started DeanInquiryApplication in 4.382 seconds (JVM running for 6.061)
2020-04-01 13:34:06 [http-nio-8080-exec-1] INFO  o.a.c.core.ContainerBase.[Tomcat].[localhost].[/] - Initializing Spring DispatcherServlet 'dispatcherServlet'
2020-04-01 13:34:06 [http-nio-8080-exec-1] INFO  org.springframework.web.servlet.DispatcherServlet - Initializing Servlet 'dispatcherServlet'
2020-04-01 13:34:06 [http-nio-8080-exec-1] INFO  org.springframework.web.servlet.DispatcherServlet - Completed initialization in 9 ms
2020-04-01 13:34:06 [http-nio-8080-exec-1] INFO  com.zaxxer.hikari.HikariDataSource - HikariPool-1 - Starting...
2020-04-01 13:34:06 [http-nio-8080-exec-1] WARN  com.zaxxer.hikari.util.DriverDataSource - Registered driver with driverClassName=oracle.jdbc.driver.OracleDriver was not found, trying direct instantiation.
2020-04-01 13:34:07 [http-nio-8080-exec-1] INFO  com.zaxxer.hikari.HikariDataSource - HikariPool-1 - Start completed.
2020-04-01 13:34:07 [http-nio-8080-exec-1] INFO  com.julong.deanInquire.controller.UserController - 登录成功
2020-04-01 13:35:27 [http-nio-8080-exec-5] INFO  com.julong.deanInquire.controller.UserController - 登录成功
2020-04-01 13:36:19 [http-nio-8080-exec-7] INFO  com.julong.deanInquire.controller.UserController - 登录成功
2020-04-01 13:37:46 [http-nio-8080-exec-9] INFO  com.julong.deanInquire.controller.UserController - 登录成功
2020-04-01 13:38:06 [http-nio-8080-exec-10] INFO  c.julong.deanInquire.interceptor.TokenInterceptor - 通过拦截器
2020-04-01 13:38:09 [http-nio-8080-exec-1] INFO  c.julong.deanInquire.interceptor.TokenInterceptor - 通过拦截器
2020-04-01 13:38:18 [http-nio-8080-exec-2] INFO  c.julong.deanInquire.interceptor.TokenInterceptor - 通过拦截器
2020-04-01 13:38:23 [http-nio-8080-exec-3] INFO  c.julong.deanInquire.interceptor.TokenInterceptor - 通过拦截器
2020-04-01 13:38:32 [http-nio-8080-exec-4] INFO  c.julong.deanInquire.interceptor.TokenInterceptor - 通过拦截器
2020-04-01 13:38:53 [http-nio-8080-exec-5] INFO  c.julong.deanInquire.interceptor.TokenInterceptor - 通过拦截器
2020-04-01 13:39:02 [http-nio-8080-exec-6] INFO  c.julong.deanInquire.interceptor.TokenInterceptor - 通过拦截器
2020-04-01 13:39:22 [http-nio-8080-exec-7] INFO  c.julong.deanInquire.interceptor.TokenInterceptor - 通过拦截器
2020-04-01 13:41:01 [http-nio-8080-exec-9] INFO  c.julong.deanInquire.interceptor.TokenInterceptor - 通过拦截器
2020-04-01 13:41:34 [http-nio-8080-exec-10] INFO  c.julong.deanInquire.interceptor.TokenInterceptor - 通过拦截器
2020-04-01 13:45:27 [http-nio-8080-exec-2] INFO  com.julong.deanInquire.controller.UserController - 登录成功
2020-04-01 13:45:40 [http-nio-8080-exec-4] INFO  c.julong.deanInquire.interceptor.TokenInterceptor - 通过拦截器
2020-04-01 13:45:51 [http-nio-8080-exec-6] INFO  c.julong.deanInquire.interceptor.TokenInterceptor - 通过拦截器
2020-04-01 13:49:52 [http-nio-8080-exec-8] INFO  com.julong.deanInquire.controller.UserController - 登录成功
2020-04-01 13:50:02 [http-nio-8080-exec-10] INFO  c.julong.deanInquire.interceptor.TokenInterceptor - 通过拦截器
2020-04-01 13:51:19 [http-nio-8080-exec-2] INFO  com.julong.deanInquire.controller.UserController - 登录成功
2020-04-01 13:52:00 [http-nio-8080-exec-4] INFO  c.julong.deanInquire.interceptor.TokenInterceptor - 通过拦截器
2020-04-01 14:02:32 [http-nio-8080-exec-6] INFO  com.julong.deanInquire.controller.UserController - 登录成功
2020-04-01 14:04:44 [http-nio-8080-exec-10] INFO  com.julong.deanInquire.controller.UserController - 登录成功
2020-04-01 14:06:39 [http-nio-8080-exec-6] INFO  com.julong.deanInquire.controller.UserController - 登录成功
2020-04-01 14:07:45 [http-nio-8080-exec-9] INFO  com.julong.deanInquire.controller.UserController - 登录成功
2020-04-01 14:08:30 [http-nio-8080-exec-5] INFO  com.julong.deanInquire.controller.UserController - 登录成功
2020-04-01 14:09:48 [http-nio-8080-exec-9] INFO  com.julong.deanInquire.controller.UserController - 登录成功
2020-04-01 14:10:40 [http-nio-8080-exec-5] INFO  com.julong.deanInquire.controller.UserController - 登录成功
2020-04-01 14:12:19 [http-nio-8080-exec-10] INFO  com.julong.deanInquire.controller.UserController - 登录成功
2020-04-01 14:13:10 [http-nio-8080-exec-4] INFO  com.julong.deanInquire.controller.UserController - 登录成功
2020-04-01 14:13:30 [http-nio-8080-exec-7] INFO  com.julong.deanInquire.controller.UserController - 登录成功
2020-04-01 14:15:16 [http-nio-8080-exec-9] INFO  com.julong.deanInquire.controller.UserController - 登录成功
2020-04-01 14:15:38 [http-nio-8080-exec-1] INFO  c.julong.deanInquire.interceptor.TokenInterceptor - 通过拦截器
2020-04-01 14:21:04 [http-nio-8080-exec-3] INFO  com.julong.deanInquire.controller.UserController - 登录成功
2020-04-01 14:21:26 [http-nio-8080-exec-4] INFO  c.julong.deanInquire.interceptor.TokenInterceptor - 通过拦截器
2020-04-01 14:21:34 [http-nio-8080-exec-5] INFO  c.julong.deanInquire.interceptor.TokenInterceptor - 通过拦截器
2020-04-01 14:21:38 [http-nio-8080-exec-6] INFO  c.julong.deanInquire.interceptor.TokenInterceptor - 通过拦截器
2020-04-01 14:21:46 [http-nio-8080-exec-7] INFO  c.julong.deanInquire.interceptor.TokenInterceptor - 通过拦截器
2020-04-01 14:21:49 [http-nio-8080-exec-8] INFO  c.julong.deanInquire.interceptor.TokenInterceptor - 通过拦截器
2020-04-01 14:22:01 [http-nio-8080-exec-9] INFO  c.julong.deanInquire.interceptor.TokenInterceptor - 通过拦截器
2020-04-01 14:22:04 [http-nio-8080-exec-10] INFO  c.julong.deanInquire.interceptor.TokenInterceptor - 通过拦截器
2020-04-01 14:22:05 [http-nio-8080-exec-1] INFO  c.julong.deanInquire.interceptor.TokenInterceptor - 通过拦截器
2020-04-01 14:22:07 [http-nio-8080-exec-2] INFO  c.julong.deanInquire.interceptor.TokenInterceptor - 通过拦截器
2020-04-01 14:22:08 [http-nio-8080-exec-3] INFO  c.julong.deanInquire.interceptor.TokenInterceptor - 通过拦截器
2020-04-01 14:22:17 [http-nio-8080-exec-4] INFO  c.julong.deanInquire.interceptor.TokenInterceptor - 通过拦截器
2020-04-01 14:22:35 [http-nio-8080-exec-5] INFO  c.julong.deanInquire.interceptor.TokenInterceptor - 通过拦截器
2020-04-01 14:22:43 [http-nio-8080-exec-6] INFO  c.julong.deanInquire.interceptor.TokenInterceptor - 通过拦截器
2020-04-01 14:22:52 [http-nio-8080-exec-7] INFO  c.julong.deanInquire.interceptor.TokenInterceptor - 通过拦截器
2020-04-01 14:23:02 [http-nio-8080-exec-8] INFO  c.julong.deanInquire.interceptor.TokenInterceptor - 通过拦截器
2020-04-01 14:23:26 [http-nio-8080-exec-9] INFO  c.julong.deanInquire.interceptor.TokenInterceptor - 通过拦截器
2020-04-01 14:23:39 [http-nio-8080-exec-10] INFO  c.julong.deanInquire.interceptor.TokenInterceptor - 通过拦截器
2020-04-01 14:23:47 [http-nio-8080-exec-1] INFO  c.julong.deanInquire.interceptor.TokenInterceptor - 通过拦截器
2020-04-01 14:23:54 [http-nio-8080-exec-2] INFO  c.julong.deanInquire.interceptor.TokenInterceptor - 通过拦截器
2020-04-01 14:24:10 [http-nio-8080-exec-3] INFO  c.julong.deanInquire.interceptor.TokenInterceptor - 通过拦截器
2020-04-01 14:24:31 [http-nio-8080-exec-4] INFO  c.julong.deanInquire.interceptor.TokenInterceptor - 通过拦截器
2020-04-01 14:24:37 [http-nio-8080-exec-5] INFO  c.julong.deanInquire.interceptor.TokenInterceptor - 通过拦截器
2020-04-01 14:24:40 [http-nio-8080-exec-6] INFO  c.julong.deanInquire.interceptor.TokenInterceptor - 通过拦截器
2020-04-01 14:24:48 [http-nio-8080-exec-7] INFO  c.julong.deanInquire.interceptor.TokenInterceptor - 通过拦截器
2020-04-01 14:24:58 [http-nio-8080-exec-8] INFO  c.julong.deanInquire.interceptor.TokenInterceptor - 通过拦截器
2020-04-01 14:25:01 [http-nio-8080-exec-9] INFO  c.julong.deanInquire.interceptor.TokenInterceptor - 通过拦截器
2020-04-01 14:25:10 [http-nio-8080-exec-10] INFO  c.julong.deanInquire.interceptor.TokenInterceptor - 通过拦截器
2020-04-01 14:25:28 [http-nio-8080-exec-1] INFO  c.julong.deanInquire.interceptor.TokenInterceptor - 通过拦截器
2020-04-01 14:25:32 [http-nio-8080-exec-2] INFO  c.julong.deanInquire.interceptor.TokenInterceptor - 通过拦截器
2020-04-01 14:25:39 [http-nio-8080-exec-3] INFO  c.julong.deanInquire.interceptor.TokenInterceptor - 通过拦截器
2020-04-01 14:25:53 [http-nio-8080-exec-4] INFO  c.julong.deanInquire.interceptor.TokenInterceptor - 通过拦截器
2020-04-01 14:26:08 [http-nio-8080-exec-5] INFO  c.julong.deanInquire.interceptor.TokenInterceptor - 通过拦截器
2020-04-01 14:26:11 [http-nio-8080-exec-6] INFO  c.julong.deanInquire.interceptor.TokenInterceptor - 通过拦截器
2020-04-01 14:27:00 [http-nio-8080-exec-7] INFO  c.julong.deanInquire.interceptor.TokenInterceptor - 通过拦截器
2020-04-01 14:27:11 [http-nio-8080-exec-8] INFO  c.julong.deanInquire.interceptor.TokenInterceptor - 通过拦截器
2020-04-01 14:27:14 [http-nio-8080-exec-9] INFO  c.julong.deanInquire.interceptor.TokenInterceptor - 通过拦截器
2020-04-01 14:27:17 [http-nio-8080-exec-10] INFO  c.julong.deanInquire.interceptor.TokenInterceptor - 通过拦截器
2020-04-01 14:27:30 [http-nio-8080-exec-2] INFO  com.julong.deanInquire.controller.UserController - 登录成功
2020-04-01 14:35:08 [http-nio-8080-exec-5] INFO  c.julong.deanInquire.interceptor.TokenInterceptor - 通过拦截器
2020-04-01 14:35:29 [http-nio-8080-exec-6] INFO  c.julong.deanInquire.interceptor.TokenInterceptor - 通过拦截器
2020-04-01 14:36:19 [http-nio-8080-exec-9] INFO  com.julong.deanInquire.controller.UserController - 登录成功
2020-04-01 14:37:02 [http-nio-8080-exec-10] INFO  c.julong.deanInquire.interceptor.TokenInterceptor - 通过拦截器
2020-04-01 14:37:12 [http-nio-8080-exec-1] INFO  c.julong.deanInquire.interceptor.TokenInterceptor - 通过拦截器
2020-04-01 14:37:21 [http-nio-8080-exec-2] INFO  c.julong.deanInquire.interceptor.TokenInterceptor - 通过拦截器
2020-04-01 14:37:28 [http-nio-8080-exec-3] INFO  c.julong.deanInquire.interceptor.TokenInterceptor - 通过拦截器
2020-04-01 14:39:47 [http-nio-8080-exec-5] INFO  com.julong.deanInquire.controller.UserController - 登录成功
2020-04-01 14:39:57 [http-nio-8080-exec-7] INFO  c.julong.deanInquire.interceptor.TokenInterceptor - 通过拦截器
2020-04-01 14:41:02 [http-nio-8080-exec-9] INFO  com.julong.deanInquire.controller.UserController - 登录成功
2020-04-01 14:41:11 [http-nio-8080-exec-1] INFO  c.julong.deanInquire.interceptor.TokenInterceptor - 通过拦截器
2020-04-01 14:41:45 [http-nio-8080-exec-3] INFO  com.julong.deanInquire.controller.UserController - 登录成功
2020-04-01 14:41:53 [http-nio-8080-exec-4] INFO  c.julong.deanInquire.interceptor.TokenInterceptor - 通过拦截器
2020-04-01 14:41:59 [http-nio-8080-exec-5] INFO  c.julong.deanInquire.interceptor.TokenInterceptor - 通过拦截器
2020-04-01 14:42:02 [http-nio-8080-exec-6] INFO  c.julong.deanInquire.interceptor.TokenInterceptor - 通过拦截器
2020-04-01 14:42:21 [http-nio-8080-exec-7] INFO  c.julong.deanInquire.interceptor.TokenInterceptor - 通过拦截器
2020-04-01 14:42:27 [http-nio-8080-exec-8] INFO  c.julong.deanInquire.interceptor.TokenInterceptor - 通过拦截器
2020-04-01 14:42:34 [http-nio-8080-exec-9] INFO  c.julong.deanInquire.interceptor.TokenInterceptor - 通过拦截器
2020-04-01 14:43:34 [http-nio-8080-exec-10] INFO  c.julong.deanInquire.interceptor.TokenInterceptor - 通过拦截器
2020-04-01 14:43:37 [http-nio-8080-exec-1] INFO  c.julong.deanInquire.interceptor.TokenInterceptor - 通过拦截器
2020-04-01 14:43:46 [http-nio-8080-exec-2] INFO  c.julong.deanInquire.interceptor.TokenInterceptor - 通过拦截器
2020-04-01 14:51:39 [http-nio-8080-exec-4] INFO  c.julong.deanInquire.interceptor.TokenInterceptor - 通过拦截器
2020-04-01 14:51:43 [http-nio-8080-exec-5] INFO  c.julong.deanInquire.interceptor.TokenInterceptor - 通过拦截器
2020-04-01 14:51:57 [http-nio-8080-exec-6] INFO  c.julong.deanInquire.interceptor.TokenInterceptor - 通过拦截器
2020-04-01 14:52:15 [http-nio-8080-exec-7] INFO  c.julong.deanInquire.interceptor.TokenInterceptor - 通过拦截器
2020-04-01 14:52:37 [http-nio-8080-exec-8] INFO  c.julong.deanInquire.interceptor.TokenInterceptor - 通过拦截器
2020-04-01 15:16:29 [main] INFO  com.julong.deanInquire.DeanInquiryApplication - Starting DeanInquiryApplication on Win-1811022255 with PID 7024 (D:\weixin\project\deanInquire\target\classes started by Administrator in D:\weixin\project\deanInquire)
2020-04-01 15:16:29 [main] INFO  com.julong.deanInquire.DeanInquiryApplication - No active profile set, falling back to default profiles: default
2020-04-01 15:16:30 [main] INFO  o.s.d.r.config.RepositoryConfigurationDelegate - Multiple Spring Data modules found, entering strict repository configuration mode!
2020-04-01 15:16:30 [main] INFO  o.s.d.r.config.RepositoryConfigurationDelegate - Bootstrapping Spring Data Redis repositories in DEFAULT mode.
2020-04-01 15:16:30 [main] INFO  o.s.d.r.config.RepositoryConfigurationDelegate - Finished Spring Data repository scanning in 28ms. Found 0 Redis repository interfaces.
2020-04-01 15:16:31 [main] INFO  o.s.c.s.PostProcessorRegistrationDelegate$BeanPostProcessorChecker - Bean 'org.springframework.transaction.annotation.ProxyTransactionManagementConfiguration' of type [org.springframework.transaction.annotation.ProxyTransactionManagementConfiguration] is not eligible for getting processed by all BeanPostProcessors (for example: not eligible for auto-proxying)
2020-04-01 15:16:31 [main] INFO  o.s.boot.web.embedded.tomcat.TomcatWebServer - Tomcat initialized with port(s): 8080 (http)
2020-04-01 15:16:31 [main] INFO  org.apache.coyote.http11.Http11NioProtocol - Initializing ProtocolHandler ["http-nio-8080"]
2020-04-01 15:16:31 [main] INFO  org.apache.catalina.core.StandardService - Starting service [Tomcat]
2020-04-01 15:16:31 [main] INFO  org.apache.catalina.core.StandardEngine - Starting Servlet engine: [Apache Tomcat/9.0.30]
2020-04-01 15:16:31 [main] INFO  o.a.c.core.ContainerBase.[Tomcat].[localhost].[/] - Initializing Spring embedded WebApplicationContext
2020-04-01 15:16:31 [main] INFO  org.springframework.web.context.ContextLoader - Root WebApplicationContext: initialization completed in 1785 ms
2020-04-01 15:16:32 [main] INFO  o.s.scheduling.concurrent.ThreadPoolTaskExecutor - Initializing ExecutorService 'applicationTaskExecutor'
2020-04-01 15:16:32 [main] INFO  o.s.b.a.web.servlet.WelcomePageHandlerMapping - Adding welcome page template: index
2020-04-01 15:16:32 [main] INFO  org.apache.coyote.http11.Http11NioProtocol - Starting ProtocolHandler ["http-nio-8080"]
2020-04-01 15:16:32 [main] INFO  o.s.boot.web.embedded.tomcat.TomcatWebServer - Tomcat started on port(s): 8080 (http) with context path ''
2020-04-01 15:16:32 [main] INFO  com.julong.deanInquire.DeanInquiryApplication - Started DeanInquiryApplication in 4.202 seconds (JVM running for 5.559)
2020-04-01 15:16:54 [http-nio-8080-exec-1] INFO  o.a.c.core.ContainerBase.[Tomcat].[localhost].[/] - Initializing Spring DispatcherServlet 'dispatcherServlet'
2020-04-01 15:16:54 [http-nio-8080-exec-1] INFO  org.springframework.web.servlet.DispatcherServlet - Initializing Servlet 'dispatcherServlet'
2020-04-01 15:16:54 [http-nio-8080-exec-1] INFO  org.springframework.web.servlet.DispatcherServlet - Completed initialization in 8 ms
2020-04-01 15:16:54 [http-nio-8080-exec-1] INFO  com.zaxxer.hikari.HikariDataSource - HikariPool-1 - Starting...
2020-04-01 15:16:54 [http-nio-8080-exec-1] WARN  com.zaxxer.hikari.util.DriverDataSource - Registered driver with driverClassName=oracle.jdbc.driver.OracleDriver was not found, trying direct instantiation.
2020-04-01 15:16:55 [http-nio-8080-exec-1] INFO  com.zaxxer.hikari.HikariDataSource - HikariPool-1 - Start completed.
2020-04-01 15:16:55 [http-nio-8080-exec-1] INFO  com.julong.deanInquire.controller.UserController - 登录成功
2020-04-01 15:17:22 [http-nio-8080-exec-3] INFO  c.julong.deanInquire.interceptor.TokenInterceptor - 通过拦截器
2020-04-01 15:17:25 [http-nio-8080-exec-5] INFO  c.julong.deanInquire.interceptor.TokenInterceptor - 通过拦截器
2020-04-01 15:18:53 [main] INFO  com.julong.deanInquire.DeanInquiryApplication - Starting DeanInquiryApplication on Win-1811022255 with PID 9072 (D:\weixin\project\deanInquire\target\classes started by Administrator in D:\weixin\project\deanInquire)
2020-04-01 15:18:53 [main] INFO  com.julong.deanInquire.DeanInquiryApplication - No active profile set, falling back to default profiles: default
2020-04-01 15:18:55 [main] INFO  o.s.d.r.config.RepositoryConfigurationDelegate - Multiple Spring Data modules found, entering strict repository configuration mode!
2020-04-01 15:18:55 [main] INFO  o.s.d.r.config.RepositoryConfigurationDelegate - Bootstrapping Spring Data Redis repositories in DEFAULT mode.
2020-04-01 15:18:55 [main] INFO  o.s.d.r.config.RepositoryConfigurationDelegate - Finished Spring Data repository scanning in 24ms. Found 0 Redis repository interfaces.
2020-04-01 15:18:56 [main] INFO  o.s.c.s.PostProcessorRegistrationDelegate$BeanPostProcessorChecker - Bean 'org.springframework.transaction.annotation.ProxyTransactionManagementConfiguration' of type [org.springframework.transaction.annotation.ProxyTransactionManagementConfiguration] is not eligible for getting processed by all BeanPostProcessors (for example: not eligible for auto-proxying)
2020-04-01 15:18:56 [main] INFO  o.s.boot.web.embedded.tomcat.TomcatWebServer - Tomcat initialized with port(s): 8080 (http)
2020-04-01 15:18:56 [main] INFO  org.apache.coyote.http11.Http11NioProtocol - Initializing ProtocolHandler ["http-nio-8080"]
2020-04-01 15:18:56 [main] INFO  org.apache.catalina.core.StandardService - Starting service [Tomcat]
2020-04-01 15:18:56 [main] INFO  org.apache.catalina.core.StandardEngine - Starting Servlet engine: [Apache Tomcat/9.0.30]
2020-04-01 15:18:56 [main] INFO  o.a.c.core.ContainerBase.[Tomcat].[localhost].[/] - Initializing Spring embedded WebApplicationContext
2020-04-01 15:18:56 [main] INFO  org.springframework.web.context.ContextLoader - Root WebApplicationContext: initialization completed in 1997 ms
2020-04-01 15:18:57 [main] INFO  o.s.scheduling.concurrent.ThreadPoolTaskExecutor - Initializing ExecutorService 'applicationTaskExecutor'
2020-04-01 15:18:57 [main] INFO  o.s.b.a.web.servlet.WelcomePageHandlerMapping - Adding welcome page template: index
2020-04-01 15:18:57 [main] INFO  org.apache.coyote.http11.Http11NioProtocol - Starting ProtocolHandler ["http-nio-8080"]
2020-04-01 15:18:57 [main] INFO  o.s.boot.web.embedded.tomcat.TomcatWebServer - Tomcat started on port(s): 8080 (http) with context path ''
2020-04-01 15:18:57 [main] INFO  com.julong.deanInquire.DeanInquiryApplication - Started DeanInquiryApplication in 5.048 seconds (JVM running for 6.632)
2020-04-01 15:19:51 [http-nio-8080-exec-1] INFO  o.a.c.core.ContainerBase.[Tomcat].[localhost].[/] - Initializing Spring DispatcherServlet 'dispatcherServlet'
2020-04-01 15:19:51 [http-nio-8080-exec-1] INFO  org.springframework.web.servlet.DispatcherServlet - Initializing Servlet 'dispatcherServlet'
2020-04-01 15:19:51 [http-nio-8080-exec-1] INFO  org.springframework.web.servlet.DispatcherServlet - Completed initialization in 9 ms
2020-04-01 15:19:51 [http-nio-8080-exec-1] INFO  com.zaxxer.hikari.HikariDataSource - HikariPool-1 - Starting...
2020-04-01 15:19:51 [http-nio-8080-exec-1] WARN  com.zaxxer.hikari.util.DriverDataSource - Registered driver with driverClassName=oracle.jdbc.driver.OracleDriver was not found, trying direct instantiation.
2020-04-01 15:19:51 [http-nio-8080-exec-1] INFO  com.zaxxer.hikari.HikariDataSource - HikariPool-1 - Start completed.
2020-04-01 15:19:52 [http-nio-8080-exec-1] INFO  com.julong.deanInquire.controller.UserController - 登录成功
2020-04-01 15:19:56 [http-nio-8080-exec-3] INFO  c.julong.deanInquire.interceptor.TokenInterceptor - 通过拦截器
2020-04-01 15:20:08 [http-nio-8080-exec-5] INFO  c.julong.deanInquire.interceptor.TokenInterceptor - 通过拦截器
2020-04-01 15:29:54 [main] INFO  com.julong.deanInquire.DeanInquiryApplicationTests - Starting DeanInquiryApplicationTests on Win-1811022255 with PID 1520 (started by Administrator in D:\weixin\project\deanInquire)
2020-04-01 15:29:54 [main] INFO  com.julong.deanInquire.DeanInquiryApplicationTests - No active profile set, falling back to default profiles: default
2020-04-01 15:29:56 [main] INFO  o.s.d.r.config.RepositoryConfigurationDelegate - Multiple Spring Data modules found, entering strict repository configuration mode!
2020-04-01 15:29:56 [main] INFO  o.s.d.r.config.RepositoryConfigurationDelegate - Bootstrapping Spring Data Redis repositories in DEFAULT mode.
2020-04-01 15:29:56 [main] INFO  o.s.d.r.config.RepositoryConfigurationDelegate - Finished Spring Data repository scanning in 42ms. Found 0 Redis repository interfaces.
2020-04-01 15:29:57 [main] INFO  o.s.c.s.PostProcessorRegistrationDelegate$BeanPostProcessorChecker - Bean 'org.springframework.transaction.annotation.ProxyTransactionManagementConfiguration' of type [org.springframework.transaction.annotation.ProxyTransactionManagementConfiguration] is not eligible for getting processed by all BeanPostProcessors (for example: not eligible for auto-proxying)
2020-04-01 15:29:59 [main] INFO  o.s.scheduling.concurrent.ThreadPoolTaskExecutor - Initializing ExecutorService 'applicationTaskExecutor'
2020-04-01 15:29:59 [main] INFO  o.s.b.a.web.servlet.WelcomePageHandlerMapping - Adding welcome page template: index
2020-04-01 15:30:00 [main] INFO  com.julong.deanInquire.DeanInquiryApplicationTests - Started DeanInquiryApplicationTests in 7.117 seconds (JVM running for 8.763)
2020-04-01 15:30:01 [SpringContextShutdownHook] INFO  o.s.scheduling.concurrent.ThreadPoolTaskExecutor - Shutting down ExecutorService 'applicationTaskExecutor'
2020-04-01 15:34:00 [main] INFO  com.julong.deanInquire.DeanInquiryApplication - Starting DeanInquiryApplication on Win-1811022255 with PID 9628 (D:\weixin\project\deanInquire\target\classes started by Administrator in D:\weixin\project\deanInquire)
2020-04-01 15:34:00 [main] INFO  com.julong.deanInquire.DeanInquiryApplication - No active profile set, falling back to default profiles: default
2020-04-01 15:34:00 [main] INFO  o.s.d.r.config.RepositoryConfigurationDelegate - Multiple Spring Data modules found, entering strict repository configuration mode!
2020-04-01 15:34:00 [main] INFO  o.s.d.r.config.RepositoryConfigurationDelegate - Bootstrapping Spring Data Redis repositories in DEFAULT mode.
2020-04-01 15:34:00 [main] INFO  o.s.d.r.config.RepositoryConfigurationDelegate - Finished Spring Data repository scanning in 22ms. Found 0 Redis repository interfaces.
2020-04-01 15:34:01 [main] INFO  o.s.c.s.PostProcessorRegistrationDelegate$BeanPostProcessorChecker - Bean 'org.springframework.transaction.annotation.ProxyTransactionManagementConfiguration' of type [org.springframework.transaction.annotation.ProxyTransactionManagementConfiguration] is not eligible for getting processed by all BeanPostProcessors (for example: not eligible for auto-proxying)
2020-04-01 15:34:01 [main] INFO  o.s.boot.web.embedded.tomcat.TomcatWebServer - Tomcat initialized with port(s): 8081 (http)
2020-04-01 15:34:01 [main] INFO  org.apache.coyote.http11.Http11NioProtocol - Initializing ProtocolHandler ["http-nio-8081"]
2020-04-01 15:34:01 [main] INFO  org.apache.catalina.core.StandardService - Starting service [Tomcat]
2020-04-01 15:34:01 [main] INFO  org.apache.catalina.core.StandardEngine - Starting Servlet engine: [Apache Tomcat/9.0.30]
2020-04-01 15:34:01 [main] INFO  o.a.c.core.ContainerBase.[Tomcat].[localhost].[/] - Initializing Spring embedded WebApplicationContext
2020-04-01 15:34:01 [main] INFO  org.springframework.web.context.ContextLoader - Root WebApplicationContext: initialization completed in 1487 ms
2020-04-01 15:34:02 [main] INFO  o.s.scheduling.concurrent.ThreadPoolTaskExecutor - Initializing ExecutorService 'applicationTaskExecutor'
2020-04-01 15:34:02 [main] INFO  o.s.b.a.web.servlet.WelcomePageHandlerMapping - Adding welcome page template: index
2020-04-01 15:34:02 [main] INFO  org.apache.coyote.http11.Http11NioProtocol - Starting ProtocolHandler ["http-nio-8081"]
2020-04-01 15:34:02 [main] INFO  o.s.boot.web.embedded.tomcat.TomcatWebServer - Tomcat started on port(s): 8081 (http) with context path ''
2020-04-01 15:34:02 [main] INFO  com.julong.deanInquire.DeanInquiryApplication - Started DeanInquiryApplication in 4.352 seconds (JVM running for 5.612)
2020-04-01 15:35:52 [http-nio-8081-exec-1] INFO  o.a.c.core.ContainerBase.[Tomcat].[localhost].[/] - Initializing Spring DispatcherServlet 'dispatcherServlet'
2020-04-01 15:35:52 [http-nio-8081-exec-1] INFO  org.springframework.web.servlet.DispatcherServlet - Initializing Servlet 'dispatcherServlet'
2020-04-01 15:35:52 [http-nio-8081-exec-1] INFO  org.springframework.web.servlet.DispatcherServlet - Completed initialization in 11 ms
2020-04-01 15:35:52 [http-nio-8081-exec-1] INFO  com.zaxxer.hikari.HikariDataSource - HikariPool-1 - Starting...
2020-04-01 15:35:52 [http-nio-8081-exec-1] WARN  com.zaxxer.hikari.util.DriverDataSource - Registered driver with driverClassName=oracle.jdbc.driver.OracleDriver was not found, trying direct instantiation.
2020-04-01 15:35:53 [http-nio-8081-exec-1] INFO  com.zaxxer.hikari.HikariDataSource - HikariPool-1 - Start completed.
2020-04-01 15:35:53 [http-nio-8081-exec-1] INFO  com.julong.deanInquire.controller.UserController - 登录成功
2020-04-01 15:37:00 [http-nio-8081-exec-3] INFO  c.julong.deanInquire.interceptor.TokenInterceptor - 通过拦截器
2020-04-01 15:37:12 [http-nio-8081-exec-4] INFO  c.julong.deanInquire.interceptor.TokenInterceptor - 通过拦截器
2020-04-01 15:38:52 [http-nio-8081-exec-6] INFO  c.julong.deanInquire.interceptor.TokenInterceptor - 通过拦截器
2020-04-01 15:39:14 [http-nio-8081-exec-7] INFO  c.julong.deanInquire.interceptor.TokenInterceptor - 通过拦截器
2020-04-01 15:39:28 [http-nio-8081-exec-8] INFO  c.julong.deanInquire.interceptor.TokenInterceptor - 通过拦截器
