2020-04-07 08:51:01 [main] INFO  com.julong.deanInquire.DeanInquiryApplication - Starting DeanInquiryApplication on Win-1811022255 with PID 6964 (D:\weixin\project\deanInquire\target\classes started by Administrator in D:\weixin\project\deanInquire)
2020-04-07 08:51:01 [main] INFO  com.julong.deanInquire.DeanInquiryApplication - No active profile set, falling back to default profiles: default
2020-04-07 08:51:02 [main] INFO  o.s.d.r.config.RepositoryConfigurationDelegate - Multiple Spring Data modules found, entering strict repository configuration mode!
2020-04-07 08:51:02 [main] INFO  o.s.d.r.config.RepositoryConfigurationDelegate - Bootstrapping Spring Data Redis repositories in DEFAULT mode.
2020-04-07 08:51:02 [main] INFO  o.s.d.r.config.RepositoryConfigurationDelegate - Finished Spring Data repository scanning in 24ms. Found 0 Redis repository interfaces.
2020-04-07 08:51:02 [main] INFO  o.s.c.s.PostProcessorRegistrationDelegate$BeanPostProcessorChecker - Bean 'org.springframework.transaction.annotation.ProxyTransactionManagementConfiguration' of type [org.springframework.transaction.annotation.ProxyTransactionManagementConfiguration] is not eligible for getting processed by all BeanPostProcessors (for example: not eligible for auto-proxying)
2020-04-07 08:51:03 [main] INFO  o.s.boot.web.embedded.tomcat.TomcatWebServer - Tomcat initialized with port(s): 8081 (http)
2020-04-07 08:51:03 [main] INFO  org.apache.coyote.http11.Http11NioProtocol - Initializing ProtocolHandler ["http-nio-8081"]
2020-04-07 08:51:03 [main] INFO  org.apache.catalina.core.StandardService - Starting service [Tomcat]
2020-04-07 08:51:03 [main] INFO  org.apache.catalina.core.StandardEngine - Starting Servlet engine: [Apache Tomcat/9.0.30]
2020-04-07 08:51:03 [main] INFO  o.a.c.core.ContainerBase.[Tomcat].[localhost].[/] - Initializing Spring embedded WebApplicationContext
2020-04-07 08:51:03 [main] INFO  org.springframework.web.context.ContextLoader - Root WebApplicationContext: initialization completed in 1741 ms
2020-04-07 08:51:04 [main] INFO  o.s.scheduling.concurrent.ThreadPoolTaskExecutor - Initializing ExecutorService 'applicationTaskExecutor'
2020-04-07 08:51:04 [main] INFO  o.s.b.a.web.servlet.WelcomePageHandlerMapping - Adding welcome page template: index
2020-04-07 08:51:04 [main] INFO  org.apache.coyote.http11.Http11NioProtocol - Starting ProtocolHandler ["http-nio-8081"]
2020-04-07 08:51:04 [main] INFO  o.s.boot.web.embedded.tomcat.TomcatWebServer - Tomcat started on port(s): 8081 (http) with context path ''
2020-04-07 08:51:04 [main] INFO  com.julong.deanInquire.DeanInquiryApplication - Started DeanInquiryApplication in 9.323 seconds (JVM running for 11.816)
2020-04-07 08:51:25 [http-nio-8081-exec-1] INFO  o.a.c.core.ContainerBase.[Tomcat].[localhost].[/] - Initializing Spring DispatcherServlet 'dispatcherServlet'
2020-04-07 08:51:25 [http-nio-8081-exec-1] INFO  org.springframework.web.servlet.DispatcherServlet - Initializing Servlet 'dispatcherServlet'
2020-04-07 08:51:25 [http-nio-8081-exec-1] INFO  org.springframework.web.servlet.DispatcherServlet - Completed initialization in 11 ms
2020-04-07 08:51:25 [http-nio-8081-exec-1] INFO  com.zaxxer.hikari.HikariDataSource - HikariPool-1 - Starting...
2020-04-07 08:51:25 [http-nio-8081-exec-1] WARN  com.zaxxer.hikari.util.DriverDataSource - Registered driver with driverClassName=oracle.jdbc.driver.OracleDriver was not found, trying direct instantiation.
2020-04-07 08:51:25 [http-nio-8081-exec-1] INFO  com.zaxxer.hikari.HikariDataSource - HikariPool-1 - Start completed.
2020-04-07 08:51:26 [http-nio-8081-exec-1] INFO  com.julong.deanInquire.controller.UserController - 登录成功
2020-04-07 08:51:40 [http-nio-8081-exec-2] INFO  c.julong.deanInquire.interceptor.TokenInterceptor - 通过拦截器
2020-04-07 08:51:50 [http-nio-8081-exec-3] INFO  c.julong.deanInquire.interceptor.TokenInterceptor - 通过拦截器
2020-04-07 08:51:52 [http-nio-8081-exec-4] INFO  c.julong.deanInquire.interceptor.TokenInterceptor - 通过拦截器
2020-04-07 08:53:08 [main] INFO  com.julong.deanInquire.DeanInquiryApplicationTests - Starting DeanInquiryApplicationTests on Win-1811022255 with PID 1840 (started by Administrator in D:\weixin\project\deanInquire)
2020-04-07 08:53:08 [main] INFO  com.julong.deanInquire.DeanInquiryApplicationTests - No active profile set, falling back to default profiles: default
2020-04-07 08:53:09 [main] INFO  o.s.d.r.config.RepositoryConfigurationDelegate - Multiple Spring Data modules found, entering strict repository configuration mode!
2020-04-07 08:53:09 [main] INFO  o.s.d.r.config.RepositoryConfigurationDelegate - Bootstrapping Spring Data Redis repositories in DEFAULT mode.
2020-04-07 08:53:09 [main] INFO  o.s.d.r.config.RepositoryConfigurationDelegate - Finished Spring Data repository scanning in 35ms. Found 0 Redis repository interfaces.
2020-04-07 08:53:10 [main] INFO  o.s.c.s.PostProcessorRegistrationDelegate$BeanPostProcessorChecker - Bean 'org.springframework.transaction.annotation.ProxyTransactionManagementConfiguration' of type [org.springframework.transaction.annotation.ProxyTransactionManagementConfiguration] is not eligible for getting processed by all BeanPostProcessors (for example: not eligible for auto-proxying)
2020-04-07 08:53:13 [main] INFO  o.s.scheduling.concurrent.ThreadPoolTaskExecutor - Initializing ExecutorService 'applicationTaskExecutor'
2020-04-07 08:53:13 [main] INFO  o.s.b.a.web.servlet.WelcomePageHandlerMapping - Adding welcome page template: index
2020-04-07 08:53:14 [main] INFO  com.julong.deanInquire.DeanInquiryApplicationTests - Started DeanInquiryApplicationTests in 6.513 seconds (JVM running for 8.066)
2020-04-07 08:53:14 [SpringContextShutdownHook] INFO  o.s.scheduling.concurrent.ThreadPoolTaskExecutor - Shutting down ExecutorService 'applicationTaskExecutor'
