2020-04-03 08:50:10 [main] INFO  com.julong.deanInquire.DeanInquiryApplication - Starting DeanInquiryApplication on Win-1811022255 with PID 5328 (D:\weixin\project\deanInquire\target\classes started by Administrator in D:\weixin\project\deanInquire)
2020-04-03 08:50:10 [main] INFO  com.julong.deanInquire.DeanInquiryApplication - No active profile set, falling back to default profiles: default
2020-04-03 08:50:11 [main] INFO  o.s.d.r.config.RepositoryConfigurationDelegate - Multiple Spring Data modules found, entering strict repository configuration mode!
2020-04-03 08:50:11 [main] INFO  o.s.d.r.config.RepositoryConfigurationDelegate - Bootstrapping Spring Data Redis repositories in DEFAULT mode.
2020-04-03 08:50:11 [main] INFO  o.s.d.r.config.RepositoryConfigurationDelegate - Finished Spring Data repository scanning in 26ms. Found 0 Redis repository interfaces.
2020-04-03 08:50:12 [main] INFO  o.s.c.s.PostProcessorRegistrationDelegate$BeanPostProcessorChecker - Bean 'org.springframework.transaction.annotation.ProxyTransactionManagementConfiguration' of type [org.springframework.transaction.annotation.ProxyTransactionManagementConfiguration] is not eligible for getting processed by all BeanPostProcessors (for example: not eligible for auto-proxying)
2020-04-03 08:50:12 [main] INFO  o.s.boot.web.embedded.tomcat.TomcatWebServer - Tomcat initialized with port(s): 8081 (http)
2020-04-03 08:50:12 [main] INFO  org.apache.coyote.http11.Http11NioProtocol - Initializing ProtocolHandler ["http-nio-8081"]
2020-04-03 08:50:12 [main] INFO  org.apache.catalina.core.StandardService - Starting service [Tomcat]
2020-04-03 08:50:12 [main] INFO  org.apache.catalina.core.StandardEngine - Starting Servlet engine: [Apache Tomcat/9.0.30]
2020-04-03 08:50:12 [main] INFO  o.a.c.core.ContainerBase.[Tomcat].[localhost].[/] - Initializing Spring embedded WebApplicationContext
2020-04-03 08:50:12 [main] INFO  org.springframework.web.context.ContextLoader - Root WebApplicationContext: initialization completed in 1683 ms
2020-04-03 08:50:13 [main] INFO  o.s.scheduling.concurrent.ThreadPoolTaskExecutor - Initializing ExecutorService 'applicationTaskExecutor'
2020-04-03 08:50:13 [main] INFO  o.s.b.a.web.servlet.WelcomePageHandlerMapping - Adding welcome page template: index
2020-04-03 08:50:14 [main] INFO  org.apache.coyote.http11.Http11NioProtocol - Starting ProtocolHandler ["http-nio-8081"]
2020-04-03 08:50:14 [main] INFO  o.s.boot.web.embedded.tomcat.TomcatWebServer - Tomcat started on port(s): 8081 (http) with context path ''
2020-04-03 08:50:14 [main] INFO  com.julong.deanInquire.DeanInquiryApplication - Started DeanInquiryApplication in 9.095 seconds (JVM running for 11.29)
2020-04-03 08:51:44 [http-nio-8081-exec-1] INFO  o.a.c.core.ContainerBase.[Tomcat].[localhost].[/] - Initializing Spring DispatcherServlet 'dispatcherServlet'
2020-04-03 08:51:44 [http-nio-8081-exec-1] INFO  org.springframework.web.servlet.DispatcherServlet - Initializing Servlet 'dispatcherServlet'
2020-04-03 08:51:44 [http-nio-8081-exec-1] INFO  org.springframework.web.servlet.DispatcherServlet - Completed initialization in 14 ms
2020-04-03 08:51:44 [http-nio-8081-exec-1] INFO  com.zaxxer.hikari.HikariDataSource - HikariPool-1 - Starting...
2020-04-03 08:51:44 [http-nio-8081-exec-1] WARN  com.zaxxer.hikari.util.DriverDataSource - Registered driver with driverClassName=oracle.jdbc.driver.OracleDriver was not found, trying direct instantiation.
2020-04-03 08:51:45 [http-nio-8081-exec-1] INFO  com.zaxxer.hikari.HikariDataSource - HikariPool-1 - Start completed.
2020-04-03 08:51:48 [http-nio-8081-exec-1] INFO  com.julong.deanInquire.controller.UserController - 登录成功
2020-04-03 08:52:09 [main] INFO  com.julong.deanInquire.DeanInquiryApplication - Starting DeanInquiryApplication on Win-1811022255 with PID 1112 (D:\weixin\project\deanInquire\target\classes started by Administrator in D:\weixin\project\deanInquire)
2020-04-03 08:52:09 [main] INFO  com.julong.deanInquire.DeanInquiryApplication - No active profile set, falling back to default profiles: default
2020-04-03 08:52:11 [main] INFO  o.s.d.r.config.RepositoryConfigurationDelegate - Multiple Spring Data modules found, entering strict repository configuration mode!
2020-04-03 08:52:11 [main] INFO  o.s.d.r.config.RepositoryConfigurationDelegate - Bootstrapping Spring Data Redis repositories in DEFAULT mode.
2020-04-03 08:52:11 [main] INFO  o.s.d.r.config.RepositoryConfigurationDelegate - Finished Spring Data repository scanning in 21ms. Found 0 Redis repository interfaces.
2020-04-03 08:52:11 [main] INFO  o.s.c.s.PostProcessorRegistrationDelegate$BeanPostProcessorChecker - Bean 'org.springframework.transaction.annotation.ProxyTransactionManagementConfiguration' of type [org.springframework.transaction.annotation.ProxyTransactionManagementConfiguration] is not eligible for getting processed by all BeanPostProcessors (for example: not eligible for auto-proxying)
2020-04-03 08:52:12 [main] INFO  o.s.boot.web.embedded.tomcat.TomcatWebServer - Tomcat initialized with port(s): 8081 (http)
2020-04-03 08:52:12 [main] INFO  org.apache.coyote.http11.Http11NioProtocol - Initializing ProtocolHandler ["http-nio-8081"]
2020-04-03 08:52:12 [main] INFO  org.apache.catalina.core.StandardService - Starting service [Tomcat]
2020-04-03 08:52:12 [main] INFO  org.apache.catalina.core.StandardEngine - Starting Servlet engine: [Apache Tomcat/9.0.30]
2020-04-03 08:52:12 [main] INFO  o.a.c.core.ContainerBase.[Tomcat].[localhost].[/] - Initializing Spring embedded WebApplicationContext
2020-04-03 08:52:12 [main] INFO  org.springframework.web.context.ContextLoader - Root WebApplicationContext: initialization completed in 2162 ms
2020-04-03 08:52:13 [main] INFO  o.s.scheduling.concurrent.ThreadPoolTaskExecutor - Initializing ExecutorService 'applicationTaskExecutor'
2020-04-03 08:52:13 [main] INFO  o.s.b.a.web.servlet.WelcomePageHandlerMapping - Adding welcome page template: index
2020-04-03 08:52:13 [main] INFO  org.apache.coyote.http11.Http11NioProtocol - Starting ProtocolHandler ["http-nio-8081"]
2020-04-03 08:52:13 [main] INFO  o.s.boot.web.embedded.tomcat.TomcatWebServer - Tomcat started on port(s): 8081 (http) with context path ''
2020-04-03 08:52:13 [main] INFO  com.julong.deanInquire.DeanInquiryApplication - Started DeanInquiryApplication in 4.477 seconds (JVM running for 5.893)
2020-04-03 08:52:20 [http-nio-8081-exec-1] INFO  o.a.c.core.ContainerBase.[Tomcat].[localhost].[/] - Initializing Spring DispatcherServlet 'dispatcherServlet'
2020-04-03 08:52:20 [http-nio-8081-exec-1] INFO  org.springframework.web.servlet.DispatcherServlet - Initializing Servlet 'dispatcherServlet'
2020-04-03 08:52:20 [http-nio-8081-exec-1] INFO  org.springframework.web.servlet.DispatcherServlet - Completed initialization in 22 ms
2020-04-03 08:52:21 [http-nio-8081-exec-1] INFO  c.julong.deanInquire.interceptor.TokenInterceptor - 通过拦截器
2020-04-03 08:52:21 [http-nio-8081-exec-1] INFO  com.zaxxer.hikari.HikariDataSource - HikariPool-1 - Starting...
2020-04-03 08:52:21 [http-nio-8081-exec-1] WARN  com.zaxxer.hikari.util.DriverDataSource - Registered driver with driverClassName=oracle.jdbc.driver.OracleDriver was not found, trying direct instantiation.
2020-04-03 08:52:21 [http-nio-8081-exec-1] INFO  com.zaxxer.hikari.HikariDataSource - HikariPool-1 - Start completed.
2020-04-03 08:53:35 [main] INFO  com.julong.deanInquire.DeanInquiryApplication - Starting DeanInquiryApplication on Win-1811022255 with PID 5544 (D:\weixin\project\deanInquire\target\classes started by Administrator in D:\weixin\project\deanInquire)
2020-04-03 08:53:35 [main] INFO  com.julong.deanInquire.DeanInquiryApplication - No active profile set, falling back to default profiles: default
2020-04-03 08:53:36 [main] INFO  o.s.d.r.config.RepositoryConfigurationDelegate - Multiple Spring Data modules found, entering strict repository configuration mode!
2020-04-03 08:53:36 [main] INFO  o.s.d.r.config.RepositoryConfigurationDelegate - Bootstrapping Spring Data Redis repositories in DEFAULT mode.
2020-04-03 08:53:36 [main] INFO  o.s.d.r.config.RepositoryConfigurationDelegate - Finished Spring Data repository scanning in 24ms. Found 0 Redis repository interfaces.
2020-04-03 08:53:36 [main] INFO  o.s.c.s.PostProcessorRegistrationDelegate$BeanPostProcessorChecker - Bean 'org.springframework.transaction.annotation.ProxyTransactionManagementConfiguration' of type [org.springframework.transaction.annotation.ProxyTransactionManagementConfiguration] is not eligible for getting processed by all BeanPostProcessors (for example: not eligible for auto-proxying)
2020-04-03 08:53:37 [main] INFO  o.s.boot.web.embedded.tomcat.TomcatWebServer - Tomcat initialized with port(s): 8081 (http)
2020-04-03 08:53:37 [main] INFO  org.apache.coyote.http11.Http11NioProtocol - Initializing ProtocolHandler ["http-nio-8081"]
2020-04-03 08:53:37 [main] INFO  org.apache.catalina.core.StandardService - Starting service [Tomcat]
2020-04-03 08:53:37 [main] INFO  org.apache.catalina.core.StandardEngine - Starting Servlet engine: [Apache Tomcat/9.0.30]
2020-04-03 08:53:37 [main] INFO  o.a.c.core.ContainerBase.[Tomcat].[localhost].[/] - Initializing Spring embedded WebApplicationContext
2020-04-03 08:53:37 [main] INFO  org.springframework.web.context.ContextLoader - Root WebApplicationContext: initialization completed in 1945 ms
2020-04-03 08:53:38 [main] INFO  o.s.scheduling.concurrent.ThreadPoolTaskExecutor - Initializing ExecutorService 'applicationTaskExecutor'
2020-04-03 08:53:38 [main] INFO  o.s.b.a.web.servlet.WelcomePageHandlerMapping - Adding welcome page template: index
2020-04-03 08:53:38 [main] INFO  org.apache.coyote.http11.Http11NioProtocol - Starting ProtocolHandler ["http-nio-8081"]
2020-04-03 08:53:38 [main] INFO  o.s.boot.web.embedded.tomcat.TomcatWebServer - Tomcat started on port(s): 8081 (http) with context path ''
2020-04-03 08:53:38 [main] INFO  com.julong.deanInquire.DeanInquiryApplication - Started DeanInquiryApplication in 4.593 seconds (JVM running for 6.064)
2020-04-03 08:53:53 [http-nio-8081-exec-1] INFO  o.a.c.core.ContainerBase.[Tomcat].[localhost].[/] - Initializing Spring DispatcherServlet 'dispatcherServlet'
2020-04-03 08:53:53 [http-nio-8081-exec-1] INFO  org.springframework.web.servlet.DispatcherServlet - Initializing Servlet 'dispatcherServlet'
2020-04-03 08:53:53 [http-nio-8081-exec-1] INFO  org.springframework.web.servlet.DispatcherServlet - Completed initialization in 9 ms
2020-04-03 08:53:53 [http-nio-8081-exec-1] INFO  com.zaxxer.hikari.HikariDataSource - HikariPool-1 - Starting...
2020-04-03 08:53:53 [http-nio-8081-exec-1] WARN  com.zaxxer.hikari.util.DriverDataSource - Registered driver with driverClassName=oracle.jdbc.driver.OracleDriver was not found, trying direct instantiation.
2020-04-03 08:53:54 [http-nio-8081-exec-1] INFO  com.zaxxer.hikari.HikariDataSource - HikariPool-1 - Start completed.
2020-04-03 08:53:54 [http-nio-8081-exec-1] INFO  com.julong.deanInquire.controller.UserController - 登录失败,密码错误
2020-04-03 08:54:01 [http-nio-8081-exec-2] INFO  com.julong.deanInquire.controller.UserController - 登录成功
2020-04-03 08:57:06 [http-nio-8081-exec-5] INFO  com.julong.deanInquire.controller.UserController - 登录成功
2020-04-03 08:57:15 [http-nio-8081-exec-6] INFO  c.julong.deanInquire.interceptor.TokenInterceptor - 通过拦截器
2020-04-03 08:59:29 [http-nio-8081-exec-9] INFO  com.julong.deanInquire.controller.UserController - 登录成功
2020-04-03 09:01:14 [http-nio-8081-exec-2] INFO  com.julong.deanInquire.controller.UserController - 登录成功
2020-04-03 09:04:09 [http-nio-8081-exec-5] INFO  com.julong.deanInquire.controller.UserController - 登录成功
2020-04-03 09:04:16 [http-nio-8081-exec-6] INFO  c.julong.deanInquire.interceptor.TokenInterceptor - 通过拦截器
2020-04-03 09:04:18 [http-nio-8081-exec-7] INFO  c.julong.deanInquire.interceptor.TokenInterceptor - 通过拦截器
2020-04-03 09:05:25 [http-nio-8081-exec-9] INFO  com.julong.deanInquire.controller.UserController - 登录成功
2020-04-03 09:07:03 [http-nio-8081-exec-2] INFO  com.julong.deanInquire.controller.UserController - 登录成功
2020-04-03 09:07:09 [http-nio-8081-exec-3] INFO  c.julong.deanInquire.interceptor.TokenInterceptor - 通过拦截器
2020-04-03 09:08:23 [http-nio-8081-exec-6] INFO  com.julong.deanInquire.controller.UserController - 登录成功
2020-04-03 09:09:13 [http-nio-8081-exec-8] INFO  com.julong.deanInquire.controller.UserController - 登录成功
2020-04-03 09:11:02 [http-nio-8081-exec-1] INFO  com.julong.deanInquire.controller.UserController - 登录成功
2020-04-03 09:24:19 [http-nio-8081-exec-4] INFO  com.julong.deanInquire.controller.UserController - 登录成功
2020-04-03 09:24:30 [http-nio-8081-exec-6] INFO  com.julong.deanInquire.controller.UserController - 登录成功
2020-04-03 09:32:15 [main] INFO  com.julong.deanInquire.DeanInquiryApplicationTests - Starting DeanInquiryApplicationTests on Win-1811022255 with PID 5236 (started by Administrator in D:\weixin\project\deanInquire)
2020-04-03 09:32:15 [main] INFO  com.julong.deanInquire.DeanInquiryApplicationTests - No active profile set, falling back to default profiles: default
2020-04-03 09:32:16 [main] INFO  o.s.d.r.config.RepositoryConfigurationDelegate - Multiple Spring Data modules found, entering strict repository configuration mode!
2020-04-03 09:32:16 [main] INFO  o.s.d.r.config.RepositoryConfigurationDelegate - Bootstrapping Spring Data Redis repositories in DEFAULT mode.
2020-04-03 09:32:16 [main] INFO  o.s.d.r.config.RepositoryConfigurationDelegate - Finished Spring Data repository scanning in 39ms. Found 0 Redis repository interfaces.
2020-04-03 09:32:17 [main] INFO  o.s.c.s.PostProcessorRegistrationDelegate$BeanPostProcessorChecker - Bean 'org.springframework.transaction.annotation.ProxyTransactionManagementConfiguration' of type [org.springframework.transaction.annotation.ProxyTransactionManagementConfiguration] is not eligible for getting processed by all BeanPostProcessors (for example: not eligible for auto-proxying)
2020-04-03 09:32:19 [main] INFO  o.s.scheduling.concurrent.ThreadPoolTaskExecutor - Initializing ExecutorService 'applicationTaskExecutor'
2020-04-03 09:32:20 [main] INFO  o.s.b.a.web.servlet.WelcomePageHandlerMapping - Adding welcome page template: index
2020-04-03 09:32:20 [main] INFO  com.julong.deanInquire.DeanInquiryApplicationTests - Started DeanInquiryApplicationTests in 10.257 seconds (JVM running for 11.836)
2020-04-03 09:32:21 [SpringContextShutdownHook] INFO  o.s.scheduling.concurrent.ThreadPoolTaskExecutor - Shutting down ExecutorService 'applicationTaskExecutor'
2020-04-03 10:39:59 [main] INFO  com.julong.deanInquire.DeanInquiryApplication - Starting DeanInquiryApplication on Win-1811022255 with PID 5316 (D:\weixin\project\deanInquire\target\classes started by Administrator in D:\weixin\project\deanInquire)
2020-04-03 10:39:59 [main] INFO  com.julong.deanInquire.DeanInquiryApplication - No active profile set, falling back to default profiles: default
2020-04-03 10:40:01 [main] INFO  o.s.d.r.config.RepositoryConfigurationDelegate - Multiple Spring Data modules found, entering strict repository configuration mode!
2020-04-03 10:40:01 [main] INFO  o.s.d.r.config.RepositoryConfigurationDelegate - Bootstrapping Spring Data Redis repositories in DEFAULT mode.
2020-04-03 10:40:01 [main] INFO  o.s.d.r.config.RepositoryConfigurationDelegate - Finished Spring Data repository scanning in 35ms. Found 0 Redis repository interfaces.
2020-04-03 10:40:02 [main] INFO  o.s.c.s.PostProcessorRegistrationDelegate$BeanPostProcessorChecker - Bean 'org.springframework.transaction.annotation.ProxyTransactionManagementConfiguration' of type [org.springframework.transaction.annotation.ProxyTransactionManagementConfiguration] is not eligible for getting processed by all BeanPostProcessors (for example: not eligible for auto-proxying)
2020-04-03 10:40:02 [main] INFO  o.s.boot.web.embedded.tomcat.TomcatWebServer - Tomcat initialized with port(s): 8081 (http)
2020-04-03 10:40:02 [main] INFO  org.apache.coyote.http11.Http11NioProtocol - Initializing ProtocolHandler ["http-nio-8081"]
2020-04-03 10:40:02 [main] INFO  org.apache.catalina.core.StandardService - Starting service [Tomcat]
2020-04-03 10:40:02 [main] INFO  org.apache.catalina.core.StandardEngine - Starting Servlet engine: [Apache Tomcat/9.0.30]
2020-04-03 10:40:02 [main] INFO  o.a.c.core.ContainerBase.[Tomcat].[localhost].[/] - Initializing Spring embedded WebApplicationContext
2020-04-03 10:40:02 [main] INFO  org.springframework.web.context.ContextLoader - Root WebApplicationContext: initialization completed in 2618 ms
2020-04-03 10:40:03 [main] INFO  o.s.scheduling.concurrent.ThreadPoolTaskExecutor - Initializing ExecutorService 'applicationTaskExecutor'
2020-04-03 10:40:04 [main] INFO  o.s.b.a.web.servlet.WelcomePageHandlerMapping - Adding welcome page template: index
2020-04-03 10:40:04 [main] INFO  org.apache.coyote.http11.Http11NioProtocol - Starting ProtocolHandler ["http-nio-8081"]
2020-04-03 10:40:04 [main] INFO  o.s.boot.web.embedded.tomcat.TomcatWebServer - Tomcat started on port(s): 8081 (http) with context path ''
2020-04-03 10:40:04 [main] INFO  com.julong.deanInquire.DeanInquiryApplication - Started DeanInquiryApplication in 5.924 seconds (JVM running for 7.519)
2020-04-03 10:42:05 [http-nio-8081-exec-1] INFO  o.a.c.core.ContainerBase.[Tomcat].[localhost].[/] - Initializing Spring DispatcherServlet 'dispatcherServlet'
2020-04-03 10:42:05 [http-nio-8081-exec-1] INFO  org.springframework.web.servlet.DispatcherServlet - Initializing Servlet 'dispatcherServlet'
2020-04-03 10:42:05 [http-nio-8081-exec-1] INFO  org.springframework.web.servlet.DispatcherServlet - Completed initialization in 9 ms
2020-04-03 10:42:05 [http-nio-8081-exec-1] INFO  com.zaxxer.hikari.HikariDataSource - HikariPool-1 - Starting...
2020-04-03 10:42:05 [http-nio-8081-exec-1] WARN  com.zaxxer.hikari.util.DriverDataSource - Registered driver with driverClassName=oracle.jdbc.driver.OracleDriver was not found, trying direct instantiation.
2020-04-03 10:42:05 [http-nio-8081-exec-1] INFO  com.zaxxer.hikari.HikariDataSource - HikariPool-1 - Start completed.
2020-04-03 10:42:06 [http-nio-8081-exec-1] INFO  com.julong.deanInquire.controller.UserController - 登录成功
2020-04-03 10:42:10 [http-nio-8081-exec-2] INFO  c.julong.deanInquire.interceptor.TokenInterceptor - 通过拦截器
2020-04-03 10:42:22 [http-nio-8081-exec-3] INFO  c.julong.deanInquire.interceptor.TokenInterceptor - 通过拦截器
2020-04-03 10:42:26 [http-nio-8081-exec-4] INFO  c.julong.deanInquire.interceptor.TokenInterceptor - 通过拦截器
2020-04-03 10:42:39 [http-nio-8081-exec-5] INFO  c.julong.deanInquire.interceptor.TokenInterceptor - 通过拦截器
2020-04-03 10:43:03 [http-nio-8081-exec-6] INFO  c.julong.deanInquire.interceptor.TokenInterceptor - 通过拦截器
2020-04-03 10:43:06 [http-nio-8081-exec-7] INFO  c.julong.deanInquire.interceptor.TokenInterceptor - 通过拦截器
2020-04-03 10:43:25 [http-nio-8081-exec-8] INFO  c.julong.deanInquire.interceptor.TokenInterceptor - 通过拦截器
2020-04-03 10:43:30 [http-nio-8081-exec-9] INFO  c.julong.deanInquire.interceptor.TokenInterceptor - 通过拦截器
2020-04-03 10:43:43 [http-nio-8081-exec-10] INFO  c.julong.deanInquire.interceptor.TokenInterceptor - 通过拦截器
2020-04-03 10:43:59 [http-nio-8081-exec-1] INFO  c.julong.deanInquire.interceptor.TokenInterceptor - 通过拦截器
2020-04-03 10:44:19 [http-nio-8081-exec-2] INFO  c.julong.deanInquire.interceptor.TokenInterceptor - 通过拦截器
2020-04-03 10:44:21 [http-nio-8081-exec-3] INFO  c.julong.deanInquire.interceptor.TokenInterceptor - 通过拦截器
2020-04-03 10:44:29 [http-nio-8081-exec-4] INFO  c.julong.deanInquire.interceptor.TokenInterceptor - 通过拦截器
2020-04-03 10:44:40 [http-nio-8081-exec-5] INFO  c.julong.deanInquire.interceptor.TokenInterceptor - 通过拦截器
2020-04-03 10:44:52 [http-nio-8081-exec-6] INFO  c.julong.deanInquire.interceptor.TokenInterceptor - 通过拦截器
2020-04-03 10:45:08 [http-nio-8081-exec-7] INFO  c.julong.deanInquire.interceptor.TokenInterceptor - 通过拦截器
2020-04-03 10:45:16 [http-nio-8081-exec-8] INFO  c.julong.deanInquire.interceptor.TokenInterceptor - 通过拦截器
2020-04-03 10:45:25 [http-nio-8081-exec-9] INFO  c.julong.deanInquire.interceptor.TokenInterceptor - 通过拦截器
2020-04-03 10:45:49 [http-nio-8081-exec-10] INFO  c.julong.deanInquire.interceptor.TokenInterceptor - 通过拦截器
2020-04-03 10:45:58 [http-nio-8081-exec-1] INFO  c.julong.deanInquire.interceptor.TokenInterceptor - 通过拦截器
2020-04-03 10:46:06 [http-nio-8081-exec-2] INFO  c.julong.deanInquire.interceptor.TokenInterceptor - 通过拦截器
2020-04-03 10:46:13 [http-nio-8081-exec-3] INFO  c.julong.deanInquire.interceptor.TokenInterceptor - 通过拦截器
2020-04-03 10:46:25 [http-nio-8081-exec-5] INFO  com.julong.deanInquire.controller.UserController - 登录成功
2020-04-03 10:46:28 [http-nio-8081-exec-6] INFO  c.julong.deanInquire.interceptor.TokenInterceptor - 通过拦截器
2020-04-03 10:46:38 [http-nio-8081-exec-7] INFO  c.julong.deanInquire.interceptor.TokenInterceptor - 通过拦截器
2020-04-03 10:46:51 [http-nio-8081-exec-8] INFO  c.julong.deanInquire.interceptor.TokenInterceptor - 通过拦截器
2020-04-03 10:47:07 [http-nio-8081-exec-9] INFO  c.julong.deanInquire.interceptor.TokenInterceptor - 通过拦截器
2020-04-03 10:47:16 [http-nio-8081-exec-10] INFO  c.julong.deanInquire.interceptor.TokenInterceptor - 通过拦截器
2020-04-03 10:48:09 [http-nio-8081-exec-2] INFO  com.julong.deanInquire.controller.UserController - 登录失败,密码错误
2020-04-03 12:06:49 [main] INFO  com.julong.deanInquire.DeanInquiryApplication - Starting DeanInquiryApplication on Win-1811022255 with PID 5908 (D:\weixin\project\deanInquire\target\classes started by Administrator in D:\weixin\project\deanInquire)
2020-04-03 12:06:49 [main] INFO  com.julong.deanInquire.DeanInquiryApplication - No active profile set, falling back to default profiles: default
2020-04-03 12:06:49 [main] INFO  o.s.d.r.config.RepositoryConfigurationDelegate - Multiple Spring Data modules found, entering strict repository configuration mode!
2020-04-03 12:06:49 [main] INFO  o.s.d.r.config.RepositoryConfigurationDelegate - Bootstrapping Spring Data Redis repositories in DEFAULT mode.
2020-04-03 12:06:49 [main] INFO  o.s.d.r.config.RepositoryConfigurationDelegate - Finished Spring Data repository scanning in 75ms. Found 0 Redis repository interfaces.
2020-04-03 12:06:50 [main] INFO  o.s.c.s.PostProcessorRegistrationDelegate$BeanPostProcessorChecker - Bean 'org.springframework.transaction.annotation.ProxyTransactionManagementConfiguration' of type [org.springframework.transaction.annotation.ProxyTransactionManagementConfiguration] is not eligible for getting processed by all BeanPostProcessors (for example: not eligible for auto-proxying)
2020-04-03 12:06:51 [main] INFO  o.s.boot.web.embedded.tomcat.TomcatWebServer - Tomcat initialized with port(s): 8081 (http)
2020-04-03 12:06:51 [main] INFO  org.apache.coyote.http11.Http11NioProtocol - Initializing ProtocolHandler ["http-nio-8081"]
2020-04-03 12:06:51 [main] INFO  org.apache.catalina.core.StandardService - Starting service [Tomcat]
2020-04-03 12:06:51 [main] INFO  org.apache.catalina.core.StandardEngine - Starting Servlet engine: [Apache Tomcat/9.0.30]
2020-04-03 12:06:51 [main] INFO  o.a.c.core.ContainerBase.[Tomcat].[localhost].[/] - Initializing Spring embedded WebApplicationContext
2020-04-03 12:06:51 [main] INFO  org.springframework.web.context.ContextLoader - Root WebApplicationContext: initialization completed in 2292 ms
2020-04-03 12:06:53 [main] INFO  o.s.scheduling.concurrent.ThreadPoolTaskExecutor - Initializing ExecutorService 'applicationTaskExecutor'
2020-04-03 12:06:53 [main] INFO  o.s.b.a.web.servlet.WelcomePageHandlerMapping - Adding welcome page template: index
2020-04-03 12:06:54 [main] INFO  org.apache.coyote.http11.Http11NioProtocol - Starting ProtocolHandler ["http-nio-8081"]
2020-04-03 12:06:54 [main] INFO  o.s.boot.web.embedded.tomcat.TomcatWebServer - Tomcat started on port(s): 8081 (http) with context path ''
2020-04-03 12:06:54 [main] INFO  com.julong.deanInquire.DeanInquiryApplication - Started DeanInquiryApplication in 6.766 seconds (JVM running for 8.233)
2020-04-03 12:07:04 [http-nio-8081-exec-1] INFO  o.a.c.core.ContainerBase.[Tomcat].[localhost].[/] - Initializing Spring DispatcherServlet 'dispatcherServlet'
2020-04-03 12:07:04 [http-nio-8081-exec-1] INFO  org.springframework.web.servlet.DispatcherServlet - Initializing Servlet 'dispatcherServlet'
2020-04-03 12:07:04 [http-nio-8081-exec-1] INFO  org.springframework.web.servlet.DispatcherServlet - Completed initialization in 13 ms
2020-04-03 12:07:04 [http-nio-8081-exec-1] INFO  com.zaxxer.hikari.HikariDataSource - HikariPool-1 - Starting...
2020-04-03 12:07:04 [http-nio-8081-exec-1] WARN  com.zaxxer.hikari.util.DriverDataSource - Registered driver with driverClassName=oracle.jdbc.driver.OracleDriver was not found, trying direct instantiation.
2020-04-03 12:07:05 [http-nio-8081-exec-1] INFO  com.zaxxer.hikari.HikariDataSource - HikariPool-1 - Start completed.
2020-04-03 12:07:05 [http-nio-8081-exec-1] INFO  com.julong.deanInquire.controller.UserController - 登录成功
2020-04-03 13:29:58 [HikariPool-1 housekeeper] WARN  com.zaxxer.hikari.pool.HikariPool - HikariPool-1 - Thread starvation or clock leap detected (housekeeper delta=52m22s720ms164µs12ns).
2020-04-03 13:39:05 [http-nio-8081-exec-4] INFO  com.julong.deanInquire.controller.UserController - 登录成功
2020-04-03 13:41:16 [http-nio-8081-exec-5] INFO  com.julong.deanInquire.controller.UserController - 登录失败,密码错误
2020-04-03 13:41:38 [http-nio-8081-exec-9] INFO  com.julong.deanInquire.controller.UserController - 登录成功
2020-04-03 13:41:50 [http-nio-8081-exec-10] INFO  c.julong.deanInquire.interceptor.TokenInterceptor - 通过拦截器
2020-04-03 13:42:10 [http-nio-8081-exec-7] INFO  c.julong.deanInquire.interceptor.TokenInterceptor - 通过拦截器
2020-04-03 13:42:15 [http-nio-8081-exec-3] INFO  c.julong.deanInquire.interceptor.TokenInterceptor - 通过拦截器
2020-04-03 13:42:25 [http-nio-8081-exec-1] INFO  c.julong.deanInquire.interceptor.TokenInterceptor - 通过拦截器
2020-04-03 13:42:34 [http-nio-8081-exec-2] INFO  c.julong.deanInquire.interceptor.TokenInterceptor - 通过拦截器
2020-04-03 13:42:42 [http-nio-8081-exec-4] INFO  c.julong.deanInquire.interceptor.TokenInterceptor - 通过拦截器
2020-04-03 13:42:59 [http-nio-8081-exec-6] INFO  c.julong.deanInquire.interceptor.TokenInterceptor - 通过拦截器
2020-04-03 13:43:04 [http-nio-8081-exec-5] INFO  c.julong.deanInquire.interceptor.TokenInterceptor - 通过拦截器
2020-04-03 13:43:09 [http-nio-8081-exec-8] INFO  c.julong.deanInquire.interceptor.TokenInterceptor - 通过拦截器
2020-04-03 13:43:13 [http-nio-8081-exec-9] INFO  c.julong.deanInquire.interceptor.TokenInterceptor - 通过拦截器
2020-04-03 13:43:16 [http-nio-8081-exec-10] INFO  c.julong.deanInquire.interceptor.TokenInterceptor - 通过拦截器
2020-04-03 13:43:20 [http-nio-8081-exec-7] INFO  c.julong.deanInquire.interceptor.TokenInterceptor - 通过拦截器
2020-04-03 13:43:27 [http-nio-8081-exec-3] INFO  c.julong.deanInquire.interceptor.TokenInterceptor - 通过拦截器
2020-04-03 13:43:33 [http-nio-8081-exec-1] INFO  c.julong.deanInquire.interceptor.TokenInterceptor - 通过拦截器
2020-04-03 13:44:08 [http-nio-8081-exec-2] INFO  c.julong.deanInquire.interceptor.TokenInterceptor - 通过拦截器
2020-04-03 13:44:24 [http-nio-8081-exec-4] INFO  c.julong.deanInquire.interceptor.TokenInterceptor - 通过拦截器
2020-04-03 13:49:16 [http-nio-8081-exec-5] INFO  c.julong.deanInquire.interceptor.TokenInterceptor - 通过拦截器
2020-04-03 13:51:18 [http-nio-8081-exec-10] INFO  com.julong.deanInquire.controller.UserController - 登录成功
2020-04-03 13:53:47 [http-nio-8081-exec-1] INFO  com.julong.deanInquire.controller.UserController - 登录成功
2020-04-03 13:53:57 [http-nio-8081-exec-2] INFO  c.julong.deanInquire.interceptor.TokenInterceptor - 通过拦截器
2020-04-03 13:54:04 [http-nio-8081-exec-4] INFO  c.julong.deanInquire.interceptor.TokenInterceptor - 通过拦截器
2020-04-03 13:54:17 [http-nio-8081-exec-6] INFO  c.julong.deanInquire.interceptor.TokenInterceptor - 通过拦截器
2020-04-03 13:55:11 [http-nio-8081-exec-5] INFO  c.julong.deanInquire.interceptor.TokenInterceptor - 通过拦截器
2020-04-03 13:57:02 [http-nio-8081-exec-9] INFO  c.julong.deanInquire.interceptor.TokenInterceptor - 通过拦截器
2020-04-03 14:00:34 [http-nio-8081-exec-7] INFO  c.julong.deanInquire.interceptor.TokenInterceptor - 通过拦截器
2020-04-03 14:00:55 [http-nio-8081-exec-3] INFO  c.julong.deanInquire.interceptor.TokenInterceptor - 通过拦截器
2020-04-03 14:00:59 [http-nio-8081-exec-1] INFO  c.julong.deanInquire.interceptor.TokenInterceptor - 通过拦截器
2020-04-03 14:01:11 [http-nio-8081-exec-2] INFO  c.julong.deanInquire.interceptor.TokenInterceptor - 通过拦截器
2020-04-03 14:01:36 [http-nio-8081-exec-4] INFO  c.julong.deanInquire.interceptor.TokenInterceptor - 通过拦截器
2020-04-03 14:02:09 [http-nio-8081-exec-6] INFO  c.julong.deanInquire.interceptor.TokenInterceptor - 通过拦截器
2020-04-03 14:02:27 [http-nio-8081-exec-5] INFO  c.julong.deanInquire.interceptor.TokenInterceptor - 通过拦截器
2020-04-03 14:02:38 [http-nio-8081-exec-8] INFO  c.julong.deanInquire.interceptor.TokenInterceptor - 通过拦截器
2020-04-03 14:03:09 [http-nio-8081-exec-9] INFO  c.julong.deanInquire.interceptor.TokenInterceptor - 通过拦截器
2020-04-03 14:03:20 [http-nio-8081-exec-10] INFO  c.julong.deanInquire.interceptor.TokenInterceptor - 通过拦截器
2020-04-03 14:19:19 [http-nio-8081-exec-1] INFO  com.julong.deanInquire.controller.UserController - 登录成功
2020-04-03 14:19:31 [http-nio-8081-exec-2] INFO  c.julong.deanInquire.interceptor.TokenInterceptor - 通过拦截器
2020-04-03 14:19:48 [http-nio-8081-exec-4] INFO  c.julong.deanInquire.interceptor.TokenInterceptor - 通过拦截器
2020-04-03 14:19:53 [http-nio-8081-exec-6] INFO  c.julong.deanInquire.interceptor.TokenInterceptor - 通过拦截器
2020-04-03 14:56:01 [http-nio-8081-exec-4] INFO  com.julong.deanInquire.controller.UserController - 登录成功
2020-04-03 17:01:52 [main] INFO  com.julong.deanInquire.DeanInquiryApplication - Starting DeanInquiryApplication on Win-1811022255 with PID 9512 (D:\weixin\project\deanInquire\target\classes started by Administrator in D:\weixin\project\deanInquire)
2020-04-03 17:01:52 [main] INFO  com.julong.deanInquire.DeanInquiryApplication - No active profile set, falling back to default profiles: default
2020-04-03 17:01:53 [main] INFO  o.s.d.r.config.RepositoryConfigurationDelegate - Multiple Spring Data modules found, entering strict repository configuration mode!
2020-04-03 17:01:53 [main] INFO  o.s.d.r.config.RepositoryConfigurationDelegate - Bootstrapping Spring Data Redis repositories in DEFAULT mode.
2020-04-03 17:01:53 [main] INFO  o.s.d.r.config.RepositoryConfigurationDelegate - Finished Spring Data repository scanning in 27ms. Found 0 Redis repository interfaces.
2020-04-03 17:01:54 [main] INFO  o.s.c.s.PostProcessorRegistrationDelegate$BeanPostProcessorChecker - Bean 'org.springframework.transaction.annotation.ProxyTransactionManagementConfiguration' of type [org.springframework.transaction.annotation.ProxyTransactionManagementConfiguration] is not eligible for getting processed by all BeanPostProcessors (for example: not eligible for auto-proxying)
2020-04-03 17:01:54 [main] INFO  o.s.boot.web.embedded.tomcat.TomcatWebServer - Tomcat initialized with port(s): 8081 (http)
2020-04-03 17:01:54 [main] INFO  org.apache.coyote.http11.Http11NioProtocol - Initializing ProtocolHandler ["http-nio-8081"]
2020-04-03 17:01:54 [main] INFO  org.apache.catalina.core.StandardService - Starting service [Tomcat]
2020-04-03 17:01:54 [main] INFO  org.apache.catalina.core.StandardEngine - Starting Servlet engine: [Apache Tomcat/9.0.30]
2020-04-03 17:01:54 [main] INFO  o.a.c.core.ContainerBase.[Tomcat].[localhost].[/] - Initializing Spring embedded WebApplicationContext
2020-04-03 17:01:54 [main] INFO  org.springframework.web.context.ContextLoader - Root WebApplicationContext: initialization completed in 1757 ms
2020-04-03 17:01:55 [main] INFO  o.s.scheduling.concurrent.ThreadPoolTaskExecutor - Initializing ExecutorService 'applicationTaskExecutor'
2020-04-03 17:01:55 [main] INFO  o.s.b.a.web.servlet.WelcomePageHandlerMapping - Adding welcome page template: index
2020-04-03 17:01:55 [main] INFO  org.apache.coyote.http11.Http11NioProtocol - Starting ProtocolHandler ["http-nio-8081"]
2020-04-03 17:01:55 [main] INFO  o.s.boot.web.embedded.tomcat.TomcatWebServer - Tomcat started on port(s): 8081 (http) with context path ''
2020-04-03 17:01:55 [main] INFO  com.julong.deanInquire.DeanInquiryApplication - Started DeanInquiryApplication in 5.052 seconds (JVM running for 6.613)
2020-04-03 17:02:50 [http-nio-8081-exec-1] INFO  o.a.c.core.ContainerBase.[Tomcat].[localhost].[/] - Initializing Spring DispatcherServlet 'dispatcherServlet'
2020-04-03 17:02:50 [http-nio-8081-exec-1] INFO  org.springframework.web.servlet.DispatcherServlet - Initializing Servlet 'dispatcherServlet'
2020-04-03 17:02:50 [http-nio-8081-exec-1] INFO  org.springframework.web.servlet.DispatcherServlet - Completed initialization in 10 ms
2020-04-03 17:02:50 [http-nio-8081-exec-1] INFO  com.zaxxer.hikari.HikariDataSource - HikariPool-1 - Starting...
2020-04-03 17:02:50 [http-nio-8081-exec-1] WARN  com.zaxxer.hikari.util.DriverDataSource - Registered driver with driverClassName=oracle.jdbc.driver.OracleDriver was not found, trying direct instantiation.
2020-04-03 17:02:51 [http-nio-8081-exec-1] INFO  com.zaxxer.hikari.HikariDataSource - HikariPool-1 - Start completed.
2020-04-03 17:02:51 [http-nio-8081-exec-1] INFO  com.julong.deanInquire.controller.UserController - 登录失败,密码错误
2020-04-03 17:07:44 [http-nio-8081-exec-3] INFO  com.julong.deanInquire.controller.UserController - 登录成功
2020-04-03 17:08:55 [http-nio-8081-exec-5] INFO  com.julong.deanInquire.controller.UserController - 登录成功
2020-04-03 17:11:06 [http-nio-8081-exec-7] INFO  com.julong.deanInquire.controller.UserController - 登录成功
2020-04-03 17:12:39 [http-nio-8081-exec-9] INFO  com.julong.deanInquire.controller.UserController - 登录成功
2020-04-03 17:13:58 [http-nio-8081-exec-2] INFO  com.julong.deanInquire.controller.UserController - 登录成功
2020-04-03 17:15:00 [http-nio-8081-exec-4] INFO  com.julong.deanInquire.controller.UserController - 登录成功
2020-04-03 17:15:55 [http-nio-8081-exec-5] INFO  com.julong.deanInquire.controller.UserController - 登录成功
2020-04-03 17:20:32 [main] INFO  com.julong.deanInquire.DeanInquiryApplication - Starting DeanInquiryApplication on Win-1811022255 with PID 9012 (D:\weixin\project\deanInquire\target\classes started by Administrator in D:\weixin\project\deanInquire)
2020-04-03 17:20:32 [main] INFO  com.julong.deanInquire.DeanInquiryApplication - No active profile set, falling back to default profiles: default
2020-04-03 17:20:34 [main] INFO  o.s.d.r.config.RepositoryConfigurationDelegate - Multiple Spring Data modules found, entering strict repository configuration mode!
2020-04-03 17:20:34 [main] INFO  o.s.d.r.config.RepositoryConfigurationDelegate - Bootstrapping Spring Data Redis repositories in DEFAULT mode.
2020-04-03 17:20:34 [main] INFO  o.s.d.r.config.RepositoryConfigurationDelegate - Finished Spring Data repository scanning in 28ms. Found 0 Redis repository interfaces.
2020-04-03 17:20:35 [main] INFO  o.s.c.s.PostProcessorRegistrationDelegate$BeanPostProcessorChecker - Bean 'org.springframework.transaction.annotation.ProxyTransactionManagementConfiguration' of type [org.springframework.transaction.annotation.ProxyTransactionManagementConfiguration] is not eligible for getting processed by all BeanPostProcessors (for example: not eligible for auto-proxying)
2020-04-03 17:20:35 [main] INFO  o.s.boot.web.embedded.tomcat.TomcatWebServer - Tomcat initialized with port(s): 8081 (http)
2020-04-03 17:20:35 [main] INFO  org.apache.coyote.http11.Http11NioProtocol - Initializing ProtocolHandler ["http-nio-8081"]
2020-04-03 17:20:35 [main] INFO  org.apache.catalina.core.StandardService - Starting service [Tomcat]
2020-04-03 17:20:35 [main] INFO  org.apache.catalina.core.StandardEngine - Starting Servlet engine: [Apache Tomcat/9.0.30]
2020-04-03 17:20:36 [main] INFO  o.a.c.core.ContainerBase.[Tomcat].[localhost].[/] - Initializing Spring embedded WebApplicationContext
2020-04-03 17:20:36 [main] INFO  org.springframework.web.context.ContextLoader - Root WebApplicationContext: initialization completed in 2522 ms
2020-04-03 17:20:37 [main] INFO  o.s.scheduling.concurrent.ThreadPoolTaskExecutor - Initializing ExecutorService 'applicationTaskExecutor'
2020-04-03 17:20:38 [main] INFO  o.s.b.a.web.servlet.WelcomePageHandlerMapping - Adding welcome page template: index
2020-04-03 17:20:38 [main] INFO  org.apache.coyote.http11.Http11NioProtocol - Starting ProtocolHandler ["http-nio-8081"]
2020-04-03 17:20:38 [main] INFO  o.s.boot.web.embedded.tomcat.TomcatWebServer - Tomcat started on port(s): 8081 (http) with context path ''
2020-04-03 17:20:38 [main] INFO  com.julong.deanInquire.DeanInquiryApplication - Started DeanInquiryApplication in 6.934 seconds (JVM running for 8.44)
2020-04-03 17:21:10 [http-nio-8081-exec-3] INFO  o.a.c.core.ContainerBase.[Tomcat].[localhost].[/] - Initializing Spring DispatcherServlet 'dispatcherServlet'
2020-04-03 17:21:10 [http-nio-8081-exec-3] INFO  org.springframework.web.servlet.DispatcherServlet - Initializing Servlet 'dispatcherServlet'
2020-04-03 17:21:10 [http-nio-8081-exec-3] INFO  org.springframework.web.servlet.DispatcherServlet - Completed initialization in 10 ms
2020-04-03 17:21:10 [http-nio-8081-exec-3] INFO  com.zaxxer.hikari.HikariDataSource - HikariPool-1 - Starting...
2020-04-03 17:21:10 [http-nio-8081-exec-3] WARN  com.zaxxer.hikari.util.DriverDataSource - Registered driver with driverClassName=oracle.jdbc.driver.OracleDriver was not found, trying direct instantiation.
2020-04-03 17:21:10 [http-nio-8081-exec-3] INFO  com.zaxxer.hikari.HikariDataSource - HikariPool-1 - Start completed.
2020-04-03 17:21:11 [http-nio-8081-exec-3] INFO  com.julong.deanInquire.controller.UserController - 登录成功
