2020-04-02 15:27:07 [main] INFO  com.julong.deanInquire.DeanInquiryApplication - Starting DeanInquiryApplication on Win-1811022255 with PID 8988 (D:\weixin\project\deanInquire\target\classes started by Administrator in D:\weixin\project\deanInquire)
2020-04-02 15:27:07 [main] INFO  com.julong.deanInquire.DeanInquiryApplication - No active profile set, falling back to default profiles: default
2020-04-02 15:27:08 [main] INFO  o.s.d.r.config.RepositoryConfigurationDelegate - Multiple Spring Data modules found, entering strict repository configuration mode!
2020-04-02 15:27:08 [main] INFO  o.s.d.r.config.RepositoryConfigurationDelegate - Bootstrapping Spring Data Redis repositories in DEFAULT mode.
2020-04-02 15:27:08 [main] INFO  o.s.d.r.config.RepositoryConfigurationDelegate - Finished Spring Data repository scanning in 23ms. Found 0 Redis repository interfaces.
2020-04-02 15:27:09 [main] INFO  o.s.c.s.PostProcessorRegistrationDelegate$BeanPostProcessorChecker - Bean 'org.springframework.transaction.annotation.ProxyTransactionManagementConfiguration' of type [org.springframework.transaction.annotation.ProxyTransactionManagementConfiguration] is not eligible for getting processed by all BeanPostProcessors (for example: not eligible for auto-proxying)
2020-04-02 15:27:09 [main] INFO  o.s.boot.web.embedded.tomcat.TomcatWebServer - Tomcat initialized with port(s): 8081 (http)
2020-04-02 15:27:09 [main] INFO  org.apache.coyote.http11.Http11NioProtocol - Initializing ProtocolHandler ["http-nio-8081"]
2020-04-02 15:27:09 [main] INFO  org.apache.catalina.core.StandardService - Starting service [Tomcat]
2020-04-02 15:27:09 [main] INFO  org.apache.catalina.core.StandardEngine - Starting Servlet engine: [Apache Tomcat/9.0.30]
2020-04-02 15:27:09 [main] INFO  o.a.c.core.ContainerBase.[Tomcat].[localhost].[/] - Initializing Spring embedded WebApplicationContext
2020-04-02 15:27:09 [main] INFO  org.springframework.web.context.ContextLoader - Root WebApplicationContext: initialization completed in 1908 ms
2020-04-02 15:27:10 [main] INFO  o.s.scheduling.concurrent.ThreadPoolTaskExecutor - Initializing ExecutorService 'applicationTaskExecutor'
2020-04-02 15:27:10 [main] INFO  o.s.b.a.web.servlet.WelcomePageHandlerMapping - Adding welcome page template: index
2020-04-02 15:27:11 [main] INFO  org.apache.coyote.http11.Http11NioProtocol - Starting ProtocolHandler ["http-nio-8081"]
2020-04-02 15:27:11 [main] INFO  o.s.boot.web.embedded.tomcat.TomcatWebServer - Tomcat started on port(s): 8081 (http) with context path ''
2020-04-02 15:27:11 [main] INFO  com.julong.deanInquire.DeanInquiryApplication - Started DeanInquiryApplication in 5.316 seconds (JVM running for 7.95)
2020-04-02 15:28:06 [http-nio-8081-exec-1] INFO  o.a.c.core.ContainerBase.[Tomcat].[localhost].[/] - Initializing Spring DispatcherServlet 'dispatcherServlet'
2020-04-02 15:28:06 [http-nio-8081-exec-1] INFO  org.springframework.web.servlet.DispatcherServlet - Initializing Servlet 'dispatcherServlet'
2020-04-02 15:28:06 [http-nio-8081-exec-1] INFO  org.springframework.web.servlet.DispatcherServlet - Completed initialization in 8 ms
2020-04-02 15:28:07 [http-nio-8081-exec-1] INFO  com.zaxxer.hikari.HikariDataSource - HikariPool-1 - Starting...
2020-04-02 15:28:07 [http-nio-8081-exec-1] WARN  com.zaxxer.hikari.util.DriverDataSource - Registered driver with driverClassName=oracle.jdbc.driver.OracleDriver was not found, trying direct instantiation.
2020-04-02 15:28:07 [http-nio-8081-exec-1] INFO  com.zaxxer.hikari.HikariDataSource - HikariPool-1 - Start completed.
2020-04-02 15:28:08 [http-nio-8081-exec-1] INFO  com.julong.deanInquire.controller.UserController - 登录成功
2020-04-02 15:30:32 [main] INFO  com.julong.deanInquire.DeanInquiryApplication - Starting DeanInquiryApplication on Win-1811022255 with PID 6604 (D:\weixin\project\deanInquire\target\classes started by Administrator in D:\weixin\project\deanInquire)
2020-04-02 15:30:32 [main] INFO  com.julong.deanInquire.DeanInquiryApplication - No active profile set, falling back to default profiles: default
2020-04-02 15:30:33 [main] INFO  o.s.d.r.config.RepositoryConfigurationDelegate - Multiple Spring Data modules found, entering strict repository configuration mode!
2020-04-02 15:30:33 [main] INFO  o.s.d.r.config.RepositoryConfigurationDelegate - Bootstrapping Spring Data Redis repositories in DEFAULT mode.
2020-04-02 15:30:33 [main] INFO  o.s.d.r.config.RepositoryConfigurationDelegate - Finished Spring Data repository scanning in 22ms. Found 0 Redis repository interfaces.
2020-04-02 15:30:33 [main] INFO  o.s.c.s.PostProcessorRegistrationDelegate$BeanPostProcessorChecker - Bean 'org.springframework.transaction.annotation.ProxyTransactionManagementConfiguration' of type [org.springframework.transaction.annotation.ProxyTransactionManagementConfiguration] is not eligible for getting processed by all BeanPostProcessors (for example: not eligible for auto-proxying)
2020-04-02 15:30:34 [main] INFO  o.s.boot.web.embedded.tomcat.TomcatWebServer - Tomcat initialized with port(s): 8081 (http)
2020-04-02 15:30:34 [main] INFO  org.apache.coyote.http11.Http11NioProtocol - Initializing ProtocolHandler ["http-nio-8081"]
2020-04-02 15:30:34 [main] INFO  org.apache.catalina.core.StandardService - Starting service [Tomcat]
2020-04-02 15:30:34 [main] INFO  org.apache.catalina.core.StandardEngine - Starting Servlet engine: [Apache Tomcat/9.0.30]
2020-04-02 15:30:34 [main] INFO  o.a.c.core.ContainerBase.[Tomcat].[localhost].[/] - Initializing Spring embedded WebApplicationContext
2020-04-02 15:30:34 [main] INFO  org.springframework.web.context.ContextLoader - Root WebApplicationContext: initialization completed in 1660 ms
2020-04-02 15:30:35 [main] INFO  o.s.scheduling.concurrent.ThreadPoolTaskExecutor - Initializing ExecutorService 'applicationTaskExecutor'
2020-04-02 15:30:35 [main] INFO  o.s.b.a.web.servlet.WelcomePageHandlerMapping - Adding welcome page template: index
2020-04-02 15:30:35 [main] INFO  org.apache.coyote.http11.Http11NioProtocol - Starting ProtocolHandler ["http-nio-8081"]
2020-04-02 15:30:35 [main] INFO  o.s.boot.web.embedded.tomcat.TomcatWebServer - Tomcat started on port(s): 8081 (http) with context path ''
2020-04-02 15:30:35 [main] INFO  com.julong.deanInquire.DeanInquiryApplication - Started DeanInquiryApplication in 4.495 seconds (JVM running for 5.92)
2020-04-02 15:31:40 [http-nio-8081-exec-1] INFO  o.a.c.core.ContainerBase.[Tomcat].[localhost].[/] - Initializing Spring DispatcherServlet 'dispatcherServlet'
2020-04-02 15:31:40 [http-nio-8081-exec-1] INFO  org.springframework.web.servlet.DispatcherServlet - Initializing Servlet 'dispatcherServlet'
2020-04-02 15:31:41 [http-nio-8081-exec-1] INFO  org.springframework.web.servlet.DispatcherServlet - Completed initialization in 10 ms
2020-04-02 15:31:41 [http-nio-8081-exec-1] INFO  com.zaxxer.hikari.HikariDataSource - HikariPool-1 - Starting...
2020-04-02 15:31:41 [http-nio-8081-exec-1] WARN  com.zaxxer.hikari.util.DriverDataSource - Registered driver with driverClassName=oracle.jdbc.driver.OracleDriver was not found, trying direct instantiation.
2020-04-02 15:31:41 [http-nio-8081-exec-1] INFO  com.zaxxer.hikari.HikariDataSource - HikariPool-1 - Start completed.
2020-04-02 15:31:42 [http-nio-8081-exec-1] INFO  com.julong.deanInquire.controller.UserController - 登录成功
2020-04-02 15:38:06 [main] INFO  com.julong.deanInquire.DeanInquiryApplication - Starting DeanInquiryApplication on Win-1811022255 with PID 5152 (D:\weixin\project\deanInquire\target\classes started by Administrator in D:\weixin\project\deanInquire)
2020-04-02 15:38:06 [main] INFO  com.julong.deanInquire.DeanInquiryApplication - No active profile set, falling back to default profiles: default
2020-04-02 15:38:07 [main] INFO  o.s.d.r.config.RepositoryConfigurationDelegate - Multiple Spring Data modules found, entering strict repository configuration mode!
2020-04-02 15:38:07 [main] INFO  o.s.d.r.config.RepositoryConfigurationDelegate - Bootstrapping Spring Data Redis repositories in DEFAULT mode.
2020-04-02 15:38:07 [main] INFO  o.s.d.r.config.RepositoryConfigurationDelegate - Finished Spring Data repository scanning in 28ms. Found 0 Redis repository interfaces.
2020-04-02 15:38:08 [main] INFO  o.s.c.s.PostProcessorRegistrationDelegate$BeanPostProcessorChecker - Bean 'org.springframework.transaction.annotation.ProxyTransactionManagementConfiguration' of type [org.springframework.transaction.annotation.ProxyTransactionManagementConfiguration] is not eligible for getting processed by all BeanPostProcessors (for example: not eligible for auto-proxying)
2020-04-02 15:38:08 [main] INFO  o.s.boot.web.embedded.tomcat.TomcatWebServer - Tomcat initialized with port(s): 8081 (http)
2020-04-02 15:38:08 [main] INFO  org.apache.coyote.http11.Http11NioProtocol - Initializing ProtocolHandler ["http-nio-8081"]
2020-04-02 15:38:08 [main] INFO  org.apache.catalina.core.StandardService - Starting service [Tomcat]
2020-04-02 15:38:08 [main] INFO  org.apache.catalina.core.StandardEngine - Starting Servlet engine: [Apache Tomcat/9.0.30]
2020-04-02 15:38:08 [main] INFO  o.a.c.core.ContainerBase.[Tomcat].[localhost].[/] - Initializing Spring embedded WebApplicationContext
2020-04-02 15:38:08 [main] INFO  org.springframework.web.context.ContextLoader - Root WebApplicationContext: initialization completed in 1700 ms
2020-04-02 15:38:09 [main] INFO  o.s.scheduling.concurrent.ThreadPoolTaskExecutor - Initializing ExecutorService 'applicationTaskExecutor'
2020-04-02 15:38:09 [main] INFO  o.s.b.a.web.servlet.WelcomePageHandlerMapping - Adding welcome page template: index
2020-04-02 15:38:09 [main] INFO  org.apache.coyote.http11.Http11NioProtocol - Starting ProtocolHandler ["http-nio-8081"]
2020-04-02 15:38:10 [main] INFO  o.s.boot.web.embedded.tomcat.TomcatWebServer - Tomcat started on port(s): 8081 (http) with context path ''
2020-04-02 15:38:10 [main] INFO  com.julong.deanInquire.DeanInquiryApplication - Started DeanInquiryApplication in 4.732 seconds (JVM running for 6.326)
2020-04-02 15:40:30 [http-nio-8081-exec-1] INFO  o.a.c.core.ContainerBase.[Tomcat].[localhost].[/] - Initializing Spring DispatcherServlet 'dispatcherServlet'
2020-04-02 15:40:30 [http-nio-8081-exec-1] INFO  org.springframework.web.servlet.DispatcherServlet - Initializing Servlet 'dispatcherServlet'
2020-04-02 15:40:30 [http-nio-8081-exec-1] INFO  org.springframework.web.servlet.DispatcherServlet - Completed initialization in 9 ms
2020-04-02 15:40:30 [http-nio-8081-exec-1] INFO  com.zaxxer.hikari.HikariDataSource - HikariPool-1 - Starting...
2020-04-02 15:40:30 [http-nio-8081-exec-1] WARN  com.zaxxer.hikari.util.DriverDataSource - Registered driver with driverClassName=oracle.jdbc.driver.OracleDriver was not found, trying direct instantiation.
2020-04-02 15:40:31 [http-nio-8081-exec-1] INFO  com.zaxxer.hikari.HikariDataSource - HikariPool-1 - Start completed.
2020-04-02 15:40:31 [http-nio-8081-exec-1] INFO  com.julong.deanInquire.controller.UserController - 登录成功
2020-04-02 15:54:09 [main] INFO  com.julong.deanInquire.DeanInquiryApplication - Starting DeanInquiryApplication on Win-1811022255 with PID 7980 (D:\weixin\project\deanInquire\target\classes started by Administrator in D:\weixin\project\deanInquire)
2020-04-02 15:54:09 [main] INFO  com.julong.deanInquire.DeanInquiryApplication - No active profile set, falling back to default profiles: default
2020-04-02 15:54:11 [main] INFO  o.s.d.r.config.RepositoryConfigurationDelegate - Multiple Spring Data modules found, entering strict repository configuration mode!
2020-04-02 15:54:11 [main] INFO  o.s.d.r.config.RepositoryConfigurationDelegate - Bootstrapping Spring Data Redis repositories in DEFAULT mode.
2020-04-02 15:54:11 [main] INFO  o.s.d.r.config.RepositoryConfigurationDelegate - Finished Spring Data repository scanning in 30ms. Found 0 Redis repository interfaces.
2020-04-02 15:54:11 [main] INFO  o.s.c.s.PostProcessorRegistrationDelegate$BeanPostProcessorChecker - Bean 'org.springframework.transaction.annotation.ProxyTransactionManagementConfiguration' of type [org.springframework.transaction.annotation.ProxyTransactionManagementConfiguration] is not eligible for getting processed by all BeanPostProcessors (for example: not eligible for auto-proxying)
2020-04-02 15:54:12 [main] INFO  o.s.boot.web.embedded.tomcat.TomcatWebServer - Tomcat initialized with port(s): 8081 (http)
2020-04-02 15:54:12 [main] INFO  org.apache.coyote.http11.Http11NioProtocol - Initializing ProtocolHandler ["http-nio-8081"]
2020-04-02 15:54:12 [main] INFO  org.apache.catalina.core.StandardService - Starting service [Tomcat]
2020-04-02 15:54:12 [main] INFO  org.apache.catalina.core.StandardEngine - Starting Servlet engine: [Apache Tomcat/9.0.30]
2020-04-02 15:54:12 [main] INFO  o.a.c.core.ContainerBase.[Tomcat].[localhost].[/] - Initializing Spring embedded WebApplicationContext
2020-04-02 15:54:12 [main] INFO  org.springframework.web.context.ContextLoader - Root WebApplicationContext: initialization completed in 2362 ms
2020-04-02 15:54:13 [main] INFO  o.s.scheduling.concurrent.ThreadPoolTaskExecutor - Initializing ExecutorService 'applicationTaskExecutor'
2020-04-02 15:54:13 [main] INFO  o.s.b.a.web.servlet.WelcomePageHandlerMapping - Adding welcome page template: index
2020-04-02 15:54:13 [main] INFO  org.apache.coyote.http11.Http11NioProtocol - Starting ProtocolHandler ["http-nio-8081"]
2020-04-02 15:54:13 [main] INFO  o.s.boot.web.embedded.tomcat.TomcatWebServer - Tomcat started on port(s): 8081 (http) with context path ''
2020-04-02 15:54:13 [main] INFO  com.julong.deanInquire.DeanInquiryApplication - Started DeanInquiryApplication in 4.651 seconds (JVM running for 6.048)
2020-04-02 15:54:49 [http-nio-8081-exec-1] INFO  o.a.c.core.ContainerBase.[Tomcat].[localhost].[/] - Initializing Spring DispatcherServlet 'dispatcherServlet'
2020-04-02 15:54:49 [http-nio-8081-exec-1] INFO  org.springframework.web.servlet.DispatcherServlet - Initializing Servlet 'dispatcherServlet'
2020-04-02 15:54:49 [http-nio-8081-exec-1] INFO  org.springframework.web.servlet.DispatcherServlet - Completed initialization in 9 ms
2020-04-02 15:54:49 [http-nio-8081-exec-1] INFO  com.zaxxer.hikari.HikariDataSource - HikariPool-1 - Starting...
2020-04-02 15:54:49 [http-nio-8081-exec-1] WARN  com.zaxxer.hikari.util.DriverDataSource - Registered driver with driverClassName=oracle.jdbc.driver.OracleDriver was not found, trying direct instantiation.
2020-04-02 15:54:49 [http-nio-8081-exec-1] INFO  com.zaxxer.hikari.HikariDataSource - HikariPool-1 - Start completed.
2020-04-02 15:54:50 [http-nio-8081-exec-1] INFO  com.julong.deanInquire.controller.UserController - 登录成功
2020-04-02 15:56:55 [http-nio-8081-exec-3] INFO  com.julong.deanInquire.controller.UserController - 登录成功
2020-04-02 15:58:24 [http-nio-8081-exec-5] INFO  com.julong.deanInquire.controller.UserController - 登录成功
2020-04-02 16:00:42 [main] INFO  com.julong.deanInquire.DeanInquiryApplication - Starting DeanInquiryApplication on Win-1811022255 with PID 2920 (D:\weixin\project\deanInquire\target\classes started by Administrator in D:\weixin\project\deanInquire)
2020-04-02 16:00:42 [main] INFO  com.julong.deanInquire.DeanInquiryApplication - No active profile set, falling back to default profiles: default
2020-04-02 16:00:44 [main] INFO  o.s.d.r.config.RepositoryConfigurationDelegate - Multiple Spring Data modules found, entering strict repository configuration mode!
2020-04-02 16:00:44 [main] INFO  o.s.d.r.config.RepositoryConfigurationDelegate - Bootstrapping Spring Data Redis repositories in DEFAULT mode.
2020-04-02 16:00:44 [main] INFO  o.s.d.r.config.RepositoryConfigurationDelegate - Finished Spring Data repository scanning in 23ms. Found 0 Redis repository interfaces.
2020-04-02 16:00:44 [main] INFO  o.s.c.s.PostProcessorRegistrationDelegate$BeanPostProcessorChecker - Bean 'org.springframework.transaction.annotation.ProxyTransactionManagementConfiguration' of type [org.springframework.transaction.annotation.ProxyTransactionManagementConfiguration] is not eligible for getting processed by all BeanPostProcessors (for example: not eligible for auto-proxying)
2020-04-02 16:00:45 [main] INFO  o.s.boot.web.embedded.tomcat.TomcatWebServer - Tomcat initialized with port(s): 8081 (http)
2020-04-02 16:00:45 [main] INFO  org.apache.coyote.http11.Http11NioProtocol - Initializing ProtocolHandler ["http-nio-8081"]
2020-04-02 16:00:45 [main] INFO  org.apache.catalina.core.StandardService - Starting service [Tomcat]
2020-04-02 16:00:45 [main] INFO  org.apache.catalina.core.StandardEngine - Starting Servlet engine: [Apache Tomcat/9.0.30]
2020-04-02 16:00:45 [main] INFO  o.a.c.core.ContainerBase.[Tomcat].[localhost].[/] - Initializing Spring embedded WebApplicationContext
2020-04-02 16:00:45 [main] INFO  org.springframework.web.context.ContextLoader - Root WebApplicationContext: initialization completed in 1839 ms
2020-04-02 16:00:46 [main] INFO  o.s.scheduling.concurrent.ThreadPoolTaskExecutor - Initializing ExecutorService 'applicationTaskExecutor'
2020-04-02 16:00:46 [main] INFO  o.s.b.a.web.servlet.WelcomePageHandlerMapping - Adding welcome page template: index
2020-04-02 16:00:46 [main] INFO  org.apache.coyote.http11.Http11NioProtocol - Starting ProtocolHandler ["http-nio-8081"]
2020-04-02 16:00:46 [main] INFO  o.s.boot.web.embedded.tomcat.TomcatWebServer - Tomcat started on port(s): 8081 (http) with context path ''
2020-04-02 16:00:46 [main] INFO  com.julong.deanInquire.DeanInquiryApplication - Started DeanInquiryApplication in 4.882 seconds (JVM running for 6.356)
2020-04-02 16:01:11 [http-nio-8081-exec-1] INFO  o.a.c.core.ContainerBase.[Tomcat].[localhost].[/] - Initializing Spring DispatcherServlet 'dispatcherServlet'
2020-04-02 16:01:11 [http-nio-8081-exec-1] INFO  org.springframework.web.servlet.DispatcherServlet - Initializing Servlet 'dispatcherServlet'
2020-04-02 16:01:11 [http-nio-8081-exec-1] INFO  org.springframework.web.servlet.DispatcherServlet - Completed initialization in 11 ms
2020-04-02 16:01:11 [http-nio-8081-exec-1] INFO  com.zaxxer.hikari.HikariDataSource - HikariPool-1 - Starting...
2020-04-02 16:01:11 [http-nio-8081-exec-1] WARN  com.zaxxer.hikari.util.DriverDataSource - Registered driver with driverClassName=oracle.jdbc.driver.OracleDriver was not found, trying direct instantiation.
2020-04-02 16:01:12 [http-nio-8081-exec-1] INFO  com.zaxxer.hikari.HikariDataSource - HikariPool-1 - Start completed.
2020-04-02 16:01:12 [http-nio-8081-exec-1] INFO  com.julong.deanInquire.controller.UserController - 登录成功
2020-04-02 16:04:38 [main] INFO  com.julong.deanInquire.DeanInquiryApplication - Starting DeanInquiryApplication on Win-1811022255 with PID 7240 (D:\weixin\project\deanInquire\target\classes started by Administrator in D:\weixin\project\deanInquire)
2020-04-02 16:04:38 [main] INFO  com.julong.deanInquire.DeanInquiryApplication - No active profile set, falling back to default profiles: default
2020-04-02 16:04:39 [main] INFO  o.s.d.r.config.RepositoryConfigurationDelegate - Multiple Spring Data modules found, entering strict repository configuration mode!
2020-04-02 16:04:39 [main] INFO  o.s.d.r.config.RepositoryConfigurationDelegate - Bootstrapping Spring Data Redis repositories in DEFAULT mode.
2020-04-02 16:04:39 [main] INFO  o.s.d.r.config.RepositoryConfigurationDelegate - Finished Spring Data repository scanning in 28ms. Found 0 Redis repository interfaces.
2020-04-02 16:04:39 [main] INFO  o.s.c.s.PostProcessorRegistrationDelegate$BeanPostProcessorChecker - Bean 'org.springframework.transaction.annotation.ProxyTransactionManagementConfiguration' of type [org.springframework.transaction.annotation.ProxyTransactionManagementConfiguration] is not eligible for getting processed by all BeanPostProcessors (for example: not eligible for auto-proxying)
2020-04-02 16:04:39 [main] INFO  o.s.boot.web.embedded.tomcat.TomcatWebServer - Tomcat initialized with port(s): 8081 (http)
2020-04-02 16:04:39 [main] INFO  org.apache.coyote.http11.Http11NioProtocol - Initializing ProtocolHandler ["http-nio-8081"]
2020-04-02 16:04:39 [main] INFO  org.apache.catalina.core.StandardService - Starting service [Tomcat]
2020-04-02 16:04:39 [main] INFO  org.apache.catalina.core.StandardEngine - Starting Servlet engine: [Apache Tomcat/9.0.30]
2020-04-02 16:04:39 [main] INFO  o.a.c.core.ContainerBase.[Tomcat].[localhost].[/] - Initializing Spring embedded WebApplicationContext
2020-04-02 16:04:39 [main] INFO  org.springframework.web.context.ContextLoader - Root WebApplicationContext: initialization completed in 1741 ms
2020-04-02 16:04:40 [main] INFO  o.s.scheduling.concurrent.ThreadPoolTaskExecutor - Initializing ExecutorService 'applicationTaskExecutor'
2020-04-02 16:04:40 [main] INFO  o.s.b.a.web.servlet.WelcomePageHandlerMapping - Adding welcome page template: index
2020-04-02 16:04:41 [main] INFO  org.apache.coyote.http11.Http11NioProtocol - Starting ProtocolHandler ["http-nio-8081"]
2020-04-02 16:04:41 [main] INFO  o.s.boot.web.embedded.tomcat.TomcatWebServer - Tomcat started on port(s): 8081 (http) with context path ''
2020-04-02 16:04:41 [main] INFO  com.julong.deanInquire.DeanInquiryApplication - Started DeanInquiryApplication in 4.377 seconds (JVM running for 5.856)
2020-04-02 16:05:56 [http-nio-8081-exec-1] INFO  o.a.c.core.ContainerBase.[Tomcat].[localhost].[/] - Initializing Spring DispatcherServlet 'dispatcherServlet'
2020-04-02 16:05:56 [http-nio-8081-exec-1] INFO  org.springframework.web.servlet.DispatcherServlet - Initializing Servlet 'dispatcherServlet'
2020-04-02 16:05:56 [http-nio-8081-exec-1] INFO  org.springframework.web.servlet.DispatcherServlet - Completed initialization in 11 ms
2020-04-02 16:05:56 [http-nio-8081-exec-1] INFO  com.zaxxer.hikari.HikariDataSource - HikariPool-1 - Starting...
2020-04-02 16:05:56 [http-nio-8081-exec-1] WARN  com.zaxxer.hikari.util.DriverDataSource - Registered driver with driverClassName=oracle.jdbc.driver.OracleDriver was not found, trying direct instantiation.
2020-04-02 16:05:56 [http-nio-8081-exec-1] INFO  com.zaxxer.hikari.HikariDataSource - HikariPool-1 - Start completed.
2020-04-02 16:05:57 [http-nio-8081-exec-1] INFO  com.julong.deanInquire.controller.UserController - 登录成功
2020-04-02 16:07:41 [http-nio-8081-exec-3] INFO  com.julong.deanInquire.controller.UserController - 登录成功
2020-04-02 16:10:05 [http-nio-8081-exec-5] INFO  com.julong.deanInquire.controller.UserController - 登录成功
2020-04-02 16:10:52 [http-nio-8081-exec-7] INFO  com.julong.deanInquire.controller.UserController - 登录成功
2020-04-02 16:14:45 [http-nio-8081-exec-9] INFO  com.julong.deanInquire.controller.UserController - 登录成功
2020-04-02 16:15:24 [http-nio-8081-exec-1] INFO  com.julong.deanInquire.controller.UserController - 登录成功
2020-04-02 16:17:51 [http-nio-8081-exec-3] INFO  com.julong.deanInquire.controller.UserController - 登录成功
2020-04-02 16:22:15 [main] INFO  com.julong.deanInquire.DeanInquiryApplication - Starting DeanInquiryApplication on Win-1811022255 with PID 4028 (D:\weixin\project\deanInquire\target\classes started by Administrator in D:\weixin\project\deanInquire)
2020-04-02 16:22:15 [main] INFO  com.julong.deanInquire.DeanInquiryApplication - No active profile set, falling back to default profiles: default
2020-04-02 16:22:17 [main] INFO  o.s.d.r.config.RepositoryConfigurationDelegate - Multiple Spring Data modules found, entering strict repository configuration mode!
2020-04-02 16:22:17 [main] INFO  o.s.d.r.config.RepositoryConfigurationDelegate - Bootstrapping Spring Data Redis repositories in DEFAULT mode.
2020-04-02 16:22:17 [main] INFO  o.s.d.r.config.RepositoryConfigurationDelegate - Finished Spring Data repository scanning in 22ms. Found 0 Redis repository interfaces.
2020-04-02 16:22:17 [main] INFO  o.s.c.s.PostProcessorRegistrationDelegate$BeanPostProcessorChecker - Bean 'org.springframework.transaction.annotation.ProxyTransactionManagementConfiguration' of type [org.springframework.transaction.annotation.ProxyTransactionManagementConfiguration] is not eligible for getting processed by all BeanPostProcessors (for example: not eligible for auto-proxying)
2020-04-02 16:22:17 [main] INFO  o.s.boot.web.embedded.tomcat.TomcatWebServer - Tomcat initialized with port(s): 8081 (http)
2020-04-02 16:22:17 [main] INFO  org.apache.coyote.http11.Http11NioProtocol - Initializing ProtocolHandler ["http-nio-8081"]
2020-04-02 16:22:17 [main] INFO  org.apache.catalina.core.StandardService - Starting service [Tomcat]
2020-04-02 16:22:17 [main] INFO  org.apache.catalina.core.StandardEngine - Starting Servlet engine: [Apache Tomcat/9.0.30]
2020-04-02 16:22:17 [main] INFO  o.a.c.core.ContainerBase.[Tomcat].[localhost].[/] - Initializing Spring embedded WebApplicationContext
2020-04-02 16:22:17 [main] INFO  org.springframework.web.context.ContextLoader - Root WebApplicationContext: initialization completed in 1729 ms
2020-04-02 16:22:18 [main] INFO  o.s.scheduling.concurrent.ThreadPoolTaskExecutor - Initializing ExecutorService 'applicationTaskExecutor'
2020-04-02 16:22:18 [main] INFO  o.s.b.a.web.servlet.WelcomePageHandlerMapping - Adding welcome page template: index
2020-04-02 16:22:19 [main] INFO  org.apache.coyote.http11.Http11NioProtocol - Starting ProtocolHandler ["http-nio-8081"]
2020-04-02 16:22:19 [main] INFO  o.s.boot.web.embedded.tomcat.TomcatWebServer - Tomcat started on port(s): 8081 (http) with context path ''
2020-04-02 16:22:19 [main] INFO  com.julong.deanInquire.DeanInquiryApplication - Started DeanInquiryApplication in 4.699 seconds (JVM running for 6.188)
2020-04-02 16:22:35 [http-nio-8081-exec-1] INFO  o.a.c.core.ContainerBase.[Tomcat].[localhost].[/] - Initializing Spring DispatcherServlet 'dispatcherServlet'
2020-04-02 16:22:35 [http-nio-8081-exec-1] INFO  org.springframework.web.servlet.DispatcherServlet - Initializing Servlet 'dispatcherServlet'
2020-04-02 16:22:35 [http-nio-8081-exec-1] INFO  org.springframework.web.servlet.DispatcherServlet - Completed initialization in 11 ms
2020-04-02 16:22:35 [http-nio-8081-exec-1] INFO  com.zaxxer.hikari.HikariDataSource - HikariPool-1 - Starting...
2020-04-02 16:22:35 [http-nio-8081-exec-1] WARN  com.zaxxer.hikari.util.DriverDataSource - Registered driver with driverClassName=oracle.jdbc.driver.OracleDriver was not found, trying direct instantiation.
2020-04-02 16:22:36 [http-nio-8081-exec-1] INFO  com.zaxxer.hikari.HikariDataSource - HikariPool-1 - Start completed.
2020-04-02 16:22:36 [http-nio-8081-exec-1] INFO  com.julong.deanInquire.controller.UserController - 登录成功
2020-04-02 16:35:52 [main] INFO  com.julong.deanInquire.DeanInquiryApplication - Starting DeanInquiryApplication on Win-1811022255 with PID 8948 (D:\weixin\project\deanInquire\target\classes started by Administrator in D:\weixin\project\deanInquire)
2020-04-02 16:35:52 [main] INFO  com.julong.deanInquire.DeanInquiryApplication - No active profile set, falling back to default profiles: default
2020-04-02 16:35:54 [main] INFO  o.s.d.r.config.RepositoryConfigurationDelegate - Multiple Spring Data modules found, entering strict repository configuration mode!
2020-04-02 16:35:54 [main] INFO  o.s.d.r.config.RepositoryConfigurationDelegate - Bootstrapping Spring Data Redis repositories in DEFAULT mode.
2020-04-02 16:35:54 [main] INFO  o.s.d.r.config.RepositoryConfigurationDelegate - Finished Spring Data repository scanning in 26ms. Found 0 Redis repository interfaces.
2020-04-02 16:35:54 [main] INFO  o.s.c.s.PostProcessorRegistrationDelegate$BeanPostProcessorChecker - Bean 'org.springframework.transaction.annotation.ProxyTransactionManagementConfiguration' of type [org.springframework.transaction.annotation.ProxyTransactionManagementConfiguration] is not eligible for getting processed by all BeanPostProcessors (for example: not eligible for auto-proxying)
2020-04-02 16:35:54 [main] INFO  o.s.boot.web.embedded.tomcat.TomcatWebServer - Tomcat initialized with port(s): 8081 (http)
2020-04-02 16:35:54 [main] INFO  org.apache.coyote.http11.Http11NioProtocol - Initializing ProtocolHandler ["http-nio-8081"]
2020-04-02 16:35:54 [main] INFO  org.apache.catalina.core.StandardService - Starting service [Tomcat]
2020-04-02 16:35:54 [main] INFO  org.apache.catalina.core.StandardEngine - Starting Servlet engine: [Apache Tomcat/9.0.30]
2020-04-02 16:35:55 [main] INFO  o.a.c.core.ContainerBase.[Tomcat].[localhost].[/] - Initializing Spring embedded WebApplicationContext
2020-04-02 16:35:55 [main] INFO  org.springframework.web.context.ContextLoader - Root WebApplicationContext: initialization completed in 2441 ms
2020-04-02 16:35:56 [main] INFO  o.s.scheduling.concurrent.ThreadPoolTaskExecutor - Initializing ExecutorService 'applicationTaskExecutor'
2020-04-02 16:35:56 [main] INFO  o.s.b.a.web.servlet.WelcomePageHandlerMapping - Adding welcome page template: index
2020-04-02 16:35:56 [main] INFO  org.apache.coyote.http11.Http11NioProtocol - Starting ProtocolHandler ["http-nio-8081"]
2020-04-02 16:35:56 [main] INFO  o.s.boot.web.embedded.tomcat.TomcatWebServer - Tomcat started on port(s): 8081 (http) with context path ''
2020-04-02 16:35:56 [main] INFO  com.julong.deanInquire.DeanInquiryApplication - Started DeanInquiryApplication in 5.15 seconds (JVM running for 6.424)
2020-04-02 16:36:07 [http-nio-8081-exec-1] INFO  o.a.c.core.ContainerBase.[Tomcat].[localhost].[/] - Initializing Spring DispatcherServlet 'dispatcherServlet'
2020-04-02 16:36:07 [http-nio-8081-exec-1] INFO  org.springframework.web.servlet.DispatcherServlet - Initializing Servlet 'dispatcherServlet'
2020-04-02 16:36:07 [http-nio-8081-exec-1] INFO  org.springframework.web.servlet.DispatcherServlet - Completed initialization in 11 ms
2020-04-02 16:36:07 [http-nio-8081-exec-1] INFO  com.zaxxer.hikari.HikariDataSource - HikariPool-1 - Starting...
2020-04-02 16:36:07 [http-nio-8081-exec-1] WARN  com.zaxxer.hikari.util.DriverDataSource - Registered driver with driverClassName=oracle.jdbc.driver.OracleDriver was not found, trying direct instantiation.
2020-04-02 16:36:07 [http-nio-8081-exec-1] INFO  com.zaxxer.hikari.HikariDataSource - HikariPool-1 - Start completed.
2020-04-02 16:36:08 [http-nio-8081-exec-1] INFO  com.julong.deanInquire.controller.UserController - 登录成功
2020-04-02 16:36:46 [main] INFO  com.julong.deanInquire.DeanInquiryApplication - Starting DeanInquiryApplication on Win-1811022255 with PID 8076 (D:\weixin\project\deanInquire\target\classes started by Administrator in D:\weixin\project\deanInquire)
2020-04-02 16:36:46 [main] INFO  com.julong.deanInquire.DeanInquiryApplication - No active profile set, falling back to default profiles: default
2020-04-02 16:36:47 [main] INFO  o.s.d.r.config.RepositoryConfigurationDelegate - Multiple Spring Data modules found, entering strict repository configuration mode!
2020-04-02 16:36:47 [main] INFO  o.s.d.r.config.RepositoryConfigurationDelegate - Bootstrapping Spring Data Redis repositories in DEFAULT mode.
2020-04-02 16:36:47 [main] INFO  o.s.d.r.config.RepositoryConfigurationDelegate - Finished Spring Data repository scanning in 33ms. Found 0 Redis repository interfaces.
2020-04-02 16:36:47 [main] INFO  o.s.c.s.PostProcessorRegistrationDelegate$BeanPostProcessorChecker - Bean 'org.springframework.transaction.annotation.ProxyTransactionManagementConfiguration' of type [org.springframework.transaction.annotation.ProxyTransactionManagementConfiguration] is not eligible for getting processed by all BeanPostProcessors (for example: not eligible for auto-proxying)
2020-04-02 16:36:47 [main] INFO  o.s.boot.web.embedded.tomcat.TomcatWebServer - Tomcat initialized with port(s): 8081 (http)
2020-04-02 16:36:47 [main] INFO  org.apache.coyote.http11.Http11NioProtocol - Initializing ProtocolHandler ["http-nio-8081"]
2020-04-02 16:36:47 [main] INFO  org.apache.catalina.core.StandardService - Starting service [Tomcat]
2020-04-02 16:36:47 [main] INFO  org.apache.catalina.core.StandardEngine - Starting Servlet engine: [Apache Tomcat/9.0.30]
2020-04-02 16:36:47 [main] INFO  o.a.c.core.ContainerBase.[Tomcat].[localhost].[/] - Initializing Spring embedded WebApplicationContext
2020-04-02 16:36:47 [main] INFO  org.springframework.web.context.ContextLoader - Root WebApplicationContext: initialization completed in 1778 ms
2020-04-02 16:36:48 [main] INFO  o.s.scheduling.concurrent.ThreadPoolTaskExecutor - Initializing ExecutorService 'applicationTaskExecutor'
2020-04-02 16:36:48 [main] INFO  o.s.b.a.web.servlet.WelcomePageHandlerMapping - Adding welcome page template: index
2020-04-02 16:36:49 [main] INFO  org.apache.coyote.http11.Http11NioProtocol - Starting ProtocolHandler ["http-nio-8081"]
2020-04-02 16:36:49 [main] INFO  o.s.boot.web.embedded.tomcat.TomcatWebServer - Tomcat started on port(s): 8081 (http) with context path ''
2020-04-02 16:36:49 [main] INFO  com.julong.deanInquire.DeanInquiryApplication - Started DeanInquiryApplication in 4.605 seconds (JVM running for 6.011)
2020-04-02 16:37:02 [http-nio-8081-exec-1] INFO  o.a.c.core.ContainerBase.[Tomcat].[localhost].[/] - Initializing Spring DispatcherServlet 'dispatcherServlet'
2020-04-02 16:37:02 [http-nio-8081-exec-1] INFO  org.springframework.web.servlet.DispatcherServlet - Initializing Servlet 'dispatcherServlet'
2020-04-02 16:37:02 [http-nio-8081-exec-1] INFO  org.springframework.web.servlet.DispatcherServlet - Completed initialization in 11 ms
2020-04-02 16:37:02 [http-nio-8081-exec-1] INFO  com.zaxxer.hikari.HikariDataSource - HikariPool-1 - Starting...
2020-04-02 16:37:02 [http-nio-8081-exec-1] WARN  com.zaxxer.hikari.util.DriverDataSource - Registered driver with driverClassName=oracle.jdbc.driver.OracleDriver was not found, trying direct instantiation.
2020-04-02 16:37:03 [http-nio-8081-exec-1] INFO  com.zaxxer.hikari.HikariDataSource - HikariPool-1 - Start completed.
2020-04-02 16:37:03 [http-nio-8081-exec-1] INFO  com.julong.deanInquire.controller.UserController - 登录成功
2020-04-02 16:44:43 [http-nio-8081-exec-3] INFO  com.julong.deanInquire.controller.UserController - 登录成功
2020-04-02 16:45:37 [http-nio-8081-exec-5] INFO  com.julong.deanInquire.controller.UserController - 登录成功
2020-04-02 16:47:12 [main] INFO  com.julong.deanInquire.DeanInquiryApplication - Starting DeanInquiryApplication on Win-1811022255 with PID 8792 (D:\weixin\project\deanInquire\target\classes started by Administrator in D:\weixin\project\deanInquire)
2020-04-02 16:47:12 [main] INFO  com.julong.deanInquire.DeanInquiryApplication - No active profile set, falling back to default profiles: default
2020-04-02 16:47:13 [main] INFO  o.s.d.r.config.RepositoryConfigurationDelegate - Multiple Spring Data modules found, entering strict repository configuration mode!
2020-04-02 16:47:13 [main] INFO  o.s.d.r.config.RepositoryConfigurationDelegate - Bootstrapping Spring Data Redis repositories in DEFAULT mode.
2020-04-02 16:47:13 [main] INFO  o.s.d.r.config.RepositoryConfigurationDelegate - Finished Spring Data repository scanning in 25ms. Found 0 Redis repository interfaces.
2020-04-02 16:47:13 [main] INFO  o.s.c.s.PostProcessorRegistrationDelegate$BeanPostProcessorChecker - Bean 'org.springframework.transaction.annotation.ProxyTransactionManagementConfiguration' of type [org.springframework.transaction.annotation.ProxyTransactionManagementConfiguration] is not eligible for getting processed by all BeanPostProcessors (for example: not eligible for auto-proxying)
2020-04-02 16:47:14 [main] INFO  o.s.boot.web.embedded.tomcat.TomcatWebServer - Tomcat initialized with port(s): 8081 (http)
2020-04-02 16:47:14 [main] INFO  org.apache.coyote.http11.Http11NioProtocol - Initializing ProtocolHandler ["http-nio-8081"]
2020-04-02 16:47:14 [main] INFO  org.apache.catalina.core.StandardService - Starting service [Tomcat]
2020-04-02 16:47:14 [main] INFO  org.apache.catalina.core.StandardEngine - Starting Servlet engine: [Apache Tomcat/9.0.30]
2020-04-02 16:47:14 [main] INFO  o.a.c.core.ContainerBase.[Tomcat].[localhost].[/] - Initializing Spring embedded WebApplicationContext
2020-04-02 16:47:14 [main] INFO  org.springframework.web.context.ContextLoader - Root WebApplicationContext: initialization completed in 1634 ms
2020-04-02 16:47:15 [main] INFO  o.s.scheduling.concurrent.ThreadPoolTaskExecutor - Initializing ExecutorService 'applicationTaskExecutor'
2020-04-02 16:47:15 [main] INFO  o.s.b.a.web.servlet.WelcomePageHandlerMapping - Adding welcome page template: index
2020-04-02 16:47:15 [main] INFO  org.apache.coyote.http11.Http11NioProtocol - Starting ProtocolHandler ["http-nio-8081"]
2020-04-02 16:47:15 [main] INFO  o.s.boot.web.embedded.tomcat.TomcatWebServer - Tomcat started on port(s): 8081 (http) with context path ''
2020-04-02 16:47:15 [main] INFO  com.julong.deanInquire.DeanInquiryApplication - Started DeanInquiryApplication in 4.828 seconds (JVM running for 6.28)
2020-04-02 16:47:46 [http-nio-8081-exec-1] INFO  o.a.c.core.ContainerBase.[Tomcat].[localhost].[/] - Initializing Spring DispatcherServlet 'dispatcherServlet'
2020-04-02 16:47:46 [http-nio-8081-exec-1] INFO  org.springframework.web.servlet.DispatcherServlet - Initializing Servlet 'dispatcherServlet'
2020-04-02 16:47:46 [http-nio-8081-exec-1] INFO  org.springframework.web.servlet.DispatcherServlet - Completed initialization in 11 ms
2020-04-02 16:47:46 [http-nio-8081-exec-1] INFO  com.zaxxer.hikari.HikariDataSource - HikariPool-1 - Starting...
2020-04-02 16:47:46 [http-nio-8081-exec-1] WARN  com.zaxxer.hikari.util.DriverDataSource - Registered driver with driverClassName=oracle.jdbc.driver.OracleDriver was not found, trying direct instantiation.
2020-04-02 16:47:47 [http-nio-8081-exec-1] INFO  com.zaxxer.hikari.HikariDataSource - HikariPool-1 - Start completed.
2020-04-02 16:47:47 [http-nio-8081-exec-1] INFO  com.julong.deanInquire.controller.UserController - 登录成功
2020-04-02 16:48:52 [main] INFO  com.julong.deanInquire.DeanInquiryApplication - Starting DeanInquiryApplication on Win-1811022255 with PID 8308 (D:\weixin\project\deanInquire\target\classes started by Administrator in D:\weixin\project\deanInquire)
2020-04-02 16:48:52 [main] INFO  com.julong.deanInquire.DeanInquiryApplication - No active profile set, falling back to default profiles: default
2020-04-02 16:48:53 [main] INFO  o.s.d.r.config.RepositoryConfigurationDelegate - Multiple Spring Data modules found, entering strict repository configuration mode!
2020-04-02 16:48:53 [main] INFO  o.s.d.r.config.RepositoryConfigurationDelegate - Bootstrapping Spring Data Redis repositories in DEFAULT mode.
2020-04-02 16:48:53 [main] INFO  o.s.d.r.config.RepositoryConfigurationDelegate - Finished Spring Data repository scanning in 26ms. Found 0 Redis repository interfaces.
2020-04-02 16:48:53 [main] INFO  o.s.c.s.PostProcessorRegistrationDelegate$BeanPostProcessorChecker - Bean 'org.springframework.transaction.annotation.ProxyTransactionManagementConfiguration' of type [org.springframework.transaction.annotation.ProxyTransactionManagementConfiguration] is not eligible for getting processed by all BeanPostProcessors (for example: not eligible for auto-proxying)
2020-04-02 16:48:54 [main] INFO  o.s.boot.web.embedded.tomcat.TomcatWebServer - Tomcat initialized with port(s): 8081 (http)
2020-04-02 16:48:54 [main] INFO  org.apache.coyote.http11.Http11NioProtocol - Initializing ProtocolHandler ["http-nio-8081"]
2020-04-02 16:48:54 [main] INFO  org.apache.catalina.core.StandardService - Starting service [Tomcat]
2020-04-02 16:48:54 [main] INFO  org.apache.catalina.core.StandardEngine - Starting Servlet engine: [Apache Tomcat/9.0.30]
2020-04-02 16:48:54 [main] INFO  o.a.c.core.ContainerBase.[Tomcat].[localhost].[/] - Initializing Spring embedded WebApplicationContext
2020-04-02 16:48:54 [main] INFO  org.springframework.web.context.ContextLoader - Root WebApplicationContext: initialization completed in 1535 ms
2020-04-02 16:48:55 [main] INFO  o.s.scheduling.concurrent.ThreadPoolTaskExecutor - Initializing ExecutorService 'applicationTaskExecutor'
2020-04-02 16:48:55 [main] INFO  o.s.b.a.web.servlet.WelcomePageHandlerMapping - Adding welcome page template: index
2020-04-02 16:48:55 [main] INFO  org.apache.coyote.http11.Http11NioProtocol - Starting ProtocolHandler ["http-nio-8081"]
2020-04-02 16:48:55 [main] INFO  o.s.boot.web.embedded.tomcat.TomcatWebServer - Tomcat started on port(s): 8081 (http) with context path ''
2020-04-02 16:48:55 [main] INFO  com.julong.deanInquire.DeanInquiryApplication - Started DeanInquiryApplication in 4.476 seconds (JVM running for 5.957)
2020-04-02 16:49:18 [http-nio-8081-exec-1] INFO  o.a.c.core.ContainerBase.[Tomcat].[localhost].[/] - Initializing Spring DispatcherServlet 'dispatcherServlet'
2020-04-02 16:49:18 [http-nio-8081-exec-1] INFO  org.springframework.web.servlet.DispatcherServlet - Initializing Servlet 'dispatcherServlet'
2020-04-02 16:49:18 [http-nio-8081-exec-1] INFO  org.springframework.web.servlet.DispatcherServlet - Completed initialization in 10 ms
2020-04-02 16:49:18 [http-nio-8081-exec-1] INFO  com.zaxxer.hikari.HikariDataSource - HikariPool-1 - Starting...
2020-04-02 16:49:18 [http-nio-8081-exec-1] WARN  com.zaxxer.hikari.util.DriverDataSource - Registered driver with driverClassName=oracle.jdbc.driver.OracleDriver was not found, trying direct instantiation.
2020-04-02 16:49:19 [http-nio-8081-exec-1] INFO  com.zaxxer.hikari.HikariDataSource - HikariPool-1 - Start completed.
2020-04-02 16:49:19 [http-nio-8081-exec-1] INFO  com.julong.deanInquire.controller.UserController - 登录成功
2020-04-02 16:54:15 [main] INFO  com.julong.deanInquire.DeanInquiryApplication - Starting DeanInquiryApplication on Win-1811022255 with PID 4756 (D:\weixin\project\deanInquire\target\classes started by Administrator in D:\weixin\project\deanInquire)
2020-04-02 16:54:15 [main] INFO  com.julong.deanInquire.DeanInquiryApplication - No active profile set, falling back to default profiles: default
2020-04-02 16:54:16 [main] INFO  o.s.d.r.config.RepositoryConfigurationDelegate - Multiple Spring Data modules found, entering strict repository configuration mode!
2020-04-02 16:54:16 [main] INFO  o.s.d.r.config.RepositoryConfigurationDelegate - Bootstrapping Spring Data Redis repositories in DEFAULT mode.
2020-04-02 16:54:16 [main] INFO  o.s.d.r.config.RepositoryConfigurationDelegate - Finished Spring Data repository scanning in 26ms. Found 0 Redis repository interfaces.
2020-04-02 16:54:17 [main] INFO  o.s.c.s.PostProcessorRegistrationDelegate$BeanPostProcessorChecker - Bean 'org.springframework.transaction.annotation.ProxyTransactionManagementConfiguration' of type [org.springframework.transaction.annotation.ProxyTransactionManagementConfiguration] is not eligible for getting processed by all BeanPostProcessors (for example: not eligible for auto-proxying)
2020-04-02 16:54:17 [main] INFO  o.s.boot.web.embedded.tomcat.TomcatWebServer - Tomcat initialized with port(s): 8081 (http)
2020-04-02 16:54:17 [main] INFO  org.apache.coyote.http11.Http11NioProtocol - Initializing ProtocolHandler ["http-nio-8081"]
2020-04-02 16:54:17 [main] INFO  org.apache.catalina.core.StandardService - Starting service [Tomcat]
2020-04-02 16:54:17 [main] INFO  org.apache.catalina.core.StandardEngine - Starting Servlet engine: [Apache Tomcat/9.0.30]
2020-04-02 16:54:17 [main] INFO  o.a.c.core.ContainerBase.[Tomcat].[localhost].[/] - Initializing Spring embedded WebApplicationContext
2020-04-02 16:54:17 [main] INFO  org.springframework.web.context.ContextLoader - Root WebApplicationContext: initialization completed in 1913 ms
2020-04-02 16:54:18 [main] INFO  o.s.scheduling.concurrent.ThreadPoolTaskExecutor - Initializing ExecutorService 'applicationTaskExecutor'
2020-04-02 16:54:18 [main] INFO  o.s.b.a.web.servlet.WelcomePageHandlerMapping - Adding welcome page template: index
2020-04-02 16:54:19 [main] INFO  org.apache.coyote.http11.Http11NioProtocol - Starting ProtocolHandler ["http-nio-8081"]
2020-04-02 16:54:19 [main] INFO  o.s.boot.web.embedded.tomcat.TomcatWebServer - Tomcat started on port(s): 8081 (http) with context path ''
2020-04-02 16:54:19 [main] INFO  com.julong.deanInquire.DeanInquiryApplication - Started DeanInquiryApplication in 5.169 seconds (JVM running for 6.609)
2020-04-02 16:54:46 [main] INFO  com.julong.deanInquire.DeanInquiryApplication - Starting DeanInquiryApplication on Win-1811022255 with PID 7444 (D:\weixin\project\deanInquire\target\classes started by Administrator in D:\weixin\project\deanInquire)
2020-04-02 16:54:46 [main] INFO  com.julong.deanInquire.DeanInquiryApplication - No active profile set, falling back to default profiles: default
2020-04-02 16:54:47 [main] INFO  o.s.d.r.config.RepositoryConfigurationDelegate - Multiple Spring Data modules found, entering strict repository configuration mode!
2020-04-02 16:54:47 [main] INFO  o.s.d.r.config.RepositoryConfigurationDelegate - Bootstrapping Spring Data Redis repositories in DEFAULT mode.
2020-04-02 16:54:47 [main] INFO  o.s.d.r.config.RepositoryConfigurationDelegate - Finished Spring Data repository scanning in 22ms. Found 0 Redis repository interfaces.
2020-04-02 16:54:47 [main] INFO  o.s.c.s.PostProcessorRegistrationDelegate$BeanPostProcessorChecker - Bean 'org.springframework.transaction.annotation.ProxyTransactionManagementConfiguration' of type [org.springframework.transaction.annotation.ProxyTransactionManagementConfiguration] is not eligible for getting processed by all BeanPostProcessors (for example: not eligible for auto-proxying)
2020-04-02 16:54:48 [main] INFO  o.s.boot.web.embedded.tomcat.TomcatWebServer - Tomcat initialized with port(s): 8081 (http)
2020-04-02 16:54:48 [main] INFO  org.apache.coyote.http11.Http11NioProtocol - Initializing ProtocolHandler ["http-nio-8081"]
2020-04-02 16:54:48 [main] INFO  org.apache.catalina.core.StandardService - Starting service [Tomcat]
2020-04-02 16:54:48 [main] INFO  org.apache.catalina.core.StandardEngine - Starting Servlet engine: [Apache Tomcat/9.0.30]
2020-04-02 16:54:48 [main] INFO  o.a.c.core.ContainerBase.[Tomcat].[localhost].[/] - Initializing Spring embedded WebApplicationContext
2020-04-02 16:54:48 [main] INFO  org.springframework.web.context.ContextLoader - Root WebApplicationContext: initialization completed in 1534 ms
2020-04-02 16:54:49 [main] INFO  o.s.scheduling.concurrent.ThreadPoolTaskExecutor - Initializing ExecutorService 'applicationTaskExecutor'
2020-04-02 16:54:49 [main] INFO  o.s.b.a.web.servlet.WelcomePageHandlerMapping - Adding welcome page template: index
2020-04-02 16:54:49 [main] INFO  org.apache.coyote.http11.Http11NioProtocol - Starting ProtocolHandler ["http-nio-8081"]
2020-04-02 16:54:49 [main] INFO  o.s.boot.web.embedded.tomcat.TomcatWebServer - Tomcat started on port(s): 8081 (http) with context path ''
2020-04-02 16:54:49 [main] INFO  com.julong.deanInquire.DeanInquiryApplication - Started DeanInquiryApplication in 4.518 seconds (JVM running for 5.918)
2020-04-02 16:55:11 [http-nio-8081-exec-1] INFO  o.a.c.core.ContainerBase.[Tomcat].[localhost].[/] - Initializing Spring DispatcherServlet 'dispatcherServlet'
2020-04-02 16:55:11 [http-nio-8081-exec-1] INFO  org.springframework.web.servlet.DispatcherServlet - Initializing Servlet 'dispatcherServlet'
2020-04-02 16:55:11 [http-nio-8081-exec-1] INFO  org.springframework.web.servlet.DispatcherServlet - Completed initialization in 12 ms
2020-04-02 16:55:11 [http-nio-8081-exec-1] INFO  com.zaxxer.hikari.HikariDataSource - HikariPool-1 - Starting...
2020-04-02 16:55:11 [http-nio-8081-exec-1] WARN  com.zaxxer.hikari.util.DriverDataSource - Registered driver with driverClassName=oracle.jdbc.driver.OracleDriver was not found, trying direct instantiation.
2020-04-02 16:55:12 [http-nio-8081-exec-1] INFO  com.zaxxer.hikari.HikariDataSource - HikariPool-1 - Start completed.
2020-04-02 16:55:12 [http-nio-8081-exec-1] INFO  com.julong.deanInquire.controller.UserController - 登录成功
2020-04-02 16:57:22 [http-nio-8081-exec-5] INFO  com.julong.deanInquire.controller.UserController - 登录成功
2020-04-02 16:58:54 [main] INFO  com.julong.deanInquire.DeanInquiryApplication - Starting DeanInquiryApplication on Win-1811022255 with PID 8552 (D:\weixin\project\deanInquire\target\classes started by Administrator in D:\weixin\project\deanInquire)
2020-04-02 16:58:54 [main] INFO  com.julong.deanInquire.DeanInquiryApplication - No active profile set, falling back to default profiles: default
2020-04-02 16:58:55 [main] INFO  o.s.d.r.config.RepositoryConfigurationDelegate - Multiple Spring Data modules found, entering strict repository configuration mode!
2020-04-02 16:58:55 [main] INFO  o.s.d.r.config.RepositoryConfigurationDelegate - Bootstrapping Spring Data Redis repositories in DEFAULT mode.
2020-04-02 16:58:55 [main] INFO  o.s.d.r.config.RepositoryConfigurationDelegate - Finished Spring Data repository scanning in 23ms. Found 0 Redis repository interfaces.
2020-04-02 16:58:55 [main] INFO  o.s.c.s.PostProcessorRegistrationDelegate$BeanPostProcessorChecker - Bean 'org.springframework.transaction.annotation.ProxyTransactionManagementConfiguration' of type [org.springframework.transaction.annotation.ProxyTransactionManagementConfiguration] is not eligible for getting processed by all BeanPostProcessors (for example: not eligible for auto-proxying)
2020-04-02 16:58:55 [main] INFO  o.s.boot.web.embedded.tomcat.TomcatWebServer - Tomcat initialized with port(s): 8081 (http)
2020-04-02 16:58:55 [main] INFO  org.apache.coyote.http11.Http11NioProtocol - Initializing ProtocolHandler ["http-nio-8081"]
2020-04-02 16:58:55 [main] INFO  org.apache.catalina.core.StandardService - Starting service [Tomcat]
2020-04-02 16:58:55 [main] INFO  org.apache.catalina.core.StandardEngine - Starting Servlet engine: [Apache Tomcat/9.0.30]
2020-04-02 16:58:55 [main] INFO  o.a.c.core.ContainerBase.[Tomcat].[localhost].[/] - Initializing Spring embedded WebApplicationContext
2020-04-02 16:58:55 [main] INFO  org.springframework.web.context.ContextLoader - Root WebApplicationContext: initialization completed in 1495 ms
2020-04-02 16:58:56 [main] INFO  o.s.scheduling.concurrent.ThreadPoolTaskExecutor - Initializing ExecutorService 'applicationTaskExecutor'
2020-04-02 16:58:56 [main] INFO  o.s.b.a.web.servlet.WelcomePageHandlerMapping - Adding welcome page template: index
2020-04-02 16:58:57 [main] INFO  org.apache.coyote.http11.Http11NioProtocol - Starting ProtocolHandler ["http-nio-8081"]
2020-04-02 16:58:57 [main] INFO  o.s.boot.web.embedded.tomcat.TomcatWebServer - Tomcat started on port(s): 8081 (http) with context path ''
2020-04-02 16:58:57 [main] INFO  com.julong.deanInquire.DeanInquiryApplication - Started DeanInquiryApplication in 4.293 seconds (JVM running for 5.814)
2020-04-02 16:59:13 [http-nio-8081-exec-1] INFO  o.a.c.core.ContainerBase.[Tomcat].[localhost].[/] - Initializing Spring DispatcherServlet 'dispatcherServlet'
2020-04-02 16:59:13 [http-nio-8081-exec-1] INFO  org.springframework.web.servlet.DispatcherServlet - Initializing Servlet 'dispatcherServlet'
2020-04-02 16:59:13 [http-nio-8081-exec-1] INFO  org.springframework.web.servlet.DispatcherServlet - Completed initialization in 9 ms
2020-04-02 16:59:13 [http-nio-8081-exec-1] INFO  com.zaxxer.hikari.HikariDataSource - HikariPool-1 - Starting...
2020-04-02 16:59:13 [http-nio-8081-exec-1] WARN  com.zaxxer.hikari.util.DriverDataSource - Registered driver with driverClassName=oracle.jdbc.driver.OracleDriver was not found, trying direct instantiation.
2020-04-02 16:59:14 [http-nio-8081-exec-1] INFO  com.zaxxer.hikari.HikariDataSource - HikariPool-1 - Start completed.
2020-04-02 16:59:14 [http-nio-8081-exec-1] INFO  com.julong.deanInquire.controller.UserController - 登录成功
2020-04-02 17:02:20 [main] INFO  com.julong.deanInquire.DeanInquiryApplication - Starting DeanInquiryApplication on Win-1811022255 with PID 5268 (D:\weixin\project\deanInquire\target\classes started by Administrator in D:\weixin\project\deanInquire)
2020-04-02 17:02:20 [main] INFO  com.julong.deanInquire.DeanInquiryApplication - No active profile set, falling back to default profiles: default
2020-04-02 17:02:22 [main] INFO  o.s.d.r.config.RepositoryConfigurationDelegate - Multiple Spring Data modules found, entering strict repository configuration mode!
2020-04-02 17:02:22 [main] INFO  o.s.d.r.config.RepositoryConfigurationDelegate - Bootstrapping Spring Data Redis repositories in DEFAULT mode.
2020-04-02 17:02:22 [main] INFO  o.s.d.r.config.RepositoryConfigurationDelegate - Finished Spring Data repository scanning in 29ms. Found 0 Redis repository interfaces.
2020-04-02 17:02:22 [main] INFO  o.s.c.s.PostProcessorRegistrationDelegate$BeanPostProcessorChecker - Bean 'org.springframework.transaction.annotation.ProxyTransactionManagementConfiguration' of type [org.springframework.transaction.annotation.ProxyTransactionManagementConfiguration] is not eligible for getting processed by all BeanPostProcessors (for example: not eligible for auto-proxying)
2020-04-02 17:02:23 [main] INFO  o.s.boot.web.embedded.tomcat.TomcatWebServer - Tomcat initialized with port(s): 8081 (http)
2020-04-02 17:02:23 [main] INFO  org.apache.coyote.http11.Http11NioProtocol - Initializing ProtocolHandler ["http-nio-8081"]
2020-04-02 17:02:23 [main] INFO  org.apache.catalina.core.StandardService - Starting service [Tomcat]
2020-04-02 17:02:23 [main] INFO  org.apache.catalina.core.StandardEngine - Starting Servlet engine: [Apache Tomcat/9.0.30]
2020-04-02 17:02:23 [main] INFO  o.a.c.core.ContainerBase.[Tomcat].[localhost].[/] - Initializing Spring embedded WebApplicationContext
2020-04-02 17:02:23 [main] INFO  org.springframework.web.context.ContextLoader - Root WebApplicationContext: initialization completed in 2204 ms
2020-04-02 17:02:24 [main] INFO  o.s.scheduling.concurrent.ThreadPoolTaskExecutor - Initializing ExecutorService 'applicationTaskExecutor'
2020-04-02 17:02:24 [main] INFO  o.s.b.a.web.servlet.WelcomePageHandlerMapping - Adding welcome page template: index
2020-04-02 17:02:24 [main] INFO  org.apache.coyote.http11.Http11NioProtocol - Starting ProtocolHandler ["http-nio-8081"]
2020-04-02 17:02:24 [main] INFO  o.s.boot.web.embedded.tomcat.TomcatWebServer - Tomcat started on port(s): 8081 (http) with context path ''
2020-04-02 17:02:24 [main] INFO  com.julong.deanInquire.DeanInquiryApplication - Started DeanInquiryApplication in 4.583 seconds (JVM running for 5.929)
2020-04-02 17:02:42 [http-nio-8081-exec-1] INFO  o.a.c.core.ContainerBase.[Tomcat].[localhost].[/] - Initializing Spring DispatcherServlet 'dispatcherServlet'
2020-04-02 17:02:42 [http-nio-8081-exec-1] INFO  org.springframework.web.servlet.DispatcherServlet - Initializing Servlet 'dispatcherServlet'
2020-04-02 17:02:42 [http-nio-8081-exec-1] INFO  org.springframework.web.servlet.DispatcherServlet - Completed initialization in 9 ms
2020-04-02 17:02:42 [http-nio-8081-exec-1] INFO  com.zaxxer.hikari.HikariDataSource - HikariPool-1 - Starting...
2020-04-02 17:02:42 [http-nio-8081-exec-1] WARN  com.zaxxer.hikari.util.DriverDataSource - Registered driver with driverClassName=oracle.jdbc.driver.OracleDriver was not found, trying direct instantiation.
2020-04-02 17:02:42 [http-nio-8081-exec-1] INFO  com.zaxxer.hikari.HikariDataSource - HikariPool-1 - Start completed.
2020-04-02 17:02:43 [http-nio-8081-exec-1] INFO  com.julong.deanInquire.controller.UserController - 登录成功
2020-04-02 17:03:03 [http-nio-8081-exec-3] INFO  c.julong.deanInquire.interceptor.TokenInterceptor - 通过拦截器
2020-04-02 17:05:47 [main] INFO  com.julong.deanInquire.DeanInquiryApplication - Starting DeanInquiryApplication on Win-1811022255 with PID 2688 (D:\weixin\project\deanInquire\target\classes started by Administrator in D:\weixin\project\deanInquire)
2020-04-02 17:05:47 [main] INFO  com.julong.deanInquire.DeanInquiryApplication - No active profile set, falling back to default profiles: default
2020-04-02 17:05:48 [main] INFO  o.s.d.r.config.RepositoryConfigurationDelegate - Multiple Spring Data modules found, entering strict repository configuration mode!
2020-04-02 17:05:48 [main] INFO  o.s.d.r.config.RepositoryConfigurationDelegate - Bootstrapping Spring Data Redis repositories in DEFAULT mode.
2020-04-02 17:05:48 [main] INFO  o.s.d.r.config.RepositoryConfigurationDelegate - Finished Spring Data repository scanning in 28ms. Found 0 Redis repository interfaces.
2020-04-02 17:05:48 [main] INFO  o.s.c.s.PostProcessorRegistrationDelegate$BeanPostProcessorChecker - Bean 'org.springframework.transaction.annotation.ProxyTransactionManagementConfiguration' of type [org.springframework.transaction.annotation.ProxyTransactionManagementConfiguration] is not eligible for getting processed by all BeanPostProcessors (for example: not eligible for auto-proxying)
2020-04-02 17:05:49 [main] INFO  o.s.boot.web.embedded.tomcat.TomcatWebServer - Tomcat initialized with port(s): 8081 (http)
2020-04-02 17:05:49 [main] INFO  org.apache.coyote.http11.Http11NioProtocol - Initializing ProtocolHandler ["http-nio-8081"]
2020-04-02 17:05:49 [main] INFO  org.apache.catalina.core.StandardService - Starting service [Tomcat]
2020-04-02 17:05:49 [main] INFO  org.apache.catalina.core.StandardEngine - Starting Servlet engine: [Apache Tomcat/9.0.30]
2020-04-02 17:05:49 [main] INFO  o.a.c.core.ContainerBase.[Tomcat].[localhost].[/] - Initializing Spring embedded WebApplicationContext
2020-04-02 17:05:49 [main] INFO  org.springframework.web.context.ContextLoader - Root WebApplicationContext: initialization completed in 1817 ms
2020-04-02 17:05:50 [main] INFO  o.s.scheduling.concurrent.ThreadPoolTaskExecutor - Initializing ExecutorService 'applicationTaskExecutor'
2020-04-02 17:05:50 [main] INFO  o.s.b.a.web.servlet.WelcomePageHandlerMapping - Adding welcome page template: index
2020-04-02 17:05:50 [main] INFO  org.apache.coyote.http11.Http11NioProtocol - Starting ProtocolHandler ["http-nio-8081"]
2020-04-02 17:05:50 [main] INFO  o.s.boot.web.embedded.tomcat.TomcatWebServer - Tomcat started on port(s): 8081 (http) with context path ''
2020-04-02 17:05:50 [main] INFO  com.julong.deanInquire.DeanInquiryApplication - Started DeanInquiryApplication in 4.696 seconds (JVM running for 6.035)
2020-04-02 17:06:02 [http-nio-8081-exec-1] INFO  o.a.c.core.ContainerBase.[Tomcat].[localhost].[/] - Initializing Spring DispatcherServlet 'dispatcherServlet'
2020-04-02 17:06:02 [http-nio-8081-exec-1] INFO  org.springframework.web.servlet.DispatcherServlet - Initializing Servlet 'dispatcherServlet'
2020-04-02 17:06:02 [http-nio-8081-exec-1] INFO  org.springframework.web.servlet.DispatcherServlet - Completed initialization in 9 ms
2020-04-02 17:06:02 [http-nio-8081-exec-1] INFO  com.zaxxer.hikari.HikariDataSource - HikariPool-1 - Starting...
2020-04-02 17:06:02 [http-nio-8081-exec-1] WARN  com.zaxxer.hikari.util.DriverDataSource - Registered driver with driverClassName=oracle.jdbc.driver.OracleDriver was not found, trying direct instantiation.
2020-04-02 17:06:03 [http-nio-8081-exec-1] INFO  com.zaxxer.hikari.HikariDataSource - HikariPool-1 - Start completed.
2020-04-02 17:06:03 [http-nio-8081-exec-1] INFO  com.julong.deanInquire.controller.UserController - 登录成功
2020-04-02 17:08:21 [http-nio-8081-exec-3] INFO  com.julong.deanInquire.controller.UserController - 登录成功
2020-04-02 17:10:06 [http-nio-8081-exec-5] INFO  com.julong.deanInquire.controller.UserController - 登录成功
2020-04-02 21:47:13 [main] INFO  com.julong.deanInquire.DeanInquiryApplication - Starting DeanInquiryApplication on Win-1811022255 with PID 820 (D:\weixin\project\deanInquire\target\classes started by Administrator in D:\weixin\project\deanInquire)
2020-04-02 21:47:13 [main] INFO  com.julong.deanInquire.DeanInquiryApplication - No active profile set, falling back to default profiles: default
2020-04-02 21:47:14 [main] INFO  o.s.d.r.config.RepositoryConfigurationDelegate - Multiple Spring Data modules found, entering strict repository configuration mode!
2020-04-02 21:47:14 [main] INFO  o.s.d.r.config.RepositoryConfigurationDelegate - Bootstrapping Spring Data Redis repositories in DEFAULT mode.
2020-04-02 21:47:14 [main] INFO  o.s.d.r.config.RepositoryConfigurationDelegate - Finished Spring Data repository scanning in 24ms. Found 0 Redis repository interfaces.
2020-04-02 21:47:15 [main] INFO  o.s.c.s.PostProcessorRegistrationDelegate$BeanPostProcessorChecker - Bean 'org.springframework.transaction.annotation.ProxyTransactionManagementConfiguration' of type [org.springframework.transaction.annotation.ProxyTransactionManagementConfiguration] is not eligible for getting processed by all BeanPostProcessors (for example: not eligible for auto-proxying)
2020-04-02 21:47:15 [main] INFO  o.s.boot.web.embedded.tomcat.TomcatWebServer - Tomcat initialized with port(s): 8081 (http)
2020-04-02 21:47:15 [main] INFO  org.apache.coyote.http11.Http11NioProtocol - Initializing ProtocolHandler ["http-nio-8081"]
2020-04-02 21:47:15 [main] INFO  org.apache.catalina.core.StandardService - Starting service [Tomcat]
2020-04-02 21:47:15 [main] INFO  org.apache.catalina.core.StandardEngine - Starting Servlet engine: [Apache Tomcat/9.0.30]
2020-04-02 21:47:15 [main] INFO  o.a.c.core.ContainerBase.[Tomcat].[localhost].[/] - Initializing Spring embedded WebApplicationContext
2020-04-02 21:47:15 [main] INFO  org.springframework.web.context.ContextLoader - Root WebApplicationContext: initialization completed in 2011 ms
2020-04-02 21:47:17 [main] INFO  o.s.scheduling.concurrent.ThreadPoolTaskExecutor - Initializing ExecutorService 'applicationTaskExecutor'
2020-04-02 21:47:17 [main] INFO  o.s.b.a.web.servlet.WelcomePageHandlerMapping - Adding welcome page template: index
2020-04-02 21:47:17 [main] INFO  org.apache.coyote.http11.Http11NioProtocol - Starting ProtocolHandler ["http-nio-8081"]
2020-04-02 21:47:17 [main] INFO  o.s.boot.web.embedded.tomcat.TomcatWebServer - Tomcat started on port(s): 8081 (http) with context path ''
2020-04-02 21:47:17 [main] INFO  com.julong.deanInquire.DeanInquiryApplication - Started DeanInquiryApplication in 5.146 seconds (JVM running for 8.248)
2020-04-02 21:48:04 [http-nio-8081-exec-1] INFO  o.a.c.core.ContainerBase.[Tomcat].[localhost].[/] - Initializing Spring DispatcherServlet 'dispatcherServlet'
2020-04-02 21:48:04 [http-nio-8081-exec-1] INFO  org.springframework.web.servlet.DispatcherServlet - Initializing Servlet 'dispatcherServlet'
2020-04-02 21:48:04 [http-nio-8081-exec-1] INFO  org.springframework.web.servlet.DispatcherServlet - Completed initialization in 10 ms
2020-04-02 21:48:04 [http-nio-8081-exec-1] INFO  com.zaxxer.hikari.HikariDataSource - HikariPool-1 - Starting...
2020-04-02 21:48:04 [http-nio-8081-exec-1] WARN  com.zaxxer.hikari.util.DriverDataSource - Registered driver with driverClassName=oracle.jdbc.driver.OracleDriver was not found, trying direct instantiation.
2020-04-02 21:48:04 [http-nio-8081-exec-1] INFO  com.zaxxer.hikari.HikariDataSource - HikariPool-1 - Start completed.
2020-04-02 21:48:05 [http-nio-8081-exec-1] INFO  com.julong.deanInquire.controller.UserController - 登录成功
2020-04-02 21:50:29 [http-nio-8081-exec-4] INFO  com.julong.deanInquire.controller.UserController - 登录失败,密码错误
2020-04-02 21:50:34 [http-nio-8081-exec-5] INFO  com.julong.deanInquire.controller.UserController - 登录成功
2020-04-02 21:52:07 [http-nio-8081-exec-7] INFO  com.julong.deanInquire.controller.UserController - 登录失败,密码错误
2020-04-02 21:52:12 [http-nio-8081-exec-8] INFO  com.julong.deanInquire.controller.UserController - 登录成功
2020-04-02 21:53:56 [main] INFO  com.julong.deanInquire.DeanInquiryApplication - Starting DeanInquiryApplication on Win-1811022255 with PID 7880 (D:\weixin\project\deanInquire\target\classes started by Administrator in D:\weixin\project\deanInquire)
2020-04-02 21:53:56 [main] INFO  com.julong.deanInquire.DeanInquiryApplication - No active profile set, falling back to default profiles: default
2020-04-02 21:53:58 [main] INFO  o.s.d.r.config.RepositoryConfigurationDelegate - Multiple Spring Data modules found, entering strict repository configuration mode!
2020-04-02 21:53:58 [main] INFO  o.s.d.r.config.RepositoryConfigurationDelegate - Bootstrapping Spring Data Redis repositories in DEFAULT mode.
2020-04-02 21:53:58 [main] INFO  o.s.d.r.config.RepositoryConfigurationDelegate - Finished Spring Data repository scanning in 23ms. Found 0 Redis repository interfaces.
2020-04-02 21:53:58 [main] INFO  o.s.c.s.PostProcessorRegistrationDelegate$BeanPostProcessorChecker - Bean 'org.springframework.transaction.annotation.ProxyTransactionManagementConfiguration' of type [org.springframework.transaction.annotation.ProxyTransactionManagementConfiguration] is not eligible for getting processed by all BeanPostProcessors (for example: not eligible for auto-proxying)
2020-04-02 21:53:58 [main] INFO  o.s.boot.web.embedded.tomcat.TomcatWebServer - Tomcat initialized with port(s): 8081 (http)
2020-04-02 21:53:58 [main] INFO  org.apache.coyote.http11.Http11NioProtocol - Initializing ProtocolHandler ["http-nio-8081"]
2020-04-02 21:53:58 [main] INFO  org.apache.catalina.core.StandardService - Starting service [Tomcat]
2020-04-02 21:53:58 [main] INFO  org.apache.catalina.core.StandardEngine - Starting Servlet engine: [Apache Tomcat/9.0.30]
2020-04-02 21:53:58 [main] INFO  o.a.c.core.ContainerBase.[Tomcat].[localhost].[/] - Initializing Spring embedded WebApplicationContext
2020-04-02 21:53:58 [main] INFO  org.springframework.web.context.ContextLoader - Root WebApplicationContext: initialization completed in 1678 ms
2020-04-02 21:53:59 [main] INFO  o.s.scheduling.concurrent.ThreadPoolTaskExecutor - Initializing ExecutorService 'applicationTaskExecutor'
2020-04-02 21:53:59 [main] INFO  o.s.b.a.web.servlet.WelcomePageHandlerMapping - Adding welcome page template: index
2020-04-02 21:54:00 [main] INFO  org.apache.coyote.http11.Http11NioProtocol - Starting ProtocolHandler ["http-nio-8081"]
2020-04-02 21:54:00 [main] INFO  o.s.boot.web.embedded.tomcat.TomcatWebServer - Tomcat started on port(s): 8081 (http) with context path ''
2020-04-02 21:54:00 [main] INFO  com.julong.deanInquire.DeanInquiryApplication - Started DeanInquiryApplication in 4.907 seconds (JVM running for 6.569)
2020-04-02 21:54:24 [http-nio-8081-exec-1] INFO  o.a.c.core.ContainerBase.[Tomcat].[localhost].[/] - Initializing Spring DispatcherServlet 'dispatcherServlet'
2020-04-02 21:54:24 [http-nio-8081-exec-1] INFO  org.springframework.web.servlet.DispatcherServlet - Initializing Servlet 'dispatcherServlet'
2020-04-02 21:54:24 [http-nio-8081-exec-1] INFO  org.springframework.web.servlet.DispatcherServlet - Completed initialization in 12 ms
2020-04-02 21:54:24 [http-nio-8081-exec-1] INFO  com.zaxxer.hikari.HikariDataSource - HikariPool-1 - Starting...
2020-04-02 21:54:24 [http-nio-8081-exec-1] WARN  com.zaxxer.hikari.util.DriverDataSource - Registered driver with driverClassName=oracle.jdbc.driver.OracleDriver was not found, trying direct instantiation.
2020-04-02 21:54:25 [http-nio-8081-exec-1] INFO  com.zaxxer.hikari.HikariDataSource - HikariPool-1 - Start completed.
2020-04-02 21:54:25 [http-nio-8081-exec-1] INFO  com.julong.deanInquire.controller.UserController - 登录成功
2020-04-02 21:55:02 [http-nio-8081-exec-3] INFO  com.julong.deanInquire.controller.UserController - 登录成功
2020-04-02 21:58:18 [http-nio-8081-exec-5] INFO  com.julong.deanInquire.controller.UserController - 登录成功
2020-04-02 21:58:37 [http-nio-8081-exec-7] INFO  com.julong.deanInquire.controller.UserController - 登录成功
2020-04-02 22:03:31 [http-nio-8081-exec-9] INFO  com.julong.deanInquire.controller.UserController - 登录成功
2020-04-02 22:03:47 [http-nio-8081-exec-1] INFO  com.julong.deanInquire.controller.UserController - 登录成功
2020-04-02 22:07:33 [http-nio-8081-exec-3] INFO  com.julong.deanInquire.controller.UserController - 登录成功
2020-04-02 22:09:43 [http-nio-8081-exec-5] INFO  com.julong.deanInquire.controller.UserController - 登录成功
2020-04-02 22:09:58 [http-nio-8081-exec-7] INFO  com.julong.deanInquire.controller.UserController - 登录成功
2020-04-02 22:11:55 [http-nio-8081-exec-10] INFO  com.julong.deanInquire.controller.UserController - 登录成功
2020-04-02 22:14:33 [http-nio-8081-exec-2] INFO  com.julong.deanInquire.controller.UserController - 登录成功
2020-04-02 22:15:12 [http-nio-8081-exec-4] INFO  com.julong.deanInquire.controller.UserController - 登录成功
2020-04-02 22:17:21 [http-nio-8081-exec-6] INFO  com.julong.deanInquire.controller.UserController - 登录成功
2020-04-02 22:19:17 [http-nio-8081-exec-9] INFO  com.julong.deanInquire.controller.UserController - 登录成功
2020-04-02 22:19:40 [http-nio-8081-exec-1] INFO  com.julong.deanInquire.controller.UserController - 登录成功
2020-04-02 22:56:22 [http-nio-8081-exec-3] INFO  com.julong.deanInquire.controller.UserController - 登录成功
2020-04-02 22:56:37 [http-nio-8081-exec-5] INFO  com.julong.deanInquire.controller.UserController - 登录成功
2020-04-02 22:56:54 [http-nio-8081-exec-7] INFO  com.julong.deanInquire.controller.UserController - 登录成功
2020-04-02 22:57:15 [http-nio-8081-exec-9] INFO  com.julong.deanInquire.controller.UserController - 登录成功
2020-04-02 22:59:37 [http-nio-8081-exec-2] INFO  com.julong.deanInquire.controller.UserController - 登录成功
2020-04-02 22:59:54 [http-nio-8081-exec-3] INFO  com.julong.deanInquire.controller.UserController - 登录成功
2020-04-02 23:00:05 [http-nio-8081-exec-5] INFO  com.julong.deanInquire.controller.UserController - 登录成功
2020-04-02 23:00:24 [http-nio-8081-exec-7] INFO  com.julong.deanInquire.controller.UserController - 登录成功
2020-04-02 23:00:27 [http-nio-8081-exec-8] INFO  c.julong.deanInquire.interceptor.TokenInterceptor - 通过拦截器
2020-04-02 23:00:42 [http-nio-8081-exec-9] INFO  c.julong.deanInquire.interceptor.TokenInterceptor - 通过拦截器
2020-04-02 23:00:55 [http-nio-8081-exec-10] INFO  c.julong.deanInquire.interceptor.TokenInterceptor - 通过拦截器
2020-04-02 23:01:16 [http-nio-8081-exec-1] INFO  c.julong.deanInquire.interceptor.TokenInterceptor - 通过拦截器
2020-04-02 23:01:20 [http-nio-8081-exec-2] INFO  c.julong.deanInquire.interceptor.TokenInterceptor - 通过拦截器
2020-04-02 23:02:17 [http-nio-8081-exec-3] INFO  com.julong.deanInquire.controller.UserController - 登录成功
2020-04-02 23:02:28 [http-nio-8081-exec-5] INFO  com.julong.deanInquire.controller.UserController - 登录成功
